Iteration	Posterior	Likelihood	Prior	rate_log_sd	rate_loss	tree_length
0	-8199.318	-8451.16	251.8425	0.8745217	1.709141	6.247651
6	-8203.034	-8453.3	250.2663	0.8405594	1.610606	7.153905
12	-8199.159	-8449.362	250.2028	0.8434869	1.699586	7.153905
18	-8198.532	-8448.818	250.2867	0.7979761	1.642805	7.153905
24	-8206.647	-8458.491	251.8447	0.8062109	1.556608	6.340537
30	-8203.667	-8452.555	248.8875	0.668617	1.715018	7.946402
36	-8206.429	-8456.749	250.3204	0.7961852	1.542936	7.174381
42	-8201.523	-8452.908	251.385	0.9528657	1.480362	6.540315
48	-8189.623	-8440.915	251.2917	0.8582766	1.75089	6.540315
54	-8196.767	-8448.75	251.9827	0.860602	1.650116	6.200558
60	-8199.387	-8450.362	250.9743	0.9053594	1.424548	6.810639
66	-8194.927	-8446.377	251.4499	0.863069	1.603938	6.505677
72	-8200.808	-8452.808	252.0009	0.8751655	1.383689	6.288356
78	-8200.72	-8451.665	250.9456	0.7809641	1.389528	6.907791
84	-8206.768	-8457.881	251.1129	0.7901131	1.340996	6.833327
90	-8209.168	-8460.825	251.6566	0.8234682	1.628079	6.406016
96	-8204.597	-8456.394	251.7968	0.8577558	1.703009	6.283809
102	-8214.708	-8467.333	252.6252	0.9844044	1.664082	5.777324
108	-8199.282	-8450.086	250.8045	0.8474694	1.52201	6.894334
114	-8199.087	-8449.853	250.7664	0.8576438	1.590308	6.88308
120	-8200.614	-8451.683	251.0686	0.7187198	1.498009	6.830812
126	-8186.451	-8436.87	250.4196	0.7547538	1.498009	7.160845
132	-8187.351	-8439.442	252.0904	0.7960041	1.388527	6.280683
138	-8187.831	-8438.704	250.8723	0.784776	1.388527	6.945644
144	-8201.642	-8452.621	250.9798	0.8003298	1.466957	6.847071
150	-8199.465	-8450.31	250.8451	0.7978253	1.243044	7.016939
156	-8208.734	-8460.456	251.7218	0.8071715	1.243044	6.538621
162	-8210.511	-8460.125	249.6142	0.8360431	1.755505	7.454077
168	-8211.459	-8462.503	251.0437	0.7417075	1.430316	6.85915
174	-8204.119	-8454.956	250.8376	0.7417075	1.649841	6.885016
180	-8213.833	-8465.204	251.371	0.8521834	1.458251	6.61131
186	-8202.345	-8453.338	250.9933	0.8063326	1.382144	6.871528
192	-8202.526	-8453.241	250.7151	0.8092308	1.354582	7.031542
198	-8202.69	-8453.826	251.1363	0.7946513	1.594777	6.715751
204	-8199.012	-8450.338	251.326	0.8582138	1.993949	6.440381
210	-8209.254	-8460.224	250.9698	0.8197568	1.458873	6.845268
216	-8196.148	-8446.893	250.745	0.8197568	1.583718	6.917563
222	-8196.959	-8447.932	250.9728	0.8341927	1.630957	6.769141
228	-8205.382	-8456.162	250.7798	0.8654007	1.87962	6.769141
234	-8206.913	-8460.932	254.0192	0.9329973	1.755064	5.003992
240	-8222.514	-8473.555	251.0409	0.9220254	1.553677	6.714208
246	-8229.124	-8481.722	252.5979	1.000857	1.84432	5.71903
252	-8210.969	-8464.068	253.0993	0.9689531	1.662869	5.526165
258	-8214.373	-8465.756	251.3832	0.9025501	1.652717	6.502228
264	-8203.198	-8454.137	250.9382	0.9019927	1.708104	6.723068
270	-8198.974	-8449.515	250.5407	0.8542446	1.816093	6.925522
276	-8199.433	-8449.36	249.9272	0.7881161	1.559488	7.383434
282	-8203.964	-8454.525	250.5607	0.8165175	1.627965	7.001986
288	-8209.339	-8460.147	250.8074	0.86411	1.639128	6.839233
294	-8204.229	-8456.379	252.15	0.8789709	1.51413	6.151687
300	-8203.019	-8455.24	252.2208	1.030817	1.700978	5.959437
306	-8207.661	-8458.513	250.852	0.8583842	1.618381	6.826003
312	-8213.409	-8463.718	250.309	0.8779017	1.389655	7.198177
318	-8217.625	-8469.096	251.4709	0.8454863	1.442273	6.567349
324	-8203.065	-8454.404	251.3391	0.8743465	1.497326	6.600839
330	-8217.529	-8469.366	251.8365	0.8472353	1.309738	6.424728
336	-8215.179	-8466.019	250.8393	0.9051261	1.598425	6.815102
342	-8204.386	-8455.188	250.8015	0.9051261	1.68697	6.80281
348	-8208.77	-8460.149	251.379	0.8760015	1.785299	6.471397
354	-8209.034	-8461.315	252.2811	0.9589757	1.536081	6.028058
360	-8201.238	-8453.295	252.0577	0.9409557	1.568677	6.146861
366	-8205.44	-8457.829	252.389	0.9145754	1.596952	5.969823
372	-8209.873	-8461.894	252.0201	0.9421042	1.477128	6.20283
378	-8203.032	-8455.012	251.9805	0.9421042	1.531174	6.20283
384	-8200.178	-8452.733	252.5544	0.9286991	1.569373	5.882387
390	-8201.561	-8453.291	251.73	0.9087044	1.569373	6.342257
396	-8220.497	-8471.621	251.1246	0.9087044	1.604357	6.656824
402	-8208.674	-8458.906	250.2317	0.8836299	1.689385	7.120469
408	-8207.206	-8458.54	251.3338	0.8758207	1.732908	6.514422
414	-8201.663	-8452.243	250.5804	0.8758207	1.364163	7.064091
420	-8196.749	-8447.979	251.2305	0.7915242	1.432903	6.730344
426	-8202.26	-8452.381	250.1208	0.8365239	1.564725	7.251591
432	-8202.914	-8453.269	250.3546	0.7663444	1.347196	7.251591
438	-8202.341	-8452.934	250.5929	0.8638169	1.61506	6.963984
444	-8217.349	-8468.955	251.6067	0.940221	1.395807	6.461789
450	-8208.723	-8459.155	250.4316	0.8686579	1.535884	7.078316
456	-8205.083	-8456.967	251.8846	0.8752248	1.535226	6.289745
462	-8204.301	-8454.804	250.503	0.8208941	1.533295	7.066645
468	-8204.767	-8454.379	249.6121	0.8069616	1.570888	7.537873
474	-8212.976	-8462.82	249.8438	0.7677718	1.428376	7.490858
480	-8220.905	-8472.196	251.2907	0.8555006	1.769578	6.535798
486	-8206.692	-8458.449	251.7575	0.8954286	1.770694	6.260576
492	-8200.036	-8451.589	251.5533	0.8651811	1.6175	6.443396
498	-8197.337	-8448.552	251.2147	0.8133741	1.576132	6.670371
504	-8206.74	-8458.603	251.863	0.8133741	1.620727	6.302282
510	-8201.394	-8452.632	251.2386	0.8133741	1.679275	6.619011
516	-8208.635	-8460.49	251.855	0.844672	1.431454	6.364098
522	-8205.341	-8455.941	250.6009	0.807161	1.739074	6.945172
528	-8199.552	-8450.238	250.6855	0.7933053	1.633546	6.945172
534	-8196.826	-8447.908	251.082	0.8640238	1.805073	6.631831
540	-8226.598	-8478.602	252.0047	0.8483726	1.805073	6.139775
546	-8220.872	-8471.9	251.0276	0.9039894	1.532479	6.739376
552	-8207.749	-8459.438	251.6893	0.9039894	1.711373	6.314033
558	-8204.416	-8456.323	251.9068	0.9039894	1.392157	6.320233
564	-8201.611	-8453.431	251.8203	0.9056741	1.504471	6.320233
570	-8204.224	-8454.898	250.6741	0.8055436	1.431301	7.023497
576	-8200.507	-8450.373	249.8667	0.7572183	1.470726	7.467109
582	-8208.897	-8459.747	250.8503	0.8041276	1.428912	6.930317
588	-8207.298	-8458.146	250.8478	0.8041276	1.661927	6.84142
594	-8212.096	-8463.173	251.0773	0.8047544	1.500575	6.778621
600	-8218.112	-8469.604	251.4923	0.8920197	1.500575	6.507068
606	-8213.568	-8464.066	250.4977	0.8483675	1.511808	7.063103
612	-8219.713	-8471.432	251.7189	0.8966375	1.406555	6.420107
618	-8209.196	-8460.85	251.653	0.9050048	1.406555	6.451284
624	-8218.216	-8468.683	250.4674	0.797436	1.388691	7.156686
630	-8217.028	-8468.856	251.8277	0.8589618	1.606355	6.302073
636	-8222.899	-8474.125	251.2257	0.8589618	1.595522	6.632416
642	-8212.378	-8463.435	251.0569	0.8380266	1.676746	6.704812
648	-8211.235	-8462.459	251.2247	0.841666	1.436812	6.704812
654	-8207.56	-8458.667	251.107	0.8669906	1.562587	6.704812
660	-8214.782	-8465.938	251.1563	0.901806	1.447709	6.704812
666	-8204.592	-8455.601	251.0092	0.8805157	1.316089	6.851311
672	-8202.913	-8455.48	252.5669	0.921369	1.630407	5.856298
678	-8202.946	-8454.912	251.9661	0.921369	1.630407	6.183904
684	-8218.427	-8470.011	251.5844	0.8123071	1.556204	6.478548
690	-8212.62	-8463.162	250.5426	0.8684159	1.657578	6.972889
696	-8223.119	-8474.104	250.9857	0.8722663	1.596841	6.754399
702	-8225.598	-8475.958	250.3601	0.8083632	1.496167	7.164763
708	-8221.775	-8472.643	250.8681	0.864789	1.526666	6.848861
714	-8217.342	-8469.21	251.8675	0.8194048	1.597512	6.305312
720	-8205.065	-8456.691	251.6257	0.8155489	1.712422	6.396175
726	-8197.415	-8447.703	250.2878	0.8097503	1.528489	7.190218
732	-8205.032	-8456.272	251.2401	0.8342176	1.528489	6.6638
738	-8208.387	-8458.596	250.2092	0.8174505	1.605491	7.198901
744	-8207.183	-8458.057	250.8741	0.8194872	1.647179	6.824345
750	-8209.055	-8460.515	251.4597	0.9212236	1.689524	6.437179
756	-8196.104	-8449.024	252.9202	0.9755131	1.732549	5.595457
762	-8190.59	-8442.764	252.1741	0.9939466	1.72154	5.997633
768	-8195.333	-8448.143	252.8099	1.034046	1.65386	5.652719
774	-8193.002	-8445.589	252.5871	0.8658878	1.856163	5.794803
780	-8195.705	-8447.912	252.2071	0.9620322	1.934446	5.923794
786	-8199.051	-8451.19	252.1389	0.9219671	1.583214	6.107377
792	-8200.313	-8453.794	253.4809	0.9383093	1.615863	5.350688
798	-8202.606	-8455.882	253.2753	0.9571018	1.576078	5.468919
804	-8200.742	-8451.768	251.0258	0.8471901	1.583557	6.751355
810	-8202.36	-8453.793	251.4332	0.7805778	1.528602	6.588348
816	-8207.67	-8457.512	249.8418	0.8008885	1.757702	7.350127
822	-8203.892	-8455.237	251.3452	0.8008885	1.803337	6.52419
828	-8204.626	-8455.662	251.0368	0.8364316	1.564693	6.758382
834	-8208.204	-8458.877	250.6734	0.8581974	1.567623	6.941528
840	-8199.171	-8449.777	250.6057	0.8564984	1.858104	6.875082
846	-8197.372	-8447.962	250.5904	0.8711284	1.858104	6.875445
852	-8195.391	-8446.858	251.4667	0.8819419	1.521102	6.518255
858	-8200.972	-8452.645	251.6733	0.8700085	1.509768	6.417269
864	-8192.276	-8443.226	250.9499	0.8700085	1.592565	6.776558
870	-8203.62	-8454.577	250.9563	0.8700085	1.583493	6.776558
876	-8198.627	-8449.823	251.1962	0.8290348	1.850988	6.573357
882	-8207.335	-8457.889	250.5542	0.89772	1.957122	6.848135
888	-8210.625	-8462.461	251.8357	0.8966925	1.947837	6.157487
894	-8218.804	-8470.707	251.9029	0.8344074	1.512059	6.311069
900	-8216.502	-8468.478	251.9759	0.8227627	1.717476	6.20023
906	-8216.74	-8469.841	253.1015	0.9520789	1.717476	5.514152
912	-8206.573	-8458.641	252.0687	0.8877379	1.56806	6.170088
918	-8206.836	-8458.742	251.9057	0.9135534	1.464841	6.285491
924	-8198.983	-8451.555	252.5724	0.9135534	1.527748	5.897146
930	-8192.099	-8444.183	252.0841	0.9135534	1.506441	6.171802
936	-8192.322	-8445.002	252.6806	0.8838896	1.664168	5.801979
942	-8200.994	-8453.914	252.92	0.8838896	1.550849	5.714067
948	-8201.859	-8452.701	250.8424	0.7914385	1.348705	6.975101
954	-8198.451	-8449.456	251.0048	0.8044309	1.348705	6.880584
960	-8206.439	-8457.586	251.1468	0.9031641	1.348705	6.750652
966	-8210.497	-8462.042	251.545	0.907808	1.451191	6.489883
972	-8214.375	-8465.838	251.4635	0.8441958	1.65391	6.489883
978	-8202.612	-8453.611	250.9984	0.884052	1.609353	6.736453
984	-8206.499	-8457.608	251.1087	0.884052	1.45668	6.736453
990	-8202.38	-8453.858	251.4782	0.8109634	1.570628	6.531233
996	-8206.135	-8457.092	250.957	0.7515551	1.384959	6.919439
1002	-8209.317	-8460.181	250.864	0.8089358	1.43111	6.919439
1008	-8211.346	-8462.476	251.1294	0.8840075	1.43111	6.735752
1014	-8217.093	-8468.885	251.792	0.9060545	1.463537	6.351848
1020	-8216.139	-8466.207	250.0688	0.7390314	1.371982	7.409048
1026	-8215.909	-8465.614	249.7045	0.7430725	1.48914	7.554275
1032	-8223.223	-8473.023	249.8004	0.730986	1.450819	7.524667
1038	-8218.419	-8468.078	249.6593	0.8262733	1.512729	7.524667
1044	-8211.67	-8462.972	251.3014	0.8948116	1.33097	6.679347
1050	-8222.992	-8474.31	251.3181	0.8621481	1.740198	6.527709
1056	-8219.696	-8470.253	250.5571	0.8665919	1.476071	7.035453
1062	-8222.991	-8473.218	250.2266	0.8665919	1.532176	7.191085
1068	-8208.659	-8458.551	249.8924	0.8246334	1.532176	7.393028
1074	-8206.903	-8457.264	250.3611	0.7812827	1.532176	7.164676
1080	-8209.229	-8458.716	249.4868	0.7682777	1.354954	7.712198
1086	-8205.738	-8455.312	249.5739	0.7312949	1.610469	7.583986
1092	-8205.59	-8455.738	250.1477	0.7819835	1.654916	7.232729
1098	-8216.112	-8467.804	251.6927	0.8546367	1.513799	6.413479
1104	-8222.587	-8473.396	250.8085	0.7901249	1.669896	6.867274
1110	-8213.417	-8463.709	250.2917	0.7841845	1.493055	7.21575
1116	-8205.118	-8456.004	250.8861	0.9075102	1.703165	6.749977
1122	-8209.854	-8462.275	252.4209	0.9578963	1.765035	5.866989
1128	-8208.89	-8461.059	252.1693	0.9578963	1.836283	5.979644
1134	-8197.244	-8447.824	250.5801	0.8059624	1.51616	7.039824
1140	-8202.65	-8452.711	250.0609	0.8160201	1.53986	7.304282
1146	-8198.318	-8448.696	250.3781	0.8558628	1.50521	7.125999
1152	-8206.785	-8456.999	250.2139	0.9152002	1.656749	7.124911
1158	-8227.562	-8478.426	250.8643	0.8631742	1.755579	6.7671
1164	-8226.802	-8477.724	250.9214	0.825219	1.726309	6.7671
1170	-8234.182	-8485.069	250.8869	0.837974	1.605638	6.822919
1176	-8225.415	-8477.255	251.8395	0.854965	1.605638	6.298147
1182	-8232.122	-8483.762	251.6394	0.9525313	1.539478	6.379228
1188	-8226.54	-8478.081	251.541	0.959438	1.553616	6.423317
1194	-8214.931	-8466.31	251.3791	0.835069	1.696525	6.525002
1200	-8213.532	-8465.129	251.5968	0.8613716	1.608505	6.425274
1206	-8217.626	-8469.938	252.3116	0.9363186	1.496508	6.039461
1212	-8220.512	-8471.395	250.8829	0.8292085	1.935576	6.714656
1218	-8223.381	-8474.478	251.0972	0.8596648	1.655945	6.678975
1224	-8204.616	-8456.969	252.353	0.9819025	1.746602	5.89756
1230	-8205.871	-8458.224	252.353	0.9819025	1.746602	5.89756
1236	-8202.747	-8455.1	252.353	0.9819025	1.746602	5.89756
1242	-8201.797	-8454.15	252.353	0.9819025	1.746602	5.89756
1248	-8207.103	-8459.456	252.353	0.9819025	1.746602	5.89756
1254	-8204.871	-8457.224	252.353	0.9819025	1.746602	5.89756
1260	-8203.685	-8456.038	252.353	0.9819025	1.746602	5.89756
1266	-8201.899	-8454.252	252.353	0.9819025	1.746602	5.89756
1272	-8206.314	-8458.667	252.353	0.9819025	1.746602	5.89756
1278	-8211.387	-8464.967	253.5795	0.9819025	1.662104	5.254687
1284	-8215.95	-8466.979	251.0298	0.9819025	1.662104	6.647057
1290	-8215.008	-8468.395	253.3864	0.958119	1.636764	5.38389
1296	-8207.366	-8459.753	252.3865	0.9002611	1.465188	6.03099
1302	-8217.656	-8468.959	251.3023	0.9434307	1.601288	6.543064
1308	-8222.169	-8473.483	251.3142	0.8907801	1.373609	6.656256
1314	-8214.9	-8466.55	251.6495	0.8687257	1.687585	6.363419
1320	-8209.717	-8461.428	251.7108	0.8819136	1.579136	6.363419
1326	-8204.959	-8456.182	251.2224	0.8968952	1.547542	6.632044
1332	-8213.15	-8464.214	251.0644	0.8676076	1.892129	6.610005
1338	-8206.364	-8457.065	250.701	0.82264	1.562067	6.947951
1344	-8204.372	-8456.711	252.3397	0.876455	1.636922	6.002426
1350	-8195.618	-8444.896	249.2782	0.7693878	1.490029	7.767843
1356	-8207.398	-8456.901	249.5037	0.7693878	1.469112	7.655588
1362	-8214.325	-8464.889	250.5642	0.9299129	1.577966	6.957786
1368	-8208.504	-8460.286	251.7825	0.8288687	1.688229	6.312639
1374	-8211.067	-8460.793	249.7258	0.825956	1.843682	7.369505
1380	-8204.461	-8454.295	249.834	0.8215037	1.749272	7.346189
1386	-8204.223	-8455.556	251.333	0.8726686	1.613871	6.56004
1392	-8208.551	-8460.21	251.6593	0.8293466	1.609548	6.408338
1398	-8222.624	-8474.551	251.9275	0.8872026	1.609548	6.231326
1404	-8208.024	-8458.455	250.4314	0.8406733	1.533717	7.094311
1410	-8209.781	-8460.861	251.0807	0.7954997	1.602407	6.742482
1416	-8211.252	-8461.369	250.1167	0.7642067	1.655245	7.258808
1422	-8222.528	-8473.855	251.3269	0.8728293	1.450592	6.627064
1428	-8220.732	-8472.264	251.5325	0.9051913	1.47003	6.490405
1434	-8209.051	-8460.894	251.8426	0.8373871	1.655312	6.287424
1440	-8212.856	-8464.12	251.2637	0.8095818	1.505	6.673596
1446	-8200.555	-8451.483	250.928	0.8281457	1.677992	6.779325
1452	-8197.177	-8446.918	249.7415	0.8271811	1.692773	7.41278
1458	-8204.032	-8455.615	251.583	0.8352101	1.673183	6.422904
1464	-8189.922	-8441.555	251.6333	0.869738	1.551052	6.422904
1470	-8184.741	-8435.65	250.9089	0.8386734	1.503376	6.850078
1476	-8196.004	-8446.761	250.7573	0.8523014	1.638417	6.872907
1482	-8195.4	-8446.152	250.7514	0.8415909	1.638417	6.88187
1488	-8192.381	-8443.613	251.2323	0.8740768	1.375401	6.708824
1494	-8197.684	-8449.114	251.4306	0.81487	1.622599	6.535209
1500	-8194.351	-8445.201	250.85	0.7880242	1.468306	6.923164
1506	-8189.025	-8440.779	251.7544	0.8478461	1.468306	6.401891
1512	-8197.247	-8448.139	250.8926	0.7928876	1.428569	6.91372
1518	-8202.553	-8452.752	250.1982	0.7358354	1.428569	7.31787
1524	-8201.47	-8451.168	249.6986	0.7934718	1.453812	7.544515
1530	-8194.686	-8445.693	251.0069	0.8156033	1.845362	6.684862
1536	-8199.189	-8450.546	251.3577	0.8801808	1.740564	6.496376
1542	-8192.957	-8444.67	251.7123	0.8899001	1.633855	6.337592
1548	-8192.862	-8445.33	252.4674	0.8729807	1.599779	5.948651
1554	-8189.356	-8440.664	251.3083	0.8248965	1.465783	6.656888
1560	-8207.139	-8458.346	251.2072	0.8248965	1.450192	6.717873
1566	-8208.154	-8459.774	251.6198	0.7804832	1.450192	6.518705
1572	-8192.805	-8444.346	251.5417	0.8659871	1.40424	6.533698
1578	-8189.854	-8440.892	251.0374	0.859091	1.649495	6.713944
1584	-8192.948	-8444.053	251.1043	0.8803165	1.524234	6.713944
1590	-8196.505	-8447.387	250.8821	0.8584655	1.446003	6.876925
1596	-8195.095	-8447.105	252.0101	0.922652	1.453517	6.228441
1602	-8198.81	-8450.482	251.6727	0.937405	1.772077	6.283388
1608	-8203.519	-8455.295	251.7768	1.003038	1.597148	6.25495
1614	-8212.204	-8463.659	251.4546	0.8895166	1.457494	6.546132
1620	-8211.468	-8462.196	250.7286	0.7882242	1.396189	7.017982
1626	-8211.383	-8461.643	250.2603	0.7944169	1.663762	7.162301
1632	-8204.348	-8454.976	250.6276	0.842792	1.561022	6.977027
1638	-8196.614	-8447.546	250.9316	0.8378354	1.558096	6.816993
1644	-8197.888	-8447.771	249.8838	0.8194606	1.651497	7.355511
1650	-8207.561	-8456.368	248.8076	0.8154706	1.635996	7.939114
1656	-8202.255	-8451.445	249.1896	0.7661407	1.574168	7.784443
1662	-8199.173	-8449.814	250.6414	0.8605028	1.269665	7.080809
1668	-8205.97	-8456.606	250.6363	0.8597827	1.727171	6.901946
1674	-8202.78	-8453.077	250.2967	0.8032366	1.364025	7.255673
1680	-8210.754	-8462.229	251.4745	0.8099688	1.673676	6.495235
1686	-8209.63	-8460.079	250.449	0.9016252	1.611439	7.022475
1692	-8198.804	-8448.598	249.7939	0.779263	1.357432	7.54096
1698	-8201.456	-8452.896	251.4402	0.8014276	1.282512	6.676175
1704	-8208.257	-8459.395	251.1375	0.8049582	1.42736	6.775598
1710	-8205.239	-8456.203	250.9642	0.7676956	1.381191	6.908447
1716	-8209.316	-8459.523	250.207	0.8587384	1.604828	7.178164
1722	-8212.857	-8463.362	250.5049	0.8551746	1.564915	7.034946
1728	-8214.95	-8466.199	251.2488	0.767651	1.363644	6.762389
1734	-8193.578	-8445.616	252.0385	0.8369055	1.363644	6.297283
1740	-8197.722	-8448.469	250.7469	0.7806937	1.471675	6.981277
1746	-8198.005	-8450.257	252.2514	0.8809063	1.419215	6.134083
1752	-8212.33	-8463.312	250.9823	0.9157163	1.713359	6.689974
1758	-8213.459	-8463.394	249.9348	0.8131965	1.701989	7.313277
1764	-8219.624	-8470.642	251.0187	0.7717182	1.665773	6.765249
1770	-8205.478	-8457.046	251.5677	0.8656589	1.650937	6.422879
1776	-8207.385	-8458.247	250.8627	0.8976948	1.677098	6.777341
1782	-8207.453	-8458.122	250.6687	0.8976948	1.677098	6.882012
1788	-8209.659	-8461.756	252.0967	0.8888893	1.628431	6.131242
1794	-8217.732	-8468.999	251.2669	0.8972808	1.753565	6.531724
1800	-8208.859	-8460.623	251.7646	0.8936945	1.600164	6.319857
1806	-8213.801	-8464.411	250.6104	0.8453598	1.494109	7.011007
1812	-8226.102	-8479.089	252.9865	0.9867468	1.584192	5.608252
1818	-8206.977	-8458.503	251.526	0.8598308	1.743749	6.41508
1824	-8194.59	-8445.785	251.1949	0.8250373	1.593718	6.668063
1830	-8206.183	-8457.245	251.0625	0.852819	1.807145	6.647712
1836	-8212.227	-8462.662	250.4345	0.8507623	1.827381	6.980796
1842	-8205.643	-8456.061	250.4182	0.8928717	1.905578	6.940793
1848	-8200.574	-8451.151	250.577	0.8743391	1.686059	6.940793
1854	-8204.292	-8454.407	250.1144	0.803982	1.53192	7.285095
1860	-8211.452	-8462.102	250.6501	0.8421742	1.694917	6.915547
1866	-8205.733	-8456.877	251.1442	0.8966357	1.694917	6.619367
1872	-8201.856	-8451.898	250.0422	0.8375544	1.581581	7.28679
1878	-8206.508	-8457.349	250.8418	0.9184755	1.448759	6.865177
1884	-8207.998	-8459.766	251.768	0.9776677	1.906381	6.163904
1890	-8204.98	-8457.101	252.1212	0.8758796	1.534322	6.161082
1896	-8192.862	-8444.668	251.8054	0.8987246	1.665523	6.270517
1902	-8193.113	-8444.857	251.744	0.924964	1.731818	6.265614
1908	-8194.256	-8446.445	252.189	0.8493078	1.5934	6.115759
1914	-8199.188	-8449.347	250.1592	0.8735498	1.673756	7.170517
1920	-8203.493	-8455.169	251.6761	0.8785334	1.673756	6.348667
1926	-8200.18	-8451.14	250.9602	0.915946	1.723929	6.697971
1932	-8193.577	-8444.445	250.8677	0.8566984	1.810642	6.74966
1938	-8197.337	-8449.822	252.4847	0.939496	1.833102	5.818461
1944	-8188.989	-8441.454	252.465	0.9263247	1.538671	5.944492
1950	-8205.823	-8457.29	251.4667	0.9613786	1.675361	6.416773
1956	-8204.517	-8457.084	252.5672	0.9613786	1.808199	5.769973
1962	-8200.288	-8451.669	251.3807	0.9320936	1.778957	6.442301
1968	-8207.594	-8460.223	252.6296	0.9792709	1.724374	5.755666
1974	-8202.35	-8454.386	252.0363	0.9158849	1.997696	6.021684
1980	-8203.17	-8455.668	252.4977	0.9769882	1.557448	5.891635
1986	-8193.298	-8445.351	252.0535	0.9291344	1.534906	6.168705
1992	-8198.931	-8451.04	252.1088	0.9082488	1.487839	6.168705
1998	-8201.655	-8453.61	251.9549	0.9082488	1.601433	6.208049
2004	-8211.347	-8461.983	250.6367	0.8684975	1.601433	6.942983
2010	-8214.512	-8465.193	250.6812	0.9162265	1.575645	6.903025
2016	-8225.594	-8476.569	250.9749	0.8555137	1.521103	6.798441
2022	-8204.137	-8453.946	249.8087	0.8585108	1.735771	7.344664
2028	-8208.976	-8459.32	250.3434	0.8585108	1.527988	7.134286
2034	-8207.061	-8457.393	250.3325	0.7706848	1.669241	7.134286
2040	-8206.819	-8457.888	251.0687	0.8538137	1.767047	6.657702
2046	-8197.995	-8449.04	251.0448	0.818624	1.654795	6.729861
2052	-8205.754	-8457.563	251.8088	0.8832558	1.582436	6.308241
2058	-8212.072	-8464.297	252.2248	0.9033118	1.463565	6.11807
2064	-8205.172	-8456.563	251.3902	0.8164742	1.577735	6.573165
2070	-8206.812	-8457.622	250.8104	0.840029	1.491324	6.907258
2076	-8208.447	-8459.306	250.8589	0.8334813	1.435224	6.907258
2082	-8209.372	-8459.992	250.6205	0.8334813	1.604989	6.969217
2088	-8206.818	-8458.289	251.4713	0.8689762	1.573717	6.502388
2094	-8196.224	-8447.627	251.4035	0.861097	1.768134	6.472206
2100	-8208.843	-8459.707	250.8648	0.8496218	1.599122	6.831032
2106	-8215.867	-8466.544	250.677	0.8211701	1.397018	7.027687
2112	-8208.254	-8459.761	251.5071	0.8585878	1.674051	6.451084
2118	-8209.494	-8461.368	251.8735	0.8655954	1.480121	6.322853
2124	-8211.611	-8462.408	250.7973	0.9231022	1.80709	6.753075
2130	-8204.775	-8457.316	252.5407	1.007067	1.563337	5.849399
2136	-8211.193	-8463.918	252.725	0.9101633	1.545474	5.808569
2142	-8198.756	-8451.132	252.3752	0.9416025	1.524692	5.990675
2148	-8209.213	-8461.302	252.0884	0.9326578	1.61308	6.117685
2154	-8214.946	-8466.001	251.0547	0.8280251	1.3208	6.853036
2160	-8203.099	-8455.164	252.0652	0.8498288	1.771665	6.117685
2166	-8206.671	-8458.457	251.7869	0.852691	1.753568	6.273879
2172	-8208.283	-8459.193	250.91	0.8063243	1.644995	6.812898
2178	-8204.385	-8454.983	250.598	0.8319527	1.661151	6.961371
2184	-8202.369	-8453.412	251.043	0.8144561	1.94126	6.634202
2190	-8213.729	-8465.548	251.8194	0.8619827	1.60933	6.303836
2196	-8206.415	-8458.043	251.6286	0.7625504	1.679288	6.435368
2202	-8203.051	-8454.127	251.0752	0.8450535	1.684792	6.688201
2208	-8204.732	-8455.938	251.2067	0.8145783	1.53938	6.688201
2214	-8222.004	-8472.943	250.9387	0.8564843	1.239379	6.936653
2220	-8207.064	-8456.216	249.1525	0.7619137	1.664968	7.772992
2226	-8214.216	-8465.553	251.337	0.7619137	1.581931	6.629845
2232	-8222.791	-8473.765	250.9744	0.744374	1.585171	6.833978
2238	-8202.526	-8452.791	250.2654	0.8092405	1.456825	7.230896
2244	-8197.587	-8448.743	251.1562	0.8357287	1.538015	6.704587
2250	-8211.275	-8461.216	249.9416	0.8357287	1.71256	7.293751
2256	-8211.88	-8462.943	251.0634	0.86506	1.645655	6.698093
2262	-8215.079	-8466.439	251.3605	0.8227753	1.645655	6.560323
2268	-8212.505	-8464.453	251.9478	0.9371054	1.673237	6.169428
2274	-8207.287	-8460	252.713	0.94917	1.591977	5.77573
2280	-8204.986	-8456.651	251.6647	0.925496	1.51227	6.390832
2286	-8213.988	-8466.916	252.9276	0.9296239	1.410465	5.741962
2292	-8213.424	-8465.25	251.8259	0.9195438	1.374099	6.363324
2298	-8209.816	-8462.087	252.2709	0.906834	1.490396	6.080161
2304	-8198.889	-8450.473	251.584	0.8275228	1.526878	6.481942
2310	-8206.284	-8457.89	251.6058	0.9156547	1.749016	6.339606
2316	-8205.507	-8457.15	251.6432	0.8861891	1.736948	6.339606
2322	-8201.643	-8453.757	252.1143	0.9346916	1.740331	6.055775
2328	-8196.921	-8450.073	253.1518	0.9892508	1.690609	5.475867
2334	-8195.217	-8446.773	251.5565	0.8527643	1.672973	6.42784
2340	-8188.36	-8438.889	250.529	0.8527643	1.677757	6.981246
2346	-8186.469	-8437.073	250.6037	0.8525014	1.570011	6.981246
2352	-8189.914	-8441.094	251.1799	0.8171279	1.746044	6.62481
2358	-8188.621	-8440.477	251.8559	0.867215	1.593973	6.287001
2364	-8225.206	-8475.728	250.5225	0.8816916	1.945583	6.877551
2370	-8199.335	-8451.302	251.9676	0.908075	1.499911	6.240744
2376	-8195.823	-8447.571	251.7479	0.8104115	1.68515	6.342544
2382	-8201.503	-8451.519	250.0158	0.7847914	1.452135	7.379857
2388	-8200.603	-8451.789	251.1865	0.8165969	1.316701	6.789875
2394	-8198.955	-8450.242	251.2871	0.7926053	1.60754	6.630569
2400	-8205.645	-8457.018	251.3723	0.8503251	1.381344	6.643446
2406	-8216.887	-8469.003	252.1157	0.8386129	1.570299	6.170378
2412	-8221.477	-8471.852	250.3751	0.8498958	1.494569	7.135019
2418	-8219.178	-8471.056	251.8787	0.9217621	1.570079	6.254102
2424	-8212.197	-8463.315	251.1185	0.8824483	1.775715	6.612265
2430	-8209.519	-8460.184	250.6648	0.7937306	1.679806	6.939179
2436	-8204.769	-8455.244	250.4754	0.7971688	1.578546	7.076844
2442	-8202.357	-8452.97	250.6133	0.7971688	1.610566	6.990563
2448	-8203.131	-8453.905	250.7734	0.7880897	1.404244	6.990563
2454	-8196.162	-8446.491	250.3287	0.7762688	1.52703	7.186773
2460	-8195.987	-8446.178	250.1909	0.9165257	1.523626	7.186773
2466	-8202.91	-8453.441	250.5307	0.8060547	1.570034	7.045531
2472	-8190.734	-8441.392	250.6582	0.8151173	1.526824	6.988716
2478	-8204.537	-8455.672	251.1344	0.8271528	1.421435	6.767767
2484	-8202.15	-8452.447	250.2972	0.8469165	1.457778	7.193182
2490	-8194.834	-8445.803	250.969	0.8012814	1.732659	6.752085
2496	-8202.654	-8453.301	250.6475	0.8035519	1.423025	7.042258
2502	-8198.168	-8449.448	251.2795	0.8787572	1.541291	6.613403
2508	-8197.387	-8449.14	251.7537	0.8761589	1.665341	6.310967
2514	-8199.953	-8450.541	250.5881	0.8077494	1.438157	7.065777
2520	-8210.748	-8461.696	250.9486	0.8471523	1.48824	6.830108
2526	-8213.553	-8464.556	251.0034	0.8750788	1.610885	6.738073
2532	-8211.172	-8462.425	251.2526	0.8491724	1.799113	6.549605
2538	-8207.879	-8459.251	251.3717	0.8836255	1.550572	6.557283
2544	-8210.081	-8460.488	250.4066	0.8667681	1.812947	6.992122
2550	-8219.063	-8471.806	252.7435	0.8647442	1.681866	5.771479
2556	-8219.56	-8471.575	252.0156	0.9044839	1.727912	6.130464
2562	-8223.872	-8474.566	250.694	0.8357269	1.524105	6.959392
2568	-8221.325	-8472.75	251.425	0.9385748	1.529645	6.506809
2574	-8228.521	-8480.767	252.2457	0.973439	1.449372	6.074279
2580	-8215.844	-8467.151	251.3066	0.9441275	1.778493	6.476094
2586	-8204.747	-8457.196	252.4488	0.9322964	1.675237	5.898149
2592	-8220.915	-8473.056	252.1413	0.8926918	1.516991	6.147812
2598	-8219.08	-8469.591	250.5117	0.8436573	1.611222	7.019965
2604	-8221.204	-8471.711	250.5073	0.7930472	1.540054	7.076644
2610	-8219.306	-8470.052	250.7462	0.8933572	1.610248	6.867198
2616	-8210.097	-8462.179	252.0818	0.8872412	1.550983	6.169838
2622	-8213.821	-8464.605	250.7839	0.846042	1.686649	6.844298
2628	-8211.848	-8463.124	251.2758	0.846042	1.565801	6.623646
2634	-8223.19	-8473.029	249.8394	0.8043069	1.450419	7.46468
2640	-8228.828	-8479.516	250.6876	0.8634343	1.408795	6.994326
2646	-8227.308	-8476.14	248.832	0.7534884	1.463119	8.025205
2652	-8204.409	-8453.126	248.7173	0.7959495	1.562151	8.025205
2658	-8207.26	-8457.845	250.5847	0.8447908	1.766435	6.924069
2664	-8196.051	-8447.376	251.3244	0.8447908	1.751121	6.529851
2670	-8219.639	-8472.219	252.5796	0.8908209	1.605915	5.87529
2676	-8216.664	-8470.324	253.6599	0.9817775	1.674398	5.205712
2682	-8212.121	-8464.948	252.8272	0.9813101	1.649963	5.673608
2688	-8214.964	-8468.395	253.4314	0.9813101	1.719182	5.315723
2694	-8211.148	-8461.886	250.7382	0.8107739	1.336668	7.025973
2700	-8196.068	-8446.83	250.7615	0.7960984	1.548245	6.934971
2706	-8196.241	-8448.248	252.0076	0.8887745	1.44945	6.249889
2712	-8196.857	-8448.481	251.6239	0.8907336	1.49589	6.438295
2718	-8217.249	-8469.831	252.5827	0.9062052	1.652004	5.84782
2724	-8215.159	-8467.571	252.4119	0.9157322	1.691002	5.92158
2730	-8209.643	-8461.945	252.3019	0.9388275	1.66118	5.979969
2736	-8197.098	-8448.651	251.5525	0.9383149	1.652781	6.39104
2742	-8204.029	-8456.219	252.1904	0.9383149	1.715565	6.021228
2748	-8199.857	-8453.178	253.321	0.9083131	1.434128	5.527865
2754	-8201.96	-8455.313	253.3526	0.9843015	1.871528	5.303852
2760	-8186.897	-8438.988	252.0909	0.8916668	1.765666	6.082979
2766	-8187.59	-8440.43	252.8399	0.9044111	1.583009	5.734224
2772	-8187.182	-8437.449	250.2663	0.8471557	1.563012	7.168336
2778	-8196.157	-8448.386	252.2284	0.896729	1.347614	6.168402
2784	-8190.25	-8443.528	253.2771	1.032021	1.600395	5.417293
2790	-8184.987	-8437.541	252.5538	1.037427	1.669119	5.785508
2796	-8188.42	-8440.472	252.0524	0.9149038	1.727246	6.104965
2802	-8198.331	-8450.351	252.0198	0.9475498	1.727246	6.104965
2808	-8199.585	-8450.932	251.3473	0.9246939	1.411861	6.60396
2814	-8195.706	-8446.685	250.979	0.9003838	1.626221	6.731829
2820	-8205.273	-8457.928	252.6553	0.9424337	1.655679	5.78692
2826	-8206.93	-8459.065	252.1352	0.8936859	1.639648	6.10349
2832	-8205.759	-8457.026	251.2669	0.8901073	1.588046	6.596101
2838	-8211.477	-8463.022	251.5454	0.9319036	1.711186	6.37708
2844	-8204.667	-8455.088	250.4207	0.8664336	1.599091	7.061271
2850	-8203.578	-8454.77	251.1922	0.847658	1.567997	6.667139
2856	-8207.384	-8459.16	251.7757	0.8932775	1.528789	6.341562
2862	-8205.284	-8457.433	252.1488	0.8662287	1.451557	6.184522
2868	-8206.451	-8458.631	252.1796	0.9017428	1.479875	6.136903
2874	-8201.148	-8454.003	252.8546	0.9014447	1.572819	5.73175
2880	-8199.901	-8451.415	251.5144	0.833686	1.61838	6.481221
2886	-8203.322	-8454.562	251.24	0.8426177	1.61838	6.624898
2892	-8207.319	-8458.736	251.4172	0.7780032	1.457426	6.626776
2898	-8200.607	-8451.271	250.664	0.8715484	1.462859	6.980538
2904	-8193.833	-8445.417	251.5837	0.9257888	1.670945	6.374232
2910	-8183.75	-8434.689	250.9393	0.830765	1.538817	6.824079
2916	-8195.591	-8447.689	252.0981	0.8728314	1.575897	6.159149
2922	-8192.17	-8443.092	250.9217	0.8932774	1.725615	6.730448
2928	-8196.207	-8448.475	252.268	0.8943128	1.547616	6.065931
2934	-8195.121	-8447.702	252.5813	0.8943128	1.547616	5.894968
2940	-8192.71	-8442.336	249.6263	0.7714449	1.391287	7.620613
2946	-8190.722	-8440.271	249.5493	0.6982695	1.469839	7.668952
2952	-8192.407	-8443.639	251.2314	0.6922174	1.526457	6.746008
2958	-8193.201	-8443.165	249.9643	0.7411485	1.47024	7.423591
2964	-8193.941	-8444.725	250.7841	0.7784417	1.366428	7.005929
2970	-8189.502	-8440.73	251.2283	0.8300272	1.33818	6.750716
2976	-8194.356	-8445.73	251.3743	0.8312968	1.406401	6.642127
2982	-8207.589	-8459.399	251.8091	0.8312968	1.670779	6.303214
2988	-8212.037	-8464.564	252.5271	0.9432417	1.52948	5.905006
2994	-8206.84	-8457.683	250.8429	0.8996059	1.635922	6.80213
3000	-8205.587	-8455.709	250.1222	0.9240684	2.023765	7.045545
3006	-8204.327	-8456.538	252.2117	0.9020569	1.678065	6.043006
3012	-8208.363	-8460.52	252.1565	0.9071959	1.73263	6.050541
3018	-8211.193	-8462.957	251.7636	0.8557936	1.368159	6.434239
3024	-8210.912	-8460.71	249.7982	0.8092953	1.578123	7.434186
3030	-8203.425	-8453.413	249.9881	0.8067027	1.38637	7.410018
3036	-8195.405	-8445.43	250.0247	0.7583535	1.401496	7.410018
3042	-8195.12	-8445.446	250.3263	0.7601612	1.558157	7.184724
3048	-8197.305	-8448.743	251.4379	0.8330082	1.50626	6.566188
3054	-8199.176	-8450.222	251.0455	0.8330082	1.569992	6.753511
3060	-8197.678	-8448.757	251.0787	0.8154805	1.679732	6.704149
3066	-8198.942	-8450.632	251.6908	0.8925208	1.734722	6.31109
3072	-8209.638	-8462.396	252.7585	0.9066086	1.607071	5.76839
3078	-8213.189	-8465.616	252.4266	0.9465394	1.732939	5.881559
3084	-8204.506	-8456.71	252.2038	0.9649337	2.066972	5.881559
3090	-8211.635	-8464.465	252.8301	0.9649337	1.921063	5.58548
3096	-8208.793	-8461.245	252.4518	0.9455869	1.637552	5.903258
3102	-8207.183	-8459.068	251.885	0.9176897	1.461131	6.296047
3108	-8212.694	-8464.485	251.7907	0.8713343	1.65832	6.296047
3114	-8210.6	-8463.001	252.4012	0.8381771	1.63646	5.989929
3120	-8198.48	-8450.165	251.685	0.8225226	1.61638	6.395513
3126	-8205.134	-8457.691	252.5566	0.9352459	1.843596	5.777838
3132	-8205.523	-8457.52	251.9976	0.9402591	1.775767	6.103829
3138	-8213.737	-8464.75	251.0134	0.9402591	2.08563	6.536584
3144	-8197.244	-8448.489	251.245	0.8436389	1.658168	6.606893
3150	-8209.75	-8461.251	251.5014	0.8833967	1.627455	6.45791
3156	-8211.603	-8463.095	251.4912	0.8532086	1.686953	6.45791
3162	-8212.732	-8463.953	251.2202	0.8861545	1.726418	6.572648
3168	-8211.959	-8463.223	251.2641	0.8903502	1.843758	6.505815
3174	-8209.522	-8460.685	251.1627	0.8513706	1.668044	6.643597
3180	-8214.757	-8466.32	251.5623	0.9000804	1.613612	6.421044
3186	-8208.843	-8459.135	250.2926	0.9000804	1.606677	7.109228
3192	-8209.131	-8458.91	249.7792	0.8347867	1.807176	7.348461
3198	-8202.841	-8454.809	251.9683	0.8822955	1.51964	6.246527
3204	-8203.652	-8455.255	251.6031	0.884434	1.606255	6.410211
3210	-8194.733	-8445.955	251.2215	0.8633681	1.628947	6.619742
3216	-8199.169	-8450.636	251.4666	0.9285262	1.693833	6.427898
3222	-8194.463	-8446.728	252.2651	0.8996093	1.693833	6.009459
3228	-8192.55	-8444.138	251.588	0.8615611	1.55433	6.450651
3234	-8191.741	-8442.167	250.4255	0.8002375	1.684613	7.062769
3240	-8203.804	-8454.783	250.9793	0.8505584	1.598909	6.76883
3246	-8199.985	-8451.353	251.3676	0.8392646	1.698296	6.528326
3252	-8199.48	-8450.408	250.9288	0.8666076	1.696196	6.751539
3258	-8192.825	-8444.373	251.5478	0.8666076	1.636274	6.43861
3264	-8190.492	-8441.332	250.8395	0.8618848	1.636274	6.824188
3270	-8191.841	-8442.329	250.4882	0.8618848	1.44888	7.086041
3276	-8202.087	-8451.043	248.9561	0.800228	1.819548	7.803421
3282	-8197.179	-8448.243	251.064	0.8938491	1.658242	6.677605
3288	-8195.23	-8446.478	251.2474	0.8378837	1.478636	6.677605
3294	-8214.069	-8467.852	253.7829	1.004176	1.624833	5.143941
3300	-8213.387	-8464.52	251.1331	0.9262359	1.543157	6.6662
3306	-8222.596	-8473.332	250.7355	0.766485	1.415802	7.017839
3312	-8208.688	-8459.292	250.6039	0.763322	1.606184	7.015464
3318	-8196.885	-8448.607	251.7211	0.854982	1.555173	6.381672
3324	-8205.598	-8457.466	251.868	0.854982	1.620884	6.27691
3330	-8204.27	-8456.616	252.3465	0.9075644	1.500708	6.034459
3336	-8197.475	-8449.75	252.2745	0.9440002	1.576327	6.024156
3342	-8208.787	-8461.641	252.8542	1.049166	1.726275	5.593488
3348	-8197.659	-8448.443	250.7845	0.8793633	1.483523	6.903151
3354	-8188.957	-8439.431	250.4745	0.8551393	1.687089	7.005955
3360	-8189.038	-8439.447	250.4091	0.9149741	1.658175	7.019471
3366	-8186.233	-8436.356	250.123	0.8404272	1.70205	7.197571
3372	-8193.396	-8443.815	250.419	0.8404272	1.77508	7.012618
3378	-8192.107	-8442.565	250.4578	0.8449534	1.465796	7.104664
3384	-8203.744	-8453.71	249.9663	0.8068019	1.693108	7.302963
3390	-8200.399	-8450.399	249.9999	0.8353968	1.584085	7.309733
3396	-8192.861	-8443.813	250.952	0.7839797	1.657472	6.797709
3402	-8186.685	-8438.161	251.4759	0.8569763	1.426732	6.564835
3408	-8190.023	-8441.822	251.7992	0.8569763	1.417233	6.393628
3414	-8197.669	-8447.663	249.9945	0.8193067	1.378713	7.40301
3420	-8196.444	-8446.534	250.0904	0.7816788	1.49059	7.32616
3426	-8199.446	-8449.167	249.7207	0.7785777	1.502362	7.521348
3432	-8201.952	-8452.115	250.163	0.8071446	1.584535	7.237169
3438	-8206.499	-8456.333	249.8342	0.8366695	1.569504	7.40345
3444	-8204.873	-8455.215	250.3412	0.8669782	1.385456	7.188497
3450	-8198.657	-8449.677	251.0197	0.8669782	1.433529	6.803181
3456	-8216.08	-8466.6	250.5207	0.8342413	1.526915	7.052402
3462	-8221.266	-8474.013	252.7472	0.9739233	1.614447	5.734915
3468	-8207.047	-8458.329	251.2816	0.9324574	1.505716	6.597168
3474	-8196.999	-8448.593	251.5936	0.902051	1.596785	6.409357
3480	-8207.163	-8459.658	252.4943	0.8531349	1.672347	5.917586
3486	-8191.005	-8442.194	251.1889	0.9217269	1.625438	6.607145
3492	-8189.772	-8441.321	251.5488	0.9361292	1.757536	6.356428
3498	-8191.996	-8444.399	252.403	0.9486287	1.833578	5.857999
3504	-8194.771	-8447.128	252.3566	0.8834146	1.762414	5.943778
3510	-8195.577	-8447.366	251.7895	0.9199186	1.573224	6.302332
3516	-8193.151	-8444.327	251.1763	0.9142695	1.643062	6.611421
3522	-8213.272	-8465.829	252.5572	0.9482708	1.645493	5.841197
3528	-8213.042	-8462.634	249.5929	0.8377351	1.646289	7.503589
3534	-8213.983	-8464.436	250.4536	0.7993415	1.55501	7.096423
3540	-8213.481	-8463.334	249.8528	0.8052577	1.54215	7.420814
3546	-8206.478	-8456.239	249.7616	0.8334812	1.593911	7.434867
3552	-8200.224	-8451.445	251.2208	0.840454	1.414192	6.716911
3558	-8201.26	-8450.916	249.6567	0.8227883	1.706142	7.455785
3564	-8198.573	-8448.501	249.9281	0.7773791	1.605371	7.3714
3570	-8207.464	-8456.287	248.8233	0.7363515	1.394667	8.066799
3576	-8204.036	-8454.382	250.3468	0.7899352	1.560235	7.156897
3582	-8194.486	-8444.372	249.8858	0.7682628	1.833174	7.318183
3588	-8195.288	-8446.308	251.0192	0.8154206	1.429615	6.83286
3594	-8208.87	-8459.431	250.5606	0.8368263	1.429615	7.068405
3600	-8210.994	-8460.749	249.7554	0.7856775	1.579115	7.469392
3606	-8199.715	-8450.026	250.311	0.8164024	1.644793	7.130198
3612	-8207.046	-8457.141	250.0948	0.8811774	1.475015	7.276564
3618	-8199.346	-8451.133	251.7861	0.8682478	1.642002	6.306252
3624	-8198.633	-8450.783	252.1502	0.8920223	1.485555	6.155917
3630	-8201.398	-8454.138	252.7402	0.9074097	1.624445	5.771331
3636	-8206.544	-8458.038	251.4937	0.8481383	1.615443	6.485711
3642	-8200.494	-8451.776	251.2818	0.7700381	1.67721	6.619845
3648	-8201.573	-8453.202	251.6292	0.8187065	1.773606	6.370894
3654	-8203.239	-8454.146	250.9073	0.7981127	1.65786	6.814045
3660	-8200.367	-8451.201	250.8334	0.8404473	1.704829	6.814045
3666	-8203.023	-8454.267	251.2442	0.8704294	1.674639	6.586794
3672	-8205.84	-8457.431	251.5908	0.9207319	1.681773	6.369154
3678	-8209.817	-8461.494	251.6772	0.8905833	1.532036	6.395227
3684	-8202.52	-8452.633	250.1124	0.8514777	1.718001	7.191654
3690	-8203.021	-8454.024	251.0028	0.8514777	1.516914	6.787179
3696	-8204.953	-8456.023	251.0706	0.8563268	1.419692	6.787179
3702	-8197.725	-8448.708	250.9824	0.8059935	1.609551	6.787179
3708	-8192.428	-8443.708	251.28	0.8059935	1.484296	6.674949
3714	-8208.416	-8458.881	250.4649	0.7790016	1.395027	7.165272
3720	-8202.594	-8454.25	251.6559	0.7790016	1.577633	6.449617
3726	-8194.645	-8445.265	250.6206	0.7834776	1.454336	7.054752
3732	-8196.128	-8447.644	251.5154	0.7964216	1.46892	6.558998
3738	-8195.239	-8446.807	251.5682	0.7969917	1.398738	6.558998
3744	-8203.53	-8453.76	250.2299	0.8369582	1.536362	7.203645
3750	-8215.973	-8468.203	252.2298	0.9344729	1.80756	5.969292
3756	-8207.969	-8460.645	252.676	1.043592	1.683567	5.70991
3762	-8205.097	-8457.156	252.059	0.8639125	1.554459	6.193558
3768	-8201.788	-8453.788	251.9992	0.92379	1.554459	6.193558
3774	-8204.772	-8456.535	251.7626	0.8876339	1.553768	6.341993
3780	-8207.912	-8460.201	252.2898	0.9316463	1.446179	6.07436
3786	-8206.383	-8457.373	250.99	0.8990193	1.631501	6.724639
3792	-8201.633	-8453.58	251.9468	0.8856144	1.644176	6.208693
3798	-8214.985	-8465.506	250.5213	0.8111116	1.685649	7.004967
3804	-8208.095	-8458.352	250.257	0.8315821	1.68859	7.135125
3810	-8213.939	-8464.553	250.6141	0.7903962	1.573473	7.007767
3816	-8215.043	-8462.964	247.9205	0.8584497	1.716864	8.35974
3822	-8200.495	-8452	251.5052	0.9298644	1.57457	6.450676
3828	-8196.107	-8446.518	250.4106	0.8914657	1.794722	6.982913
3834	-8203.427	-8455.048	251.6203	0.8431554	1.846411	6.337383
3840	-8198.343	-8449.166	250.8228	0.7910817	1.634174	6.872166
3846	-8196.312	-8446.579	250.267	0.834282	1.689155	7.128078
3852	-8197.326	-8448.114	250.7872	0.8760233	1.547081	6.878496
3858	-8197.63	-8448.06	250.43	0.8435469	1.547081	7.088356
3864	-8192.789	-8443.004	250.2153	0.8676601	1.723356	7.125732
3870	-8205.641	-8456.162	250.5212	0.8227446	1.702794	6.992636
3876	-8214.864	-8464.991	250.127	0.8337825	1.44894	7.295196
3882	-8195.38	-8447.528	252.1477	0.9439499	1.562362	6.098668
3888	-8201.956	-8454.126	252.1704	0.9428682	1.593575	6.074907
3894	-8202.653	-8453.976	251.3236	0.9181129	1.338668	6.651414
3900	-8196.761	-8450.107	253.3458	0.9974234	1.601338	5.398148
3906	-8191.219	-8442.355	251.1362	0.8997665	1.565466	6.670221
3912	-8194.723	-8445.78	251.0569	0.8891288	1.544227	6.727001
3918	-8197.432	-8447.952	250.5207	0.8005585	1.484099	7.087385
3924	-8205.699	-8456.57	250.8715	0.7647116	1.61532	6.867127
3930	-8205.167	-8455.542	250.3753	0.7289757	1.515784	7.191563
3936	-8197.738	-8448.079	250.3402	0.8185407	1.466673	7.18171
3942	-8202.726	-8453.618	250.8922	0.7817503	1.690275	6.819245
3948	-8201.577	-8452.722	251.145	0.8992259	1.874952	6.555024
3954	-8208.952	-8460.456	251.5036	0.8534533	1.543199	6.505059
3960	-8204.272	-8456.123	251.8508	0.9194059	1.551298	6.277816
3966	-8210.859	-8462.484	251.6246	0.9211583	1.921067	6.267741
3972	-8196.49	-8448.039	251.5489	0.8866048	1.56217	6.455197
3978	-8195.306	-8447.041	251.7345	0.9230574	1.495576	6.360935
3984	-8196.372	-8447.102	250.7305	0.796978	1.495576	6.971807
3990	-8192.261	-8444.465	252.2044	0.9119997	1.36944	6.163766
3996	-8195.779	-8447.892	252.1129	0.9027762	1.751005	6.070129
4002	-8206.071	-8457.565	251.4942	0.85612	1.306404	6.606794
4008	-8220.909	-8471.457	250.5485	0.7771461	1.336347	7.146256
4014	-8211.202	-8461.023	249.8201	0.7920325	1.677349	7.395009
4020	-8208.718	-8458.811	250.0931	0.8493423	1.545782	7.266817
4026	-8198.801	-8448.906	250.1044	0.8153907	1.582373	7.265018
4032	-8201.856	-8452.199	250.3434	0.7925285	1.585605	7.147643
4038	-8213.706	-8464.476	250.7703	0.8144267	1.785507	6.833738
4044	-8201.537	-8453.306	251.7684	0.8149186	1.760415	6.302004
4050	-8195.447	-8448.026	252.5795	0.9324668	1.71058	5.813695
4056	-8194.982	-8446.462	251.4798	0.9208243	1.847144	6.371237
4062	-8191.311	-8443.156	251.8447	0.8974507	1.659776	6.251971
4068	-8203.011	-8453.841	250.8298	0.8356694	1.941309	6.737961
4074	-8198.516	-8449.193	250.6766	0.8414331	1.587029	6.941457
4080	-8207.718	-8459.426	251.7082	0.9292569	1.94887	6.208803
4086	-8211.559	-8461.877	250.3177	0.9005208	1.587712	7.102628
4092	-8205.503	-8454.275	248.7723	0.7280875	1.397329	8.097281
4098	-8197.166	-8447.999	250.8329	0.8098863	1.573442	6.879377
4104	-8200.831	-8452.397	251.566	0.7923399	1.680656	6.452644
4110	-8203.75	-8455.313	251.5631	0.9429891	1.471779	6.452644
4116	-8205.089	-8456.584	251.4944	0.9323449	1.484741	6.490398
4122	-8211.714	-8463.079	251.3656	0.9323449	1.550484	6.534279
4128	-8198.305	-8449.183	250.8787	0.7888886	1.53857	6.879427
4134	-8193.344	-8444.142	250.7984	0.879744	1.430097	6.917066
4140	-8191.676	-8443.478	251.8024	0.879744	1.597059	6.308083
4146	-8190.295	-8442.715	252.42	0.9342014	1.426443	6.010159
4152	-8199.153	-8451.07	251.9171	0.9096064	1.699147	6.191629
4158	-8202.933	-8455.411	252.4776	0.8518656	1.610681	5.950493
4164	-8207.481	-8458.634	251.1526	0.815571	1.575408	6.703013
4170	-8223.814	-8474.791	250.9765	0.8918803	1.866802	6.652845
4176	-8218.739	-8469.823	251.084	0.8393651	1.779727	6.652845
4182	-8202.771	-8453.415	250.6437	0.7836034	1.436562	7.049482
4188	-8198.974	-8450.223	251.2491	0.8514024	1.669624	6.59626
4194	-8206.122	-8457.645	251.5229	0.9390442	1.481793	6.472527
4200	-8196.846	-8449.609	252.763	0.8886806	1.759671	5.719586
4206	-8198.227	-8450.114	251.8872	0.9071944	1.598456	6.246554
4212	-8194.104	-8444.656	250.5523	0.8079314	1.691159	6.988016
4218	-8206.122	-8456.986	250.8639	0.7902223	1.677583	6.834551
4224	-8206.791	-8457.737	250.9456	0.780112	1.542924	6.846393
4230	-8216.159	-8467.877	251.7185	0.8936205	1.517538	6.376873
4236	-8212.549	-8464.14	251.5913	0.8730088	1.500545	6.463719
4242	-8199.699	-8450.542	250.8423	0.8422694	1.661619	6.823909
4248	-8202.148	-8451.613	249.465	0.785708	1.529574	7.643829
4254	-8203.305	-8453.562	250.2577	0.7257346	1.424917	7.292849
4260	-8208.452	-8458.46	250.0081	0.8075858	1.691608	7.280648
4266	-8206.447	-8456.967	250.5201	0.8703523	1.550984	7.023951
4272	-8207.905	-8458.538	250.6323	0.7936961	1.501862	7.023951
4278	-8197.154	-8448.068	250.9144	0.8066934	1.60976	6.823446
4284	-8197.439	-8448.456	251.017	0.9035511	1.69081	6.685906
4290	-8193.928	-8445.38	251.4514	0.8933097	1.69081	6.456344
4296	-8190.51	-8440.75	250.2401	0.8128279	1.596661	7.18812
4302	-8201.761	-8452.377	250.6162	0.8128279	1.744325	6.932052
4308	-8201.811	-8452.57	250.7593	0.8344675	1.505791	6.932052
4314	-8207.359	-8459.196	251.8364	0.8641024	1.646121	6.279698
4320	-8204.423	-8455.841	251.4176	0.9198693	1.801335	6.421179
4326	-8197.627	-8449.325	251.6975	0.8472699	1.49794	6.421179
4332	-8204.694	-8456.067	251.373	0.8554821	1.978822	6.421179
4338	-8202.554	-8454.044	251.4898	0.8847899	1.734086	6.424574
4344	-8196.81	-8447.59	250.7801	0.83459	1.732673	6.836043
4350	-8198.684	-8449.505	250.8211	0.8639668	1.762166	6.787707
4356	-8200.713	-8451.2	250.4868	0.8411543	1.7184	6.99564
4362	-8205.067	-8456.205	251.1379	0.8806355	1.612995	6.661554
4368	-8207.053	-8458.238	251.1846	0.7885579	1.570189	6.702315
4374	-8215.831	-8466.944	251.1126	0.8605881	1.570189	6.702315
4380	-8202.936	-8454.522	251.5862	0.8100003	1.601767	6.461405
4386	-8208.891	-8458.896	250.0047	0.7767669	1.377268	7.420982
4392	-8216.16	-8466.349	250.1886	0.7679062	1.601571	7.238066
4398	-8215.984	-8465.728	249.7437	0.7979023	1.705736	7.422649
4404	-8220.798	-8471.089	250.2907	0.7547386	1.586059	7.19614
4410	-8211.725	-8462.323	250.598	0.7037968	1.418023	7.124614
4416	-8215.299	-8465.669	250.3702	0.6973192	1.459589	7.233606
4422	-8208.315	-8458.616	250.3012	0.8081303	1.445078	7.217007
4428	-8215.01	-8466.09	251.081	0.859262	1.264117	6.847181
4434	-8221.548	-8471.483	249.9358	0.7218579	1.594959	7.400953
4440	-8208.1	-8458.883	250.7827	0.8230204	1.643599	6.873098
4446	-8197.773	-8448.852	251.079	0.8628775	1.592074	6.710915
4452	-8210.964	-8461.924	250.96	0.8628775	1.367437	6.865215
4458	-8198.973	-8450.321	251.348	0.9022548	1.446401	6.601443
4464	-8211.726	-8462.418	250.6913	0.7834482	1.407835	7.035794
4470	-8204.418	-8456.852	252.4339	0.9209349	1.556365	5.957495
4476	-8209.069	-8461.416	252.3475	0.9261184	1.481291	6.031578
4482	-8207.835	-8459.356	251.5215	0.902081	1.537411	6.471281
4488	-8201.546	-8452.865	251.3196	0.8670221	1.537411	6.599576
4494	-8204.025	-8455.439	251.4142	0.9210191	1.537411	6.519176
4500	-8206.346	-8456.121	249.7754	0.7643089	1.809275	7.38759
4506	-8198.469	-8448.797	250.3276	0.7513158	1.47918	7.219631
4512	-8187.879	-8438.657	250.778	0.8193201	1.747986	6.840033
4518	-8192.977	-8442.339	249.3619	0.799132	1.519836	7.695579
4524	-8191.703	-8441.97	250.2667	0.7664743	1.549963	7.216457
4530	-8186.482	-8436.762	250.2803	0.736502	1.572997	7.216457
4536	-8190.819	-8441.332	250.5132	0.736502	1.715311	7.038874
4542	-8193.996	-8444.924	250.9278	0.8045687	1.661242	6.798279
4548	-8197.677	-8448.705	251.0274	0.7680512	1.57016	6.798279
4554	-8201.871	-8451.32	249.4488	0.7695858	1.344718	7.736165
4560	-8201.914	-8450.973	249.0595	0.8001743	1.613295	7.821151
4566	-8198.54	-8449.129	250.5888	0.8130285	1.54498	7.020127
4572	-8199.355	-8450.266	250.9109	0.7922976	1.509229	6.871747
4578	-8202.424	-8453.002	250.5774	0.8117984	1.575156	7.015393
4584	-8198.226	-8449.47	251.2441	0.8328006	1.586296	6.640109
4590	-8200.676	-8452.217	251.5413	0.9397669	1.601491	6.415484
4596	-8196.481	-8447.996	251.5146	0.8743975	1.562846	6.480182
4602	-8202.368	-8452.044	249.6755	0.8513755	1.75408	7.413481
4608	-8204.948	-8454.814	249.8657	0.8044707	1.668788	7.366988
4614	-8209.825	-8459.671	249.8466	0.7983085	1.499824	7.444318
4620	-8208.724	-8459.35	250.6258	0.7635056	1.531795	7.03198
4626	-8220.192	-8470.756	250.5638	0.8255862	1.531795	7.03198
4632	-8200.529	-8451.175	250.6462	0.8085781	1.443326	7.03198
4638	-8203.95	-8455.011	251.061	0.8955223	1.629828	6.688826
4644	-8200.96	-8450.865	249.9049	0.8285764	1.526955	7.386235
4650	-8206.572	-8458.438	251.8665	0.8812498	1.782592	6.204888
4656	-8194.71	-8445.763	251.053	0.8586839	1.607416	6.72139
4662	-8198.63	-8449.49	250.8605	0.8658628	1.335048	6.931128
4668	-8198.75	-8449.752	251.0013	0.7763644	1.3984	6.876528
4674	-8200.677	-8451.109	250.4321	0.7393906	1.504452	7.159862
4680	-8202.466	-8452.708	250.2422	0.7243285	1.390655	7.316087
4686	-8202.188	-8451.9	249.7117	0.755162	1.499456	7.539877
4692	-8203.213	-8453.726	250.5131	0.8382019	1.650342	7.007677
4698	-8197.741	-8448.753	251.0122	0.7838376	1.67474	6.758991
4704	-8190.862	-8441.21	250.3484	0.7750178	1.665564	7.12475
4710	-8201.027	-8451.326	250.2988	0.7602142	1.556811	7.19997
4716	-8201.412	-8450.185	248.773	0.7510474	1.47338	8.053879
4722	-8202.881	-8451.501	248.6201	0.6962754	1.555477	8.132652
4728	-8206.28	-8457.055	250.7744	0.8248234	1.59435	6.894963
4734	-8208.997	-8462.011	253.014	0.9021668	1.86346	5.538359
4740	-8216.926	-8468.035	251.1089	0.9576932	1.510445	6.67506
4746	-8210.945	-8461.881	250.9357	0.8479277	1.568389	6.805371
4752	-8209.818	-8460.76	250.9422	0.8903213	1.483318	6.81226
4758	-8201.799	-8454.313	252.5141	0.9991461	1.717169	5.810632
4764	-8196.577	-8447.55	250.9724	0.9483435	1.512066	6.753235
4770	-8197.29	-8449.08	251.7895	0.9111782	1.652209	6.2773
4776	-8204.435	-8456.294	251.8585	0.9140448	1.549383	6.2773
4782	-8211.693	-8463.648	251.9552	0.8377913	1.520985	6.2773
4788	-8204.78	-8456.714	251.9342	0.8678254	1.500845	6.280412
4794	-8211.911	-8464.23	252.3194	0.8522606	1.657612	6.018979
4800	-8202.79	-8452.134	249.3445	0.7899492	1.296885	7.801757
4806	-8208.308	-8457.419	249.1112	0.8429746	1.57949	7.783271
4812	-8208.369	-8459.471	251.1017	0.8004815	1.384305	6.815294
4818	-8206.025	-8456.267	250.2418	0.9193651	1.441992	7.19039
4824	-8201.513	-8452.285	250.772	0.819434	1.5735	6.907071
4830	-8202.11	-8452.487	250.3772	0.7777584	1.307637	7.250438
4836	-8201.488	-8451.616	250.1281	0.7782379	1.477082	7.313121
4842	-8201.487	-8451.462	249.9744	0.7862899	1.683386	7.313121
4848	-8199.133	-8450.308	251.1752	0.8850153	1.431934	6.710118
4854	-8200.58	-8451.987	251.407	0.8797437	1.674784	6.4936
4860	-8204.645	-8455.108	250.4635	0.7837156	1.628423	7.071793
4866	-8195.849	-8447.15	251.301	0.8792876	1.469199	6.63006
4872	-8195.943	-8447.714	251.771	0.9067015	1.595142	6.311215
4878	-8203.059	-8453.572	250.5137	0.8482967	1.579121	7.028522
4884	-8213.308	-8463.236	249.9281	0.8100457	1.493006	7.397043
4890	-8218.924	-8470.431	251.5069	0.8230514	1.394763	6.579743
4896	-8218.323	-8468.736	250.4132	0.8314056	1.364093	7.177923
4902	-8200.206	-8453.026	252.8196	0.9545897	1.581244	5.718537
4908	-8204.185	-8455.638	251.4535	0.9484441	1.340605	6.563892
4914	-8201.563	-8452.601	251.0379	0.9188262	1.461889	6.753821
4920	-8209.416	-8460.711	251.2949	0.928129	1.461889	6.609901
4926	-8193.026	-8444.807	251.7804	0.8724453	1.507449	6.358768
4932	-8207.296	-8457.814	250.5185	0.8978685	1.469033	7.042222
4938	-8203.021	-8453.741	250.7209	0.8699262	1.488926	6.940334
4944	-8214.34	-8465.079	250.7397	0.8381072	1.488926	6.947346
4950	-8214.577	-8465.97	251.3932	0.8402595	1.486868	6.594223
4956	-8200.017	-8451.174	251.1567	0.8003004	1.693927	6.66506
4962	-8206.458	-8456.802	250.3438	0.7909021	1.613045	7.138025
4968	-8214.16	-8464.457	250.2972	0.7909021	1.382145	7.254364
4974	-8212.521	-8463.824	251.3036	0.8714132	1.382145	6.668876
4980	-8211.667	-8462.776	251.109	0.8544984	1.55445	6.713624
4986	-8197.665	-8448.745	251.0798	0.8544984	1.499905	6.750689
4992	-8191.776	-8442.747	250.9711	0.8544984	1.603176	6.769492
4998	-8193.393	-8443.586	250.1928	0.8494392	1.746349	7.139499
5004	-8193.518	-8445.477	251.9598	0.924572	1.722531	6.151827
5010	-8190.511	-8442.569	252.0581	0.9042549	1.416614	6.227589
5016	-8193.056	-8444.425	251.3686	0.8806051	1.584225	6.547702
5022	-8200.316	-8451.99	251.674	0.8900869	1.496355	6.411324
5028	-8206.186	-8458.405	252.2184	0.9446433	1.693688	6.010416
5034	-8198.944	-8450.653	251.7084	0.9048095	1.480605	6.391015
5040	-8203.818	-8454.013	250.1944	0.8301439	1.690565	7.168856
5046	-8199.385	-8451.108	251.7227	0.9320547	1.519449	6.352966
5052	-8193.156	-8445.469	252.3136	0.9023885	1.578935	6.024489
5058	-8193.422	-8443.816	250.3941	0.7831941	1.502573	7.157471
5064	-8202.722	-8452.868	250.1458	0.8253146	1.522556	7.260426
5070	-8199.432	-8450.597	251.1651	0.8711843	1.320268	6.770424
5076	-8193.735	-8444.859	251.1238	0.8828309	1.357152	6.770424
5082	-8194.933	-8445.908	250.9755	0.8688156	1.471556	6.810622
5088	-8202.263	-8454.188	251.9254	0.8801679	1.772423	6.177006
5094	-8190.611	-8442.397	251.7859	0.8743218	1.585333	6.324414
5100	-8193.006	-8443.943	250.9363	0.8220953	1.389439	6.890693
5106	-8193.041	-8444.688	251.647	0.8482627	1.491829	6.450431
5112	-8196.23	-8445.974	249.7441	0.7813447	1.593924	7.472201
5118	-8187.422	-8438.25	250.8278	0.8181338	1.653507	6.847746
5124	-8200.924	-8452.937	252.0127	0.8958378	2.003053	6.043761
5130	-8192.824	-8443.779	250.9557	0.8907985	1.683101	6.728704
5136	-8201.77	-8453.687	251.9172	0.8907985	1.784718	6.171369
5142	-8191.792	-8442.511	250.7185	0.8248511	1.74143	6.871435
5148	-8205.773	-8455.984	250.2107	0.8077905	1.430449	7.271732
5154	-8193.087	-8443.187	250.1006	0.8101478	1.599259	7.263524
5160	-8191.792	-8442.093	250.3017	0.8452013	1.599259	7.136647
5166	-8187.031	-8437.85	250.8185	0.7578511	1.659096	6.88322
5172	-8191.641	-8443.257	251.6167	0.8156347	1.643874	6.426067
5178	-8200.375	-8450.552	250.1774	0.7794097	1.671385	7.212159
5184	-8189.624	-8440.569	250.9445	0.8777902	1.456356	6.828631
5190	-8185.645	-8437.275	251.6305	0.8909138	1.411077	6.469251
5196	-8193.591	-8445.111	251.5193	0.8909138	1.561274	6.469251
5202	-8205.191	-8455.855	250.6643	0.8639205	1.668046	6.905864
5208	-8198.611	-8449.327	250.716	0.8344513	1.569723	6.930606
5214	-8205.441	-8458.277	252.8364	0.9046171	1.362223	5.826118
5220	-8206.996	-8459.845	252.8486	0.8950422	1.65212	5.708362
5226	-8203.908	-8456.217	252.3093	0.9172177	1.324661	6.123258
5232	-8204.512	-8457.083	252.5717	0.9853967	1.462992	5.884312
5238	-8203.201	-8455.739	252.5383	0.9137757	1.604612	5.885829
5244	-8207.421	-8460.163	252.742	0.9137757	1.593309	5.778743
5250	-8214.098	-8465.78	251.6822	0.7999032	1.441034	6.478164
5256	-8202.444	-8453.826	251.3826	0.832621	1.539159	6.583416
5262	-8210.077	-8462.059	251.9816	0.93396	1.688598	6.147107
5268	-8212.163	-8463.305	251.1422	0.8508752	1.429786	6.747289
5274	-8205.252	-8456.138	250.8857	0.8549352	1.721518	6.772028
5280	-8196.932	-8448.207	251.2745	0.8857679	1.539738	6.612926
5286	-8196.095	-8447.559	251.4643	0.8554349	1.538803	6.526978
5292	-8204.021	-8453.904	249.8826	0.7621302	1.538803	7.429231
5298	-8208.812	-8460.586	251.7743	0.9716418	1.602064	6.271489
5304	-8207.919	-8459.066	251.1474	0.8030973	1.563313	6.717197
5310	-8195.618	-8447.16	251.5422	0.8944613	1.661905	6.417055
5316	-8200.869	-8452.679	251.8101	0.8288341	1.383634	6.417055
5322	-8227.111	-8478.571	251.4601	0.9142381	1.394653	6.555774
5328	-8195.56	-8447.819	252.2595	0.8892932	1.626098	6.043208
5334	-8198.634	-8450.828	252.1948	0.9226006	1.806325	5.995292
5340	-8204.174	-8456.511	252.3369	0.9272001	1.708082	5.95003
5346	-8192.511	-8443.044	250.5327	0.8774796	1.706541	6.955573
5352	-8208.957	-8459.649	250.6923	0.7775681	1.466925	7.014296
5358	-8210.846	-8461.348	250.5028	0.7994754	1.704881	7.014296
5364	-8216.69	-8468.968	252.2782	0.8737652	1.473793	6.100939
5370	-8218.616	-8469.613	250.9967	0.8387194	1.557953	6.781407
5376	-8208.382	-8461.727	253.3449	0.9980961	1.779499	5.332461
5382	-8201.964	-8454.742	252.778	0.9980961	1.86008	5.61643
5388	-8193.18	-8446.006	252.8254	0.9534261	1.855663	5.61643
5394	-8193.412	-8446.299	252.8871	1.010925	1.768286	5.581423
5400	-8189.342	-8441.706	252.3644	0.8741697	1.732984	5.955031
5406	-8201.416	-8454.297	252.8808	0.8892359	1.584073	5.719742
5412	-8185.719	-8437.469	251.7494	0.9352379	1.65798	6.283876
5418	-8197.712	-8450.72	253.008	0.9477529	1.425339	5.681701
5424	-8210.411	-8463.78	253.3686	0.9663573	1.380844	5.492337
5430	-8205.435	-8456.254	250.8188	0.8609386	1.380844	6.936673
5436	-8203.69	-8453.964	250.2737	0.7719563	1.364361	7.284694
5442	-8196.735	-8446.845	250.1099	0.721192	1.487532	7.34934
5448	-8195.153	-8445.745	250.5921	0.8381244	1.366173	7.07726
5454	-8196.633	-8447.617	250.9838	0.8061995	1.62067	6.782151
5460	-8196.028	-8447.788	251.7597	0.8949757	1.853488	6.231133
5466	-8205.351	-8457.083	251.7329	0.841034	1.455632	6.42238
5472	-8207.565	-8459.248	251.6832	0.874615	1.413408	6.448538
5478	-8209.35	-8461.327	251.9768	0.9896102	1.624108	6.143309
5484	-8204.646	-8456.608	251.9622	0.9686293	1.704701	6.132973
5490	-8212.249	-8463.974	251.7243	0.8970513	1.453958	6.397357
5496	-8202.208	-8453.796	251.5883	0.8953156	1.40343	6.49292
5502	-8215.301	-8465.503	250.2019	0.7858625	1.648002	7.204078
5508	-8213.164	-8464.291	251.1273	0.7858625	1.373772	6.813834
5514	-8208.895	-8458.916	250.0205	0.7630252	1.51879	7.362571
5520	-8203.952	-8454.908	250.9564	0.7944425	1.635194	6.797901
5526	-8202.879	-8454.355	251.4758	0.8441637	1.412839	6.577597
5532	-8194.594	-8445.417	250.8234	0.8236598	1.681038	6.837109
5538	-8195.119	-8446.053	250.9343	0.8506983	1.485309	6.837109
5544	-8194.578	-8445.543	250.9655	0.8506983	1.443506	6.837109
5550	-8190.504	-8441.47	250.9655	0.8506983	1.443506	6.837109
5556	-8198.488	-8448.394	249.9062	0.7990937	1.485277	7.417708
5562	-8197.247	-8448.227	250.9794	0.9582966	1.571421	6.721039
5568	-8203.339	-8455.399	252.0604	0.9089225	1.889088	6.047873
5574	-8193.536	-8444.581	251.0449	0.8721303	1.5953	6.723111
5580	-8202.773	-8453.974	251.2017	0.8622625	1.412974	6.715934
5586	-8196.199	-8446.61	250.4111	0.7992031	1.505938	7.138408
5592	-8195.728	-8447.395	251.6674	0.872361	1.597537	6.385176
5598	-8216.948	-8468.422	251.4742	0.8711898	1.623166	6.480907
5604	-8207.032	-8457.718	250.6855	0.8356211	1.553158	6.952763
5610	-8205.53	-8455.638	250.1083	0.8487136	1.500219	7.276763
5616	-8208.761	-8459.401	250.6407	0.9114334	1.516694	6.950214
5622	-8219.204	-8471.392	252.1882	0.9228786	1.460625	6.12852
5628	-8209.025	-8461.437	252.4114	0.8243551	1.455335	6.062774
5634	-8208.032	-8459.07	251.0374	0.899195	1.782202	6.64481
5640	-8212.591	-8463.563	250.972	0.8499994	1.777839	6.708286
5646	-8209.426	-8461.504	252.0781	0.9547211	1.603811	6.114783
5652	-8213.75	-8464.107	250.3568	0.8721334	1.922571	6.979482
5658	-8210.944	-8464.387	253.4424	0.9883838	1.479527	5.398201
5664	-8219.077	-8471.037	251.9593	0.9088538	1.479527	6.25299
5670	-8216.01	-8468.819	252.8089	0.9292724	1.624586	5.721686
5676	-8212.473	-8464.159	251.6867	0.9254309	1.505963	6.381431
5682	-8204.884	-8456.292	251.4086	0.8828467	1.709944	6.478307
5688	-8197.737	-8448.609	250.8721	0.910122	1.565474	6.807216
5694	-8227.144	-8478.881	251.7376	0.8900711	1.637647	6.322397
5700	-8211.928	-8464.049	252.1216	0.9279252	1.426956	6.175891
5706	-8202.348	-8454.157	251.8097	0.9279252	1.568897	6.288697
5712	-8207.781	-8458.905	251.124	0.9037569	1.744853	6.608593
5718	-8204.782	-8457.155	252.3731	1.007135	1.545838	5.947777
5724	-8216.122	-8467.689	251.5676	0.7731948	1.531138	6.518603
5730	-8207.404	-8458.742	251.3372	0.8201501	1.618527	6.584417
5736	-8214.811	-8465.123	250.3125	0.8010751	1.501613	7.192125
5742	-8202.574	-8453.305	250.7318	0.8776946	1.520649	6.917765
5748	-8200.687	-8450.549	249.8617	0.7922669	1.520649	7.431308
5754	-8203.989	-8454.112	250.1237	0.8133198	1.561264	7.2638
5760	-8211.65	-8462.469	250.8195	0.8676379	1.612056	6.840909
5766	-8216.917	-8467.161	250.2444	0.7696144	1.465983	7.25975
5772	-8213.002	-8463.064	250.0611	0.7459741	1.465983	7.370826
5778	-8215.31	-8465.146	249.8358	0.7912749	1.551501	7.433835
5784	-8205.446	-8456.013	250.5674	0.7638942	1.447726	7.096633
5790	-8213.729	-8464.475	250.7465	0.79019	1.40173	7.004983
5796	-8211.078	-8461.243	250.1647	0.8603171	1.614207	7.196553
5802	-8199.775	-8451.048	251.2729	0.8206164	1.510313	6.660537
5808	-8222.042	-8471.854	249.8119	0.8525393	1.44077	7.457447
5814	-8218.155	-8468.759	250.6048	0.8497581	1.61487	6.965215
5820	-8211.542	-8462.809	251.267	0.9881641	1.885933	6.437064
5826	-8208.925	-8459.886	250.9608	0.8499637	1.523294	6.808185
5832	-8201.171	-8451.356	250.1856	0.8499637	1.571273	7.207046
5838	-8193.621	-8444.733	251.1127	0.8872385	1.47676	6.724479
5844	-8188.234	-8439.515	251.2814	0.8958617	1.626935	6.570526
5850	-8192.219	-8442.673	250.4536	0.8113343	1.67253	7.046041
5856	-8198.317	-8449.609	251.2925	0.7947844	1.656546	6.608241
5862	-8221.805	-8473.938	252.1332	0.863346	1.72495	6.089891
5868	-8211.026	-8461.467	250.4412	0.863346	1.763023	6.992517
5874	-8205.307	-8456.287	250.9804	0.9261147	1.569639	6.738546
5880	-8201.362	-8452.426	251.0637	0.878308	1.397047	6.788458
5886	-8212.185	-8464.22	252.0343	0.9042756	1.839228	6.081479
5892	-8218.748	-8470.116	251.3675	0.8348531	1.661946	6.543964
5898	-8213.294	-8464.771	251.4775	0.8198614	1.816538	6.43769
5904	-8200.246	-8451.868	251.6217	0.9299773	1.447739	6.43769
5910	-8196.191	-8448.241	252.0501	0.9255779	1.62085	6.139462
5916	-8200.964	-8452.102	251.1378	0.9001994	1.682685	6.625352
5922	-8199.726	-8450.898	251.1723	0.9177561	1.620634	6.620057
5928	-8202.217	-8452.933	250.7168	0.8467657	1.560413	6.927066
5934	-8214.834	-8464.73	249.8956	0.7969463	1.622695	7.371869
5940	-8212.668	-8465.662	252.9936	0.8977167	1.370644	5.740222
5946	-8218.235	-8472	253.7646	1.010255	1.425051	5.230896
5952	-8224.414	-8477.155	252.7409	1.016171	1.380975	5.809266
5958	-8214.809	-8466.703	251.8942	0.9904194	1.490942	6.239481
5964	-8201.229	-8452.629	251.4006	0.8919551	1.586056	6.523519
5970	-8203.858	-8454.54	250.6814	0.8281788	1.72021	6.897172
5976	-8201.827	-8453.1	251.2737	0.9178591	1.965434	6.445527
5982	-8200.122	-8452.735	252.6135	1.018986	1.95517	5.663417
5988	-8211.214	-8464.811	253.5975	0.9605647	1.547943	5.300472
5994	-8229.157	-8481.372	252.2154	0.8762673	1.491417	6.126643
6000	-8213.003	-8463.877	250.8738	0.8764514	1.750424	6.756596
6006	-8206.565	-8457.799	251.2335	0.8147358	1.538445	6.674005
6012	-8211.997	-8461.81	249.813	0.8772266	1.721093	7.33749
6018	-8224.087	-8475.874	251.7871	0.9037977	1.66827	6.276686
6024	-8220.514	-8471.462	250.9479	0.8868959	1.515295	6.798333
6030	-8211.587	-8464.205	252.6179	0.8760514	1.391694	5.948502
6036	-8194.747	-8445.853	251.1057	0.8308894	1.579985	6.718355
6042	-8201.524	-8454.139	252.6152	0.889399	1.579985	5.866552
6048	-8207.114	-8457.912	250.7974	0.806792	1.50719	6.925918
6054	-8204.752	-8455.352	250.5992	0.8638365	1.634067	6.953497
6060	-8201.524	-8452.955	251.4312	0.8899871	1.493126	6.544224
6066	-8191.714	-8442.588	250.8744	0.8984157	1.615611	6.79331
6072	-8192.523	-8442.55	250.0276	0.811487	1.615611	7.295859
6078	-8193.936	-8444.358	250.4222	0.798412	1.385107	7.181952
6084	-8190.98	-8442.031	251.0511	0.8599841	1.794399	6.654378
6090	-8194.708	-8447.122	252.4145	0.9413163	1.654163	5.919736
6096	-8190.996	-8443.269	252.2735	0.9521044	1.525456	6.040129
6102	-8196.379	-8448.54	252.1615	0.9046349	1.456173	6.154804
6108	-8201.59	-8454.096	252.5065	0.9346726	1.513563	5.927201
6114	-8204.144	-8455.054	250.9099	0.80166	1.657511	6.810844
6120	-8203.938	-8454.815	250.8763	0.80166	1.399961	6.929645
6126	-8184.216	-8435.004	250.7875	0.8080693	1.245167	7.041467
6132	-8184.396	-8435.7	251.3042	0.8633503	1.63086	6.57433
6138	-8188.168	-8439.433	251.2648	0.8621381	1.660146	6.58543
6144	-8186.773	-8439.423	252.65	0.9307529	1.539396	5.840726
6150	-8189.728	-8442.037	252.3092	0.9173037	1.542287	6.033019
6156	-8197.81	-8450.016	252.2062	0.8198259	1.542287	6.142227
6162	-8190.555	-8442.559	252.0046	0.7654423	1.542287	6.281433
6168	-8199.061	-8451.52	252.4588	0.9616503	1.496411	5.945384
6174	-8203.726	-8454.605	250.8784	0.8647359	1.651929	6.79588
6180	-8197.666	-8448.561	250.8948	0.8651237	1.462523	6.859763
6186	-8199.8	-8450.912	251.1124	0.8619599	1.473734	6.739535
6192	-8185.836	-8437.368	251.5326	0.8600232	1.466507	6.516257
6198	-8198.956	-8450	251.0445	0.9184242	1.902498	6.589847
6204	-8196.743	-8448.253	251.5097	0.8869956	1.726416	6.415314
6210	-8187.919	-8439.062	251.143	0.8794788	1.626964	6.654207
6216	-8196.515	-8448.908	252.3931	0.8417369	1.425697	6.07553
6222	-8193.323	-8443.528	250.2049	0.8364253	1.874449	7.096313
6228	-8198.077	-8449.526	251.4488	0.9035004	1.488421	6.529273
6234	-8202.104	-8454.191	252.087	0.8739856	1.736217	6.105186
6240	-8196.992	-8449.131	252.139	0.9197622	1.592037	6.105186
6246	-8206.223	-8458.354	252.1311	0.9084984	1.640249	6.097408
6252	-8196.106	-8447.05	250.9443	0.849925	1.584048	6.793652
6258	-8192.686	-8444.574	251.888	0.8819584	1.588501	6.263606
6264	-8190.508	-8442.466	251.9579	0.8819584	1.547713	6.241347
6270	-8185.683	-8437.528	251.8448	0.924072	1.6493	6.241347
6276	-8196.801	-8447.743	250.9421	0.8514473	1.554251	6.805445
6282	-8199.141	-8450.621	251.4795	0.832425	1.530804	6.534373
6288	-8198.909	-8450.96	252.0505	0.9041564	1.618169	6.151915
6294	-8187.725	-8439.11	251.3848	0.8463602	1.618169	6.544601
6300	-8190.791	-8443.1	252.3095	0.9191411	1.599851	6.009618
6306	-8194.304	-8446.621	252.3168	0.904782	1.455259	6.070526
6312	-8194.731	-8446.21	251.4793	0.8823609	1.578252	6.489069
6318	-8206.581	-8458.313	251.7313	0.9051361	1.692583	6.297425
6324	-8213.621	-8464.739	251.1185	0.8086675	1.455205	6.772484
6330	-8216.538	-8467.232	250.6946	0.7903805	1.588246	6.958803
6336	-8217.534	-8467.982	250.4485	0.7846603	1.742846	7.038058
6342	-8206.547	-8457.53	250.9824	0.8534708	1.535923	6.789676
6348	-8206.789	-8457.946	251.1567	0.8487954	1.675111	6.645661
6354	-8217.001	-8468.871	251.8706	0.9047411	1.556716	6.272909
6360	-8214.859	-8464.326	249.4666	0.7837615	1.40703	7.692926
6366	-8215.205	-8464.916	249.7111	0.8276948	1.450027	7.521055
6372	-8214.207	-8463.683	249.4761	0.733412	1.606807	7.636542
6378	-8206.919	-8456.69	249.7712	0.7550308	1.630024	7.458352
6384	-8211.174	-8460.517	249.3429	0.7282555	1.509288	7.747728
6390	-8214.15	-8464.032	249.8827	0.7893424	1.712277	7.350361
6396	-8211.419	-8461.83	250.4106	0.790567	1.652277	7.087766
6402	-8193.923	-8444.327	250.4033	0.7978674	1.652277	7.087766
6408	-8192.605	-8443.025	250.4204	0.8127123	1.60596	7.087766
6414	-8195.875	-8446.655	250.7802	0.7807872	1.474539	6.962179
6420	-8195.072	-8447.055	251.9833	0.8108982	1.509928	6.281032
6426	-8200.483	-8451.711	251.2275	0.8365906	1.599439	6.642059
6432	-8193.813	-8444.412	250.5983	0.696775	1.609986	7.052875
6438	-8191.948	-8441.715	249.7667	0.8350347	1.485414	7.473174
6444	-8194.7	-8445.653	250.9524	0.8847925	1.705693	6.725553
6450	-8201.322	-8452.755	251.4328	0.8433607	1.45815	6.582692
6456	-8199.178	-8449.83	250.6517	0.8092518	1.514724	7.00011
6462	-8196.314	-8446.679	250.3655	0.8370734	1.555065	7.123481
6468	-8194.311	-8444.769	250.458	0.8212713	1.450429	7.123481
6474	-8195.124	-8446.739	251.6147	0.7937161	1.4056	6.532743
6480	-8192.876	-8443.291	250.4152	0.7863167	1.432398	7.172622
6486	-8189.329	-8439.708	250.3796	0.8125033	1.507939	7.147406
6492	-8203.959	-8454.569	250.6096	0.7741758	1.50743	7.044496
6498	-8208.002	-8458.599	250.5976	0.7670737	1.398022	7.099091
6504	-8210.854	-8461.152	250.2979	0.8820417	1.338804	7.223481
6510	-8213.163	-8464.129	250.9657	0.7497095	1.440364	6.892789
6516	-8213.27	-8465.446	252.1765	0.8303372	1.309456	6.249459
6522	-8201.717	-8452.646	250.9282	0.8798622	1.567489	6.792519
6528	-8199.06	-8450.572	251.5118	0.7854066	1.555776	6.532595
6534	-8194.358	-8446.794	252.4359	0.9031628	1.497499	5.989369
6540	-8209.063	-8460.185	251.1215	0.9049874	1.433559	6.727694
6546	-8206.814	-8457.907	251.0934	0.8236305	1.583114	6.727694
6552	-8221.105	-8472.28	251.1751	0.8455673	1.441146	6.727694
6558	-8209.06	-8460.151	251.0901	0.8679989	1.525677	6.727694
6564	-8205.449	-8455.65	250.2009	0.8785308	1.664396	7.14883
6570	-8207.396	-8458.963	251.5676	0.8977901	1.664396	6.400527
6576	-8201.265	-8452.854	251.5882	0.867329	1.582626	6.436504
6582	-8200.809	-8452.327	251.5187	0.9177721	1.802554	6.367029
6588	-8207.839	-8461.352	253.5128	0.9396849	1.819159	5.258099
6594	-8211.183	-8463.559	252.3768	0.9482168	1.795748	5.885643
6600	-8203.362	-8456.392	253.03	0.8881854	1.45214	5.691144
6606	-8208.059	-8460.57	252.5109	0.9280908	1.413794	5.969157
6612	-8205.575	-8458.164	252.5889	0.8872861	1.627121	5.8641
6618	-8208.265	-8459.771	251.5066	0.9281586	1.679876	6.411512
6624	-8200.725	-8452.881	252.1559	0.9301914	1.735605	6.037251
6630	-8206.886	-8459.48	252.5939	0.8582031	1.703132	5.849163
6636	-8202.688	-8453.058	250.3699	0.8196189	1.368632	7.205594
6642	-8204.923	-8454.188	249.2646	0.7548329	1.307636	7.858479
6648	-8201.071	-8452.97	251.8991	0.8454048	1.53829	6.296859
6654	-8205.373	-8457.127	251.7534	0.8799972	1.698678	6.296859
6660	-8204.676	-8455.828	251.1528	0.8267084	1.653237	6.667748
6666	-8203.22	-8454.214	250.9939	0.7965566	1.467936	6.841085
6672	-8196.827	-8447.644	250.8172	0.8626146	1.773034	6.786744
6678	-8198.432	-8448.643	250.2113	0.8401655	1.567807	7.199805
6684	-8198.619	-8449.532	250.9129	0.8397874	1.567807	6.822263
6690	-8193.995	-8444.413	250.4182	0.7970998	1.673979	7.072231
6696	-8202.647	-8451.91	249.2629	0.7721697	1.671807	7.706014
6702	-8215.078	-8465.873	250.7942	0.8051297	1.433565	6.958122
6708	-8200.092	-8451.777	251.6851	0.8156989	1.526636	6.433659
6714	-8198.685	-8449.366	250.6818	0.8851895	1.447458	6.969876
6720	-8212.467	-8464.02	251.5521	0.8745067	1.492941	6.487206
6726	-8210.867	-8462.265	251.3974	0.9179229	1.649981	6.487206
6732	-8216.528	-8466.162	249.6338	0.7906152	1.558595	7.539664
6738	-8213.576	-8463.13	249.5536	0.828245	1.489448	7.589305
6744	-8222.23	-8473.201	250.9708	0.8058671	1.386857	6.881918
6750	-8216.92	-8468.088	251.1687	0.8838731	1.701971	6.610461
6756	-8213.784	-8465.735	251.9509	0.840714	1.701971	6.209682
6762	-8215.019	-8466.381	251.3615	0.9016347	1.445939	6.594662
6768	-8213.389	-8465.879	252.4904	0.9286461	1.594069	5.907885
6774	-8210.072	-8462.72	252.648	0.8809403	1.757355	5.787624
6780	-8213.011	-8464.738	251.7268	0.8772863	1.489915	6.39218
6786	-8209.013	-8459.737	250.7241	0.8895365	1.52741	6.9129
6792	-8211.104	-8462.802	251.6983	0.8118294	1.572582	6.41077
6798	-8210.734	-8462.718	251.9839	0.8490455	1.653236	6.205036
6804	-8215.461	-8467.038	251.5763	0.8358222	1.43361	6.519128
6810	-8229.018	-8481.69	252.6719	0.9026968	1.561866	5.835302
6816	-8222.028	-8474.092	252.0638	0.9293317	1.561866	6.152521
6822	-8215.235	-8465.894	250.6595	0.8626196	1.700076	6.897581
6828	-8207.413	-8458.154	250.7408	0.8267794	1.574482	6.919535
6834	-8200.878	-8451.141	250.2636	0.8028974	1.876088	7.08222
6840	-8205.829	-8456.691	250.8623	0.8016532	1.670129	6.831922
6846	-8209.638	-8459.812	250.1747	0.7820985	1.773761	7.175876
6852	-8195.984	-8446.486	250.5029	0.8036226	1.791887	6.981494
6858	-8195.308	-8446.485	251.1766	0.8563275	1.705595	6.619801
6864	-8202.893	-8455.525	252.6328	0.9713436	1.682261	5.773621
6870	-8196.162	-8447.867	251.7053	0.9513044	1.722893	6.27553
6876	-8202.31	-8452.861	250.5509	0.855978	1.506977	7.032229
6882	-8202.451	-8452.665	250.2141	0.8592257	1.648695	7.157849
6888	-8199.379	-8448.474	249.0946	0.7370295	1.621964	7.832925
6894	-8198.829	-8447.337	248.5079	0.7827668	1.621964	8.121493
6900	-8199.677	-8449.478	249.8005	0.7964577	1.717411	7.3888
6906	-8211.912	-8462.588	250.6764	0.770592	1.786279	6.907751
6912	-8211.081	-8461.72	250.6395	0.8534569	1.53502	6.974925
6918	-8210.194	-8461.162	250.9677	0.836074	1.45128	6.840666
6924	-8210.076	-8461.4	251.3242	0.836074	1.442403	6.651766
6930	-8207.289	-8458.409	251.1198	0.7705828	1.564605	6.749157
6936	-8208.646	-8460.171	251.525	0.8074397	1.502136	6.534567
6942	-8214.116	-8464.076	249.96	0.8054284	1.481183	7.387105
6948	-8227.703	-8478.869	251.1661	0.8857086	1.616016	6.642468
6954	-8216.199	-8469.446	253.2467	0.9682587	1.616016	5.463152
6960	-8202.651	-8453.869	251.2186	0.8456845	1.452004	6.699751
6966	-8208.352	-8458.867	250.515	0.7788002	1.50602	7.09348
6972	-8205.866	-8456.441	250.5757	0.8472782	1.525177	7.016434
6978	-8207.182	-8458.193	251.0106	0.8534287	1.452746	6.807562
6984	-8205.767	-8457.142	251.3744	0.9469228	1.779048	6.437656
6990	-8207.91	-8459.435	251.5254	0.9112569	1.369997	6.532472
6996	-8212.962	-8464.304	251.3421	0.8281807	1.617439	6.577849
7002	-8207.845	-8459.31	251.4652	0.8743177	1.617439	6.486188
7008	-8210.127	-8461.666	251.5391	0.8686262	1.617439	6.449248
7014	-8199.46	-8451.206	251.7458	0.8797196	1.490434	6.380367
7020	-8199.252	-8449.969	250.7173	0.825516	1.515577	6.955661
7026	-8195.685	-8447.461	251.7758	0.825516	1.288336	6.478907
7032	-8197.163	-8448.366	251.2035	0.7894241	1.237154	6.83106
7038	-8186.776	-8437.717	250.9405	0.8182844	1.536486	6.83106
7044	-8188.853	-8440.019	251.1656	0.8411979	1.437322	6.736783
7050	-8194.002	-8446.368	252.3652	0.8975011	1.365715	6.085726
7056	-8205.068	-8457.4	252.3317	0.9559274	1.310043	6.096474
7062	-8204.631	-8456.578	251.9469	0.9266419	1.589766	6.206855
7068	-8200.436	-8450.841	250.4053	0.8249977	1.582574	7.098056
7074	-8197.814	-8449.338	251.5237	0.7887439	1.456869	6.563533
7080	-8197.521	-8448.681	251.1599	0.7887439	1.465804	6.756574
7086	-8194.296	-8446.491	252.1955	0.9046622	1.482074	6.125785
7092	-8201.424	-8451.461	250.0371	0.8028671	1.570322	7.312454
7098	-8200.675	-8451.628	250.9532	0.8983293	1.481553	6.802674
7104	-8212.094	-8464.762	252.6672	1.042952	1.747769	5.691785
7110	-8196.024	-8447.895	251.8713	0.9201284	1.630172	6.236224
7116	-8196.009	-8447.319	251.3095	0.8225771	1.576886	6.613862
7122	-8196.244	-8446.782	250.5379	0.8498742	1.823938	6.926736
7128	-8216.655	-8468.798	252.1432	0.9549764	1.603902	6.079188
7134	-8205.126	-8457.493	252.367	0.9529322	1.603902	5.958245
7140	-8215.106	-8467.235	252.1291	0.9529322	1.503796	6.126922
7146	-8208.445	-8460.364	251.9185	0.8347211	1.55015	6.287502
7152	-8205.791	-8455.606	249.8154	0.7969319	1.494471	7.463921
7158	-8215.607	-8467.078	251.4709	0.8028881	1.536764	6.552681
7164	-8210.459	-8462.639	252.1798	0.8712204	1.48904	6.149741
7170	-8220.79	-8471.478	250.6872	0.9451295	1.48904	6.917936
7176	-8212.968	-8464.256	251.2872	0.8168742	1.627811	6.609779
7182	-8210.69	-8461.81	251.1198	0.8469638	1.862719	6.601007
7188	-8217.463	-8468.487	251.0235	0.8582915	1.763966	6.680792
7194	-8215.537	-8466.682	251.1458	0.8940969	1.532628	6.680792
7200	-8224.628	-8475.262	250.6342	0.7867922	1.409651	7.063949
7206	-8217.053	-8466.432	249.3782	0.7413667	1.733121	7.639
7212	-8217.663	-8468.182	250.5196	0.8084079	1.594554	7.040958
7218	-8213.908	-8464.399	250.4919	0.7866161	1.666443	7.040958
7224	-8207.473	-8458.589	251.1163	0.8204965	1.640731	6.695416
7230	-8202.296	-8452.722	250.4264	0.8079402	1.717521	7.046368
7236	-8204.748	-8456.751	252.0036	0.9058649	1.67668	6.154783
7242	-8203.195	-8454.374	251.1788	0.9058649	1.641877	6.615079
7248	-8216.006	-8467.8	251.7939	0.969157	1.676311	6.234524
7254	-8215.398	-8466.245	250.8477	0.8617085	1.772507	6.77092
7260	-8204.709	-8457.037	252.3278	0.9616454	1.550411	5.995512
7266	-8205.272	-8458.222	252.9505	0.9025673	1.407454	5.745476
7272	-8200.664	-8451.018	250.3543	0.8368659	1.76998	7.051155
7278	-8201.601	-8452.543	250.9425	0.8846256	1.493829	6.81098
7284	-8205.857	-8457.346	251.4886	0.8092409	1.667124	6.490372
7290	-8197.185	-8449.419	252.2339	0.9379339	1.698345	6.003905
7296	-8196.328	-8448.121	251.7929	0.9206124	1.526087	6.318487
7302	-8198.965	-8450.158	251.1924	0.8814468	1.425792	6.705303
7308	-8195.306	-8445.655	250.3488	0.769209	1.545855	7.172489
7314	-8200.986	-8450.885	249.8983	0.7703183	1.670765	7.367085
7320	-8202.711	-8453.328	250.6178	0.7861706	1.480595	7.044286
7326	-8205.587	-8455.154	249.5668	0.7651761	1.364403	7.667099
7332	-8207.311	-8456.783	249.4724	0.7033983	1.57343	7.667099
7338	-8205.333	-8456.499	251.1665	0.8167317	1.74628	6.632193
7344	-8214.694	-8467.773	253.0784	0.8965018	1.463578	5.655338
7350	-8207.759	-8460.844	253.0844	1.011212	1.263417	5.67601
7356	-8198.412	-8450.719	252.3072	0.8669262	1.410102	6.115099
7362	-8200.539	-8451.975	251.4358	0.9762204	1.360433	6.549919
7368	-8198.39	-8449.182	250.7921	0.826447	1.524714	6.911277
7374	-8204.089	-8455.957	251.8677	0.8237647	1.486062	6.346341
7380	-8210.744	-8460.712	249.9677	0.7631095	1.591242	7.363106
7386	-8209.133	-8459.789	250.6561	0.8904186	1.589567	6.925181
7392	-8209.694	-8460.465	250.7717	0.8697155	1.754749	6.813836
7398	-8196.629	-8448.003	251.3737	0.899886	1.682895	6.497719
7404	-8202.648	-8452.716	250.0678	0.8477656	1.792394	7.191639
7410	-8186.967	-8438.317	251.3501	0.8810359	1.717786	6.508165
7416	-8199.146	-8451.467	252.3204	0.8784504	1.494924	6.066876
7422	-8204.576	-8455.196	250.6194	0.8250847	1.703562	6.938203
7428	-8200.332	-8453.015	252.6834	0.9156779	1.698967	5.770227
7434	-8194.319	-8445.532	251.2133	0.8726603	1.599337	6.630291
7440	-8206.748	-8456.854	250.1067	0.8054707	1.474157	7.31114
7446	-8212.555	-8463.148	250.5931	0.8477335	1.664791	6.954163
7452	-8215.818	-8467.207	251.3889	0.9706972	1.878402	6.382982
7458	-8215.983	-8468.573	252.5901	1.007985	1.917204	5.694804
7464	-8226.763	-8478.891	252.1282	0.9765264	1.512922	6.110946
7470	-8211.645	-8464.192	252.5467	0.9734757	1.608221	5.847216
7476	-8207.317	-8459.537	252.2204	0.9373262	1.477987	6.096083
7482	-8215.097	-8466.912	251.8154	0.8375262	1.700362	6.285663
7488	-8205.424	-8457.268	251.8439	0.9453836	1.552759	6.266881
7494	-8203.278	-8453.899	250.6211	0.8054591	1.552759	7.003837
7500	-8207.385	-8458.933	251.5479	0.8325105	1.583395	6.476955
7506	-8198.501	-8450.289	251.7881	0.8618117	1.670694	6.298092
7512	-8202.522	-8452.619	250.0976	0.7700081	1.534496	7.311344
7518	-8203.562	-8453.265	249.7032	0.7926183	1.583507	7.491968
7524	-8203.821	-8453.704	249.8833	0.7926183	1.414626	7.46202
7530	-8199.558	-8449.727	250.1694	0.7152228	1.614263	7.271924
7536	-8186.885	-8438.316	251.4308	0.856389	1.697815	6.484967
7542	-8204.973	-8455.534	250.5607	0.8142398	1.430984	7.079939
7548	-8212.694	-8463.218	250.524	0.7976057	1.54087	7.064894
7554	-8207.939	-8457.536	249.5965	0.7743627	1.556145	7.569271
7560	-8198.611	-8448.482	249.8713	0.8204117	1.641684	7.365341
7566	-8201.026	-8452.211	251.1846	0.9039287	1.787169	6.560917
7572	-8191.756	-8443.36	251.6044	0.8777156	1.61825	6.408617
7578	-8190.941	-8442.426	251.4846	0.9260683	1.724014	6.408617
7584	-8193.073	-8444.289	251.2158	0.8562608	1.624225	6.628423
7590	-8193.77	-8444.649	250.8787	0.8562608	1.488706	6.862699
7596	-8200.421	-8451.9	251.4793	0.8354365	1.53515	6.531128
7602	-8213.422	-8465.537	252.1149	0.8736909	1.388655	6.225097
7608	-8210.419	-8460.942	250.5235	0.8688921	1.500186	7.042702
7614	-8201.212	-8452.196	250.9836	0.8475076	1.490925	6.809964
7620	-8201.953	-8452.648	250.695	0.8757369	1.651101	6.889196
7626	-8206.617	-8458.614	251.997	0.8682466	1.340156	6.312931
7632	-8207.633	-8457.41	249.7769	0.8187388	1.723577	7.387357
7638	-8196.612	-8448.104	251.4917	0.7991178	1.559007	6.534826
7644	-8191.963	-8442.176	250.2127	0.7983622	1.650236	7.190743
7650	-8195.348	-8444.908	249.5599	0.8503154	1.650236	7.513056
7656	-8190.638	-8441.357	250.7191	0.8486859	1.762355	6.850911
7662	-8199.491	-8449.775	250.2846	0.8083118	1.587517	7.170068
7668	-8192.707	-8443.971	251.2644	0.8470763	1.644915	6.599432
7674	-8202.213	-8454.029	251.8161	0.8406647	1.711502	6.279555
7680	-8198.916	-8449.391	250.4757	0.7475815	1.500138	7.133706
7686	-8204.47	-8454.212	249.7426	0.7172249	1.599393	7.505304
7692	-8203.085	-8454.955	251.8703	0.8713014	1.50121	6.313051
7698	-8205.434	-8455.437	250.0026	0.7893077	1.47155	7.376714
7704	-8212.165	-8462.367	250.2014	0.8021787	1.7128	7.172138
7710	-8216.898	-8468.045	251.1466	0.8021787	1.528209	6.731733
7716	-8224.764	-8475.545	250.7807	0.8290068	1.559289	6.902651
7722	-8209.828	-8460.619	250.7918	0.8022708	1.559289	6.911104
7728	-8206.981	-8457.827	250.8451	0.8218613	1.445578	6.916746
7734	-8220.603	-8471.283	250.6801	0.9077655	1.553274	6.916746
7740	-8224.143	-8476.306	252.1634	0.8749909	1.46892	6.164742
7746	-8229.184	-8479.282	250.0982	0.7574961	1.499201	7.331529
7752	-8207.388	-8457.448	250.0599	0.7363835	1.395168	7.405521
7758	-8199.828	-8449.668	249.8395	0.8010232	1.607308	7.405521
7764	-8203.244	-8454.329	251.0852	0.8064104	1.466738	6.786997
7770	-8197.468	-8448.65	251.1823	0.8074024	1.589452	6.686037
7776	-8204.756	-8456.367	251.6109	0.8396759	1.659367	6.410431
7782	-8197.276	-8448.535	251.2584	0.8859788	1.647252	6.580745
7788	-8196.173	-8448.069	251.8958	0.9645248	1.694736	6.174916
7794	-8201.653	-8452.861	251.2082	0.8339215	1.836782	6.569031
7800	-8208.27	-8459.455	251.1851	0.933526	1.836782	6.527589
7806	-8209.219	-8460.969	251.75	0.903988	1.754502	6.265698
7812	-8208.614	-8460.184	251.5699	0.903988	1.775257	6.356222
7818	-8199.834	-8450.634	250.7998	0.8786901	1.682728	6.819491
7824	-8214.249	-8465.552	251.3027	0.8790086	1.546416	6.598765
7830	-8215.585	-8464.568	248.9838	0.7517269	1.505258	7.928558
7836	-8217.084	-8467.443	250.3585	0.7964757	1.362441	7.226812
7842	-8206.924	-8457.095	250.1706	0.8345437	1.643766	7.196298
7848	-8203.404	-8454.572	251.1681	0.8807653	1.598381	6.650671
7854	-8214.261	-8466.549	252.2885	0.7743899	1.567075	6.112523
7860	-8207.201	-8457.396	250.1944	0.733785	1.567075	7.266318
7866	-8198.737	-8450.135	251.3975	0.8033883	1.919123	6.455559
7872	-8194.379	-8445.794	251.4149	0.9112015	1.720912	6.455559
7878	-8198.703	-8450.003	251.3007	0.8968809	1.720912	6.525226
7884	-8198.682	-8449.822	251.1403	0.8711601	1.630879	6.658729
