Iteration	Posterior	Likelihood	Prior	rate_log_sd	rate_loss	tree_length
0	-8201.028	-8452.615	251.5868	0.8542578	1.553354	6.455631
6	-8195.645	-8446.96	251.3149	0.8559376	1.720764	6.539719
12	-8209.835	-8459.81	249.9748	0.7568658	1.444578	7.419885
18	-8210.806	-8460.822	250.0157	0.7709356	1.491108	7.371759
24	-8204.133	-8455.201	251.0681	0.8509592	1.522077	6.750178
30	-8210.417	-8462.968	252.5504	0.9790201	1.702524	5.807057
36	-8209.004	-8458.879	249.8746	0.8747234	1.651394	7.330858
42	-8206.771	-8457.573	250.8024	0.8793935	1.608222	6.845226
48	-8203.901	-8453.374	249.4735	0.8924085	1.538978	7.578541
54	-8207.687	-8457.253	249.5651	0.8844848	1.791435	7.442007
60	-8208.417	-8457.961	249.5439	0.8773513	1.71416	7.484162
66	-8211.549	-8462.398	250.8487	0.8083142	1.674398	6.834114
72	-8204.597	-8455.189	250.5924	0.8166083	1.711413	6.954497
78	-8201.723	-8453.405	251.6815	0.8483233	1.56172	6.404274
84	-8204.361	-8454.619	250.2586	0.8774239	1.616378	7.136083
90	-8204.922	-8457.383	252.4613	0.9785638	1.287969	6.023373
96	-8205.341	-8457.928	252.587	0.9151129	1.425201	5.929924
102	-8214.282	-8465.402	251.1196	0.8990604	1.701842	6.628869
108	-8216.84	-8468.455	251.6151	0.8854116	1.733946	6.356335
114	-8208.228	-8459.256	251.028	0.8274747	1.733107	6.705885
120	-8217.56	-8468.214	250.6538	0.8051645	1.448517	7.027608
126	-8222.076	-8473.943	251.8669	0.8589144	1.789006	6.214546
132	-8215.895	-8467.715	251.8197	0.9238843	1.789006	6.204886
138	-8215.61	-8467.057	251.4472	0.9055296	1.521974	6.51571
144	-8212.674	-8463.831	251.1565	0.9165768	1.521974	6.666997
150	-8205.972	-8457.412	251.4395	0.8781374	1.64437	6.488043
156	-8204.595	-8455.971	251.3753	0.9553935	1.625349	6.488043
162	-8193.365	-8443.48	250.1153	0.7598908	1.491286	7.324221
168	-8200.34	-8451.456	251.1165	0.7701746	1.730684	6.689882
174	-8205.669	-8457.958	252.2891	0.9111374	1.487607	6.069055
180	-8204.56	-8453.902	249.3419	0.7525511	1.430366	7.766723
186	-8211.618	-8461.195	249.5775	0.7877062	1.52918	7.582711
192	-8201.785	-8451.441	249.6556	0.7387341	1.489293	7.582711
198	-8195.279	-8445.861	250.5817	0.8183943	1.407728	7.076005
204	-8205.199	-8454.829	249.6306	0.8506686	1.72394	7.448531
210	-8221.577	-8471.405	249.8277	0.7511684	1.580764	7.448531
216	-8216.516	-8466.395	249.8784	0.7585132	1.499985	7.448531
222	-8215.489	-8465.453	249.964	0.7409928	1.409496	7.448531
228	-8212.692	-8465.043	252.3508	0.8829814	1.462136	6.061092
234	-8205.311	-8457.316	252.0049	0.9760354	1.547346	6.164761
240	-8200.357	-8451.609	251.252	0.8240616	1.52185	6.665432
246	-8208.563	-8459	250.4362	0.9350807	1.569523	7.027147
252	-8209.983	-8460.872	250.8887	0.9827127	1.932191	6.629612
258	-8200.594	-8452.494	251.9006	0.9827127	1.475803	6.246287
264	-8200.962	-8454.175	253.2127	0.9760512	1.614174	5.478266
270	-8201.908	-8454.182	252.2739	0.9760512	1.812944	5.920642
276	-8208.664	-8460.757	252.0928	0.8605461	1.436208	6.224349
282	-8214.907	-8466.76	251.853	0.9928813	1.615618	6.212051
288	-8205.593	-8458.357	252.7633	0.9548942	1.615618	5.736036
294	-8205.681	-8456.942	251.2613	0.8556133	1.469059	6.664384
300	-8209.853	-8460.349	250.4956	0.8556133	1.517693	7.057998
306	-8206.386	-8456.555	250.1692	0.7906358	1.572401	7.247279
312	-8206.554	-8456.455	249.9012	0.8249127	1.643276	7.346254
318	-8218.387	-8468.161	249.7735	0.8401745	1.789343	7.354771
324	-8215.315	-8466.498	251.1831	0.872797	1.780862	6.580758
330	-8209.828	-8459.655	249.8272	0.8977348	1.623941	7.35403
336	-8202.238	-8452.22	249.9825	0.742446	1.623941	7.35403
342	-8204.896	-8454.736	249.8398	0.8204982	1.719757	7.35403
348	-8208.565	-8458.193	249.6278	0.7663353	1.484386	7.584766
354	-8203.855	-8454.129	250.2745	0.7577767	1.388696	7.281625
360	-8201.738	-8451.894	250.1563	0.7616127	1.607315	7.256672
366	-8197.381	-8446.669	249.2877	0.7981501	1.607315	7.70247
372	-8199.612	-8449.986	250.3743	0.7793166	1.341938	7.236309
378	-8201.207	-8452.639	251.4321	0.8640488	1.52994	6.543206
384	-8212.787	-8464.398	251.6113	0.8686283	1.628161	6.406097
390	-8216.177	-8467.502	251.3255	0.9228727	1.808886	6.466868
396	-8211.93	-8463.959	252.0294	0.9868988	1.698553	6.08863
402	-8219.122	-8472.101	252.9786	0.9154373	1.698553	5.608738
408	-8211.993	-8464.825	252.8321	0.9848358	1.806452	5.612501
414	-8213.353	-8466.359	253.0064	0.9443697	1.400632	5.694864
420	-8219.026	-8469.323	250.2969	0.825803	1.618463	7.142459
426	-8220.724	-8471.334	250.6107	0.8328669	1.727597	6.930098
432	-8204.283	-8455.79	251.5074	0.8504982	1.563089	6.496942
438	-8204.751	-8455.108	250.3562	0.7707543	1.563089	7.161029
444	-8208.63	-8459.588	250.9579	0.8358854	1.434302	6.852978
450	-8221.58	-8471.349	249.7695	0.7929973	1.464177	7.502648
456	-8219.125	-8470.505	251.3797	0.8314458	1.397727	6.642743
462	-8217.759	-8469.935	252.1756	0.9762834	1.707781	6.011372
468	-8202.552	-8454.269	251.7165	0.9293433	1.738528	6.275805
474	-8206.462	-8457.212	250.75	0.8744924	1.567721	6.891453
480	-8203.449	-8454.344	250.8942	0.8801888	1.6541	6.778228
486	-8197.675	-8449.34	251.6646	0.9330284	1.846982	6.264294
492	-8197.699	-8448.821	251.122	0.9512753	1.548686	6.656475
498	-8197.095	-8448.2	251.105	0.8890203	1.662486	6.656475
504	-8202.129	-8455.645	253.5159	0.9694061	1.662486	5.296593
510	-8193.986	-8447.283	253.2972	1.009803	1.627094	5.408253
516	-8191.673	-8443.166	251.493	0.9047791	1.848592	6.372275
522	-8189.894	-8440.322	250.4276	0.8460788	1.640645	7.053004
528	-8189.743	-8440.415	250.6719	0.8023462	1.367429	7.053004
534	-8194.909	-8444.798	249.8884	0.8023462	1.501608	7.419043
540	-8213.006	-8463.113	250.1063	0.756152	1.281297	7.419043
546	-8228.832	-8478.997	250.1656	0.8401468	1.5604	7.227224
552	-8218.759	-8468.153	249.3935	0.8429303	1.527307	7.652311
558	-8214.643	-8465.682	251.0392	0.7935055	1.299436	6.88938
564	-8226.201	-8479.361	253.1597	0.9765034	1.518046	5.544701
570	-8203.245	-8454.093	250.8479	0.9041315	1.487544	6.853991
576	-8216.036	-8465.113	249.0771	0.8245629	1.75077	7.749343
582	-8212.193	-8463.698	251.5056	0.9575737	1.796252	6.354707
588	-8200.289	-8452.094	251.8058	0.8968967	1.876139	6.19735
594	-8196.732	-8446.856	250.1237	0.7915961	1.586474	7.265891
600	-8195.474	-8446.595	251.1206	0.7789984	1.602175	6.729921
606	-8187.453	-8437.904	250.4511	0.8665126	1.526547	7.072602
612	-8190.844	-8442.791	251.947	0.8303905	1.486693	6.299438
618	-8190.108	-8442.158	252.0501	0.8625786	1.486693	6.225919
624	-8186.778	-8438.744	251.9657	0.9139491	1.531945	6.225919
630	-8189.129	-8440.943	251.8146	0.8529971	1.581158	6.322038
636	-8191.135	-8441.333	250.1976	0.8353711	1.474594	7.246116
642	-8197.183	-8447.713	250.5297	0.7925932	1.690236	7.008773
648	-8207.509	-8456.789	249.2803	0.8236839	1.690236	7.662523
654	-8208.369	-8459.233	250.8634	0.8212289	1.690236	6.813507
660	-8203.143	-8454.365	251.222	0.8212289	1.465854	6.705465
666	-8200.086	-8451.532	251.4468	0.865624	1.652573	6.487811
672	-8216.888	-8468.57	251.6818	0.9751158	1.799023	6.248568
678	-8222.851	-8475.204	252.3533	0.8928729	1.623063	5.991262
684	-8211.751	-8462.36	250.6092	0.7946542	1.791854	6.929031
690	-8209.818	-8460.631	250.8129	0.7872227	1.675939	6.864257
696	-8217.985	-8469.023	251.038	0.8160313	1.465183	6.807896
702	-8217.59	-8467.395	249.8052	0.7649174	1.526441	7.474011
708	-8207.242	-8457.041	249.7991	0.7711828	1.526176	7.474011
714	-8199.83	-8450.929	251.0989	0.8077975	1.63566	6.713549
720	-8211.952	-8463.727	251.7754	0.9027533	1.696413	6.273368
726	-8210.903	-8462.977	252.0737	0.9363661	1.5122	6.162773
732	-8206.615	-8456.196	249.5806	0.8091071	1.5122	7.576202
738	-8200.861	-8452.368	251.507	0.8762167	1.469555	6.520112
744	-8193.878	-8444.59	250.7119	0.8974007	1.515117	6.92005
750	-8201.833	-8452.63	250.7971	0.9200245	1.842696	6.742726
756	-8207.701	-8458.836	251.135	0.8530083	1.577253	6.691606
762	-8208.851	-8459.782	250.9315	0.8431625	1.644632	6.781568
768	-8196.24	-8447.73	251.4907	0.8948367	1.59877	6.4683
774	-8199.555	-8450.926	251.371	0.9099476	1.60417	6.522916
780	-8201.987	-8453.958	251.9708	0.9099476	1.790775	6.129631
786	-8197.547	-8448.594	251.0471	0.8402458	1.505295	6.773935
792	-8205.982	-8456.525	250.5425	0.7875464	1.751854	6.982716
798	-8205.482	-8455.932	250.4504	0.8628367	1.542539	7.068748
804	-8207.911	-8458.295	250.3846	0.7878904	1.467881	7.173874
810	-8204.54	-8456.069	251.529	0.8731569	1.510474	6.493487
816	-8198.431	-8450.713	252.282	0.8582502	1.555531	6.07482
822	-8194.385	-8447.335	252.9501	0.917081	1.515265	5.693505
828	-8194.404	-8445.295	250.8915	0.8354678	1.642104	6.808212
834	-8194.482	-8446.569	252.087	0.8286093	1.655636	6.159214
840	-8192.096	-8442.336	250.2407	0.81262	1.393343	7.268384
846	-8183.962	-8434.179	250.2177	0.81262	1.510464	7.233363
852	-8192.839	-8443.345	250.506	0.8089513	1.548369	7.065588
858	-8184.17	-8433.821	249.6514	0.8531995	1.548369	7.50064
864	-8191.426	-8441.625	250.1995	0.8368497	1.67439	7.168324
870	-8187.497	-8439.938	252.4409	0.9324481	1.481561	5.9771
876	-8201.939	-8454.726	252.7873	0.9040564	1.461171	5.81167
882	-8198.904	-8450.69	251.7868	0.8673279	1.509712	6.357164
888	-8201.376	-8453.504	252.1281	0.8246401	1.657731	6.138213
894	-8197.81	-8447.987	250.1769	0.8177081	1.557804	7.23419
900	-8207.747	-8460.247	252.5004	0.8558094	1.535163	5.965037
906	-8202.293	-8454.371	252.0774	0.9409267	1.668988	6.098366
912	-8188.474	-8439.384	250.9095	0.8236662	1.474688	6.869303
918	-8199.436	-8449.327	249.8912	0.8672551	1.693675	7.31066
924	-8199.709	-8451.014	251.3057	0.8672551	1.606222	6.580628
930	-8201.328	-8452.686	251.3571	0.8924718	1.775331	6.477832
936	-8215.707	-8467.177	251.4697	0.9268167	1.558265	6.477832
942	-8220.674	-8472.452	251.7781	0.9358124	1.527763	6.317604
948	-8210.256	-8461.928	251.6722	0.9358124	1.679582	6.317604
954	-8190.878	-8442.5	251.6221	0.9358124	1.699773	6.337431
960	-8200.444	-8452.645	252.2011	0.8636948	1.75085	6.043426
966	-8205.13	-8455.858	250.7279	0.905288	1.75085	6.819677
972	-8200.635	-8450.529	249.8942	0.7661906	1.717116	7.354895
978	-8220.842	-8471.164	250.3219	0.7491655	1.792198	7.108079
984	-8210.687	-8460.258	249.571	0.8144386	1.512193	7.578456
990	-8210.433	-8461.197	250.7633	0.8154343	1.541761	6.926106
996	-8211.162	-8462.424	251.2616	0.8445969	1.416743	6.691583
1002	-8199.051	-8448.756	249.7056	0.761527	1.526589	7.529138
1008	-8201.139	-8451.186	250.0476	0.7695725	1.395151	7.394335
1014	-8198.503	-8448.564	250.0611	0.799103	1.340561	7.394335
1020	-8207.3	-8456.932	249.6321	0.8310919	1.579655	7.51092
1026	-8197.371	-8447.197	249.8252	0.8298752	1.494096	7.441147
1032	-8201.411	-8450.826	249.4147	0.7698592	1.527764	7.679908
1038	-8194.202	-8443.978	249.7757	0.726038	1.359818	7.578178
1044	-8205.464	-8454.421	248.9574	0.7892475	1.380167	7.973129
1050	-8218.006	-8466.876	248.8698	0.7675166	1.525368	7.973129
1056	-8199.693	-8448.78	249.0878	0.7786497	1.617266	7.816073
1062	-8201.597	-8452.869	251.2725	0.8216469	1.505971	6.661951
1068	-8203.067	-8454.786	251.7192	0.8241667	1.168082	6.56609
1074	-8194.147	-8445.181	251.0331	0.7957492	1.33297	6.876773
1080	-8201.125	-8453.567	252.4419	0.8987174	1.730743	5.900095
1086	-8209.054	-8462.123	253.069	0.9213424	1.517905	5.624903
1092	-8207.492	-8459.132	251.6393	0.9301705	1.502692	6.405904
1098	-8208.897	-8460.229	251.3315	0.8626763	1.660667	6.548889
1104	-8206.043	-8455.784	249.7406	0.8136441	1.501586	7.492215
1110	-8213.064	-8463.382	250.3178	0.8902508	1.583959	7.109527
1116	-8205.358	-8455.744	250.3854	0.7850258	1.704878	7.085243
1122	-8198.007	-8448.104	250.0971	0.7850258	1.566946	7.291103
1128	-8189.536	-8439.66	250.1235	0.7936042	1.52122	7.289961
1134	-8205.062	-8455.457	250.3946	0.7552024	1.650132	7.116163
1140	-8201.788	-8451.524	249.7356	0.7754161	1.609215	7.474217
1146	-8215.505	-8465.404	249.899	0.7340599	1.440915	7.474217
1152	-8217.452	-8467.173	249.7207	0.7667637	1.563443	7.504061
1158	-8218.325	-8469.254	250.9294	0.779602	1.488939	6.876609
1164	-8211.499	-8462.432	250.9323	0.8093431	1.445333	6.876609
1170	-8211.102	-8461.522	250.4197	0.7884371	1.691061	7.069937
1176	-8202.613	-8453.88	251.2677	0.825743	1.581126	6.633151
1182	-8205.575	-8457.815	252.2402	0.8625612	1.300536	6.201302
1188	-8197.11	-8447.529	250.4196	0.8897684	1.526776	7.076965
1194	-8188.823	-8440.479	251.6558	0.863052	1.568957	6.407393
1200	-8199.775	-8449.996	250.2209	0.8439675	1.71543	7.138289
1206	-8196.815	-8449.099	252.2846	0.9169343	1.639011	6.009624
1212	-8193.373	-8445.491	252.1183	0.9600654	1.639011	6.076748
1218	-8198.868	-8450.87	252.0021	0.9304776	1.862783	6.076748
1224	-8203.179	-8454.54	251.3603	0.9082448	1.880235	6.431737
1230	-8200.137	-8451.661	251.5247	0.8340762	1.652954	6.462547
1236	-8196.214	-8448.541	252.327	0.920307	1.698276	5.962773
1242	-8222.189	-8472.85	250.6609	0.8977895	1.503849	6.951721
1248	-8222.622	-8473.426	250.8044	0.8274372	1.503849	6.912339
1254	-8216.029	-8466.815	250.7854	0.8126451	1.550483	6.912339
1260	-8218.765	-8469.596	250.8308	0.8751597	1.737169	6.785186
1266	-8212.485	-8464.205	251.7192	0.8283183	1.657276	6.358587
1272	-8223.838	-8475.845	252.0071	0.935722	1.724048	6.119437
1278	-8219.479	-8468.796	249.3166	0.7799432	1.628361	7.688972
1284	-8227.873	-8479.112	251.2386	0.9166392	1.741642	6.54074
1290	-8208.657	-8459.708	251.0506	0.8179517	1.514807	6.780314
1296	-8196.638	-8447.069	250.4302	0.7789916	1.514807	7.135553
1302	-8208.519	-8458.949	250.4307	0.7588559	1.793894	7.043745
1308	-8201.814	-8452.841	251.0273	0.8222074	1.40624	6.834535
1314	-8197.788	-8449.335	251.5475	0.9036497	1.566898	6.444912
1320	-8194.634	-8446.108	251.4743	0.9036497	1.475322	6.520625
1326	-8194.995	-8446.514	251.5189	0.8590667	1.475322	6.520625
1332	-8196.081	-8447.267	251.1864	0.7956329	1.663028	6.662738
1338	-8200.056	-8451.152	251.096	0.8606602	1.454016	6.757029
1344	-8206.459	-8458.822	252.3634	0.8192384	1.399586	6.114874
1350	-8204.888	-8454.89	250.0028	0.8349119	1.831963	7.219948
1356	-8201.174	-8451.353	250.1786	0.7937557	1.627415	7.219948
1362	-8201.141	-8452.195	251.0547	0.8534324	1.500478	6.764621
1368	-8211.423	-8462.54	251.1176	0.9015073	1.629909	6.654957
1374	-8218.008	-8470.252	252.244	0.9287805	1.629909	6.028676
1380	-8221.983	-8473.537	251.5542	0.8563343	1.400255	6.533836
1386	-8212.63	-8464.165	251.5344	0.8760561	1.400255	6.533836
1392	-8206.595	-8458.034	251.439	0.8622121	1.588813	6.517755
1398	-8208.751	-8460.248	251.4971	0.8588003	1.498626	6.523232
1404	-8205.911	-8457.027	251.1161	0.7799313	1.465383	6.785181
1410	-8202.995	-8454.5	251.5048	0.8455117	1.436787	6.551272
1416	-8211.277	-8461.212	249.9356	0.8111622	1.482306	7.396659
1422	-8212.802	-8463.682	250.8792	0.7693613	1.369521	6.958258
1428	-8203.243	-8454.37	251.127	0.7767109	1.406654	6.805083
1434	-8188.685	-8438.787	250.1017	0.7767109	1.461355	7.33442
1440	-8192.553	-8443.376	250.8226	0.7896439	1.532643	6.911609
1446	-8186.529	-8437.084	250.5548	0.8590358	1.867208	6.898094
1452	-8188.945	-8440.759	251.8144	0.9545041	1.747606	6.205677
1458	-8192.406	-8444.995	252.5885	1.000824	1.416302	5.886016
1464	-8196.499	-8449.819	253.3193	1.053251	1.678906	5.3527
1470	-8195.111	-8448.65	253.5385	1.024218	1.476574	5.326665
1476	-8196.831	-8449.886	253.0545	1.01844	1.613118	5.542369
1482	-8195.441	-8448.018	252.5771	0.9468181	1.779231	5.782658
1488	-8201.326	-8452.312	250.9855	0.8947992	1.779231	6.676283
1494	-8200.16	-8450.818	250.6586	0.8336472	1.779231	6.885785
1500	-8199.588	-8450.321	250.7333	0.8237088	1.680693	6.885785
1506	-8196.586	-8448.379	251.793	0.8428601	1.873262	6.234647
1512	-8202.653	-8453.686	251.0327	0.8497531	1.872988	6.643191
1518	-8201.356	-8453.104	251.748	0.8762349	1.507098	6.374432
1524	-8196.165	-8447.572	251.4077	0.8762349	1.749649	6.468218
1530	-8193.525	-8445.209	251.6835	0.8660826	1.377288	6.468218
1536	-8200.955	-8451.634	250.679	0.8660826	1.38801	7.006205
1542	-8198.151	-8449.104	250.9531	0.8159986	1.514447	6.834141
1548	-8196.995	-8447.133	250.1386	0.8685219	1.488433	7.254497
1554	-8191.042	-8440.876	249.8344	0.7778974	1.488433	7.466324
1560	-8196.734	-8446.659	249.9257	0.6962246	1.475441	7.466324
1566	-8200.064	-8449.712	249.6473	0.7966449	1.398355	7.592946
1572	-8200.728	-8451.495	250.7661	0.7966449	1.652117	6.893086
1578	-8195.551	-8447.552	252.0008	0.8243965	1.435608	6.294236
1584	-8188.976	-8440.617	251.6407	0.8657647	1.640796	6.387006
1590	-8194.981	-8446.317	251.336	0.8323133	1.5587	6.601213
1596	-8198.596	-8449.271	250.6747	0.8136261	1.448182	7.0119
1602	-8206.558	-8456.916	250.3577	0.8037205	1.482763	7.173878
1608	-8215.273	-8465.656	250.3823	0.8275408	1.349568	7.202823
1614	-8204.056	-8455.368	251.3119	0.8992683	1.702546	6.524439
1620	-8203.409	-8455.807	252.3976	0.9688242	1.599871	5.934404
1626	-8192.452	-8445.812	253.3601	1.01675	1.68646	5.347509
1632	-8192.877	-8444.169	251.2917	0.8863874	1.462795	6.633821
1638	-8199.205	-8451.014	251.8086	0.8665905	1.531698	6.337089
1644	-8197.836	-8449.302	251.466	0.8290922	1.531698	6.543119
1650	-8190.255	-8442.051	251.796	0.8472254	1.388199	6.412801
1656	-8196.869	-8448.425	251.556	0.8434395	1.388946	6.544602
1662	-8202.56	-8454.424	251.8644	0.8754008	1.483415	6.321178
1668	-8200.829	-8451.73	250.9013	0.7931369	1.499053	6.880458
1674	-8200.551	-8452.55	251.9993	0.8578896	1.559077	6.227511
1680	-8202.466	-8452.386	249.9199	0.8423212	1.359619	7.438754
1686	-8211.597	-8462.998	251.4015	0.8242337	1.386721	6.639481
1692	-8228.975	-8481.305	252.3309	1.022426	1.563584	5.955526
1698	-8226.104	-8479.352	253.2487	1.023712	1.731052	5.388777
1704	-8219.991	-8472.222	252.2304	0.8996741	1.528092	6.091146
1710	-8231.951	-8483.932	251.9816	0.9104558	1.600138	6.192795
1716	-8222.888	-8473.783	250.8942	0.8146896	1.638305	6.819394
1722	-8217.356	-8468.178	250.8229	0.8146896	1.687442	6.839874
1728	-8195.449	-8446.636	251.1865	0.8383797	1.572838	6.673361
1734	-8200.989	-8452.616	251.6276	0.8581278	1.455467	6.470299
1740	-8201.653	-8454.626	252.9727	0.9436418	1.726232	5.586394
1746	-8205.094	-8458.18	253.0857	1.002867	1.479603	5.586394
1752	-8209.074	-8460.134	251.0595	0.9624354	1.552852	6.682614
1758	-8200.401	-8452.876	252.4749	0.9423228	1.737912	5.85565
1764	-8205.533	-8457.512	251.9785	0.937852	1.737912	6.128887
1770	-8196.659	-8448.833	252.1745	0.8754805	1.787617	6.038567
1776	-8197.119	-8448.65	251.5308	0.8513073	1.787617	6.401705
1782	-8198.799	-8450.305	251.5058	0.797535	1.913961	6.401705
1788	-8190.244	-8440.455	250.2111	0.797535	1.417372	7.28242
1794	-8190.425	-8440.973	250.5481	0.8218402	1.701728	6.978994
1800	-8195.459	-8446.893	251.4334	0.9239122	1.495897	6.523546
1806	-8203.678	-8455.289	251.6108	0.8219486	1.396094	6.523546
1812	-8205.488	-8455.829	250.3412	0.8351743	1.396094	7.201133
1818	-8196.175	-8446.491	250.3159	0.824754	1.623324	7.130991
1824	-8202.06	-8453.617	251.5571	0.8186087	1.607289	6.4704
1830	-8208.796	-8459.138	250.3422	0.7793385	1.726601	7.10385
1836	-8194.878	-8444.915	250.0362	0.8162731	1.554956	7.3116
1842	-8204.271	-8454.235	249.964	0.8359408	1.629896	7.3116
1848	-8206.871	-8458.126	251.2557	0.8827878	1.80764	6.526815
1854	-8203.868	-8456.466	252.5973	0.9467827	1.586608	5.842397
1860	-8201.208	-8453.453	252.2443	0.8997786	1.801615	5.982372
1866	-8208.441	-8460.616	252.1746	0.8997786	1.626819	6.083503
1872	-8213.493	-8465.147	251.6536	0.8754397	1.441092	6.452682
1878	-8203.141	-8454.994	251.8532	0.8740999	1.510914	6.31699
1884	-8196.26	-8448.132	251.8722	0.887439	1.622928	6.256184
1890	-8201.457	-8451.384	249.9271	0.887439	1.749097	7.260909
1896	-8199.736	-8450.863	251.127	0.836665	1.668309	6.670754
1902	-8221.8	-8473.457	251.6572	0.805746	1.794492	6.35548
1908	-8211.951	-8464.21	252.2588	0.8730639	1.580816	6.069657
1914	-8205.516	-8457.696	252.1795	0.8692227	1.518243	6.139321
1920	-8196.574	-8447.207	250.6332	0.8157373	1.560574	6.988805
1926	-8203.615	-8453.166	249.5513	0.7875325	1.534757	7.594665
1932	-8199.191	-8448.584	249.3926	0.7692544	1.534859	7.689272
1938	-8203.818	-8454.704	250.886	0.7994641	1.596327	6.847724
1944	-8193.24	-8444.655	251.4146	0.8805363	1.787473	6.448923
1950	-8194.471	-8445.802	251.3313	0.8805363	1.665402	6.537599
1956	-8197.38	-8449.373	251.9937	0.9375516	1.401814	6.250722
1962	-8196.57	-8448.803	252.2327	0.8858668	1.638707	6.054945
1968	-8204.05	-8456.668	252.618	0.9272346	1.619576	5.829229
1974	-8198.185	-8449.157	250.9726	0.8236272	1.573374	6.796651
1980	-8200.257	-8452.103	251.8464	0.8571879	1.573374	6.305479
1986	-8195.912	-8448.622	252.7102	0.9137454	1.573374	5.803847
1992	-8206.772	-8458.862	252.0895	0.9521882	1.742536	6.058983
1998	-8200.677	-8451.732	251.055	0.8412302	1.465373	6.785066
2004	-8207.749	-8459.205	251.4559	0.8905653	1.497928	6.528604
2010	-8209.942	-8462.502	252.5604	0.8905653	1.764524	5.827718
2016	-8203.871	-8454.125	250.2541	0.9088003	1.714004	7.086038
2022	-8201.566	-8452.145	250.5784	0.8083564	1.297493	7.130371
2028	-8205.355	-8456.341	250.9855	0.8090336	1.513387	6.820812
2034	-8206.634	-8457.208	250.5745	0.8255869	1.57261	7.010508
2040	-8214.693	-8465.391	250.6981	0.8591384	1.913154	6.805545
2046	-8208.731	-8459.998	251.2672	0.8415197	1.880535	6.518216
2052	-8204.173	-8456.163	251.9907	0.9342221	1.890137	6.071721
2058	-8200.824	-8453.086	252.262	0.8994224	1.890137	5.942699
2064	-8193.343	-8444.526	251.1821	0.8093026	1.77019	6.619369
2070	-8205.673	-8457.092	251.4195	0.7831648	1.736915	6.516772
2076	-8199.348	-8450.496	251.1476	0.7831648	1.499989	6.752566
2082	-8201.055	-8452.634	251.5796	0.8592073	1.479141	6.48612
2088	-8204.24	-8455.708	251.4677	0.8556605	1.648534	6.483359
2094	-8201.608	-8452.931	251.3231	0.7998177	1.823946	6.529652
2100	-8201.874	-8452.375	250.5002	0.827773	1.828647	6.957378
2106	-8199.509	-8451.681	252.1725	0.9132557	1.773033	6.024173
2112	-8185.062	-8437.33	252.2678	0.9132557	1.629934	6.024173
2118	-8185.019	-8436.81	251.7915	0.8244614	1.629934	6.331603
2124	-8198.643	-8450.9	252.2573	0.8847666	1.603773	6.055311
2130	-8193.373	-8445.929	252.5559	0.9351271	1.294124	5.992695
2136	-8200.227	-8451.848	251.6209	0.9351271	1.459229	6.43067
2142	-8204.083	-8456.351	252.268	0.91433	1.813364	5.957446
2148	-8196.237	-8447.628	251.3907	0.8910901	1.532304	6.550062
2154	-8201.104	-8452.676	251.572	0.8910901	1.532304	6.451894
2160	-8199.423	-8450.955	251.5324	0.9001565	1.493322	6.483808
2166	-8205.102	-8457.242	252.1398	0.8957822	1.5877	6.119436
2172	-8214.483	-8465.752	251.2687	0.7915013	1.537217	6.668003
2178	-8212.348	-8463.599	251.2508	0.8185104	1.657652	6.617524
2184	-8212.662	-8464.885	252.2229	0.8540989	1.65114	6.072987
2190	-8213.909	-8465.042	251.1327	0.7782793	1.65114	6.705542
2196	-8217.838	-8467.725	249.8871	0.7409864	1.603714	7.413497
2202	-8208.034	-8458.186	250.1528	0.7609598	1.739977	7.210789
2208	-8211.526	-8462.957	251.431	0.847587	1.658163	6.504086
2214	-8213.716	-8466.184	252.4678	0.901277	1.529911	5.960088
2220	-8199.576	-8451.054	251.4775	0.9210181	1.488756	6.504099
2226	-8208.773	-8460.106	251.3331	0.8986478	1.494712	6.592018
2232	-8204.504	-8455.911	251.4076	0.8396985	1.362296	6.638217
2238	-8204.488	-8456.259	251.7711	0.9642377	1.513902	6.311397
2244	-8215.58	-8466.238	250.6586	0.8477462	1.817814	6.86489
2250	-8215.815	-8467.389	251.5739	0.8496951	1.667646	6.422008
2256	-8212.278	-8463.996	251.7177	0.8010521	1.531462	6.422008
2262	-8214.575	-8465.715	251.1406	0.8336484	1.645753	6.673318
2268	-8218.007	-8469.177	251.1701	0.8529101	1.575542	6.673318
2274	-8219.48	-8470.484	251.0044	0.8299408	1.596241	6.767378
2280	-8230.639	-8482.156	251.5169	0.8578595	1.767306	6.412757
2286	-8214.076	-8465.466	251.39	0.8421281	1.765316	6.490782
2292	-8220.44	-8471.268	250.8274	0.8257857	1.940307	6.74494
2298	-8204.044	-8455.697	251.653	0.8560033	1.69378	6.366188
2304	-8207.956	-8459.737	251.7809	0.9214661	1.538505	6.319647
2310	-8214.386	-8467.157	252.7707	0.8020486	1.447564	5.88209
2316	-8207.326	-8458.13	250.8047	0.8295665	1.57186	6.884616
2322	-8207.986	-8458.996	251.0098	0.8029191	1.425755	6.84628
2328	-8205.748	-8456.166	250.4181	0.7666608	1.740319	7.06499
2334	-8205.631	-8457.561	251.9299	0.8400434	1.595964	6.260812
2340	-8198.578	-8449.933	251.355	0.8400434	1.640282	6.55592
2346	-8201.171	-8453.504	252.333	0.8584889	1.569222	6.041593
2352	-8196.549	-8448.016	251.4676	0.8080208	1.514571	6.560403
2358	-8196.58	-8448.13	251.5498	0.8819503	1.902419	6.335804
2364	-8207.757	-8460.916	253.1593	0.9293587	1.658065	5.516765
2370	-8204.923	-8457.116	252.1924	0.8376141	1.658065	6.095998
2376	-8208.983	-8460.332	251.349	0.8212493	1.572844	6.594779
2382	-8207.614	-8457.476	249.8623	0.8792741	1.626222	7.344245
2388	-8213.123	-8464.273	251.1492	0.8060559	1.417702	6.772675
2394	-8208.406	-8459.74	251.3343	0.8215004	1.617048	6.585801
2400	-8199.12	-8450.5	251.3808	0.7833896	1.59309	6.590323
2406	-8206.661	-8458.052	251.3904	0.8080382	1.446739	6.62936
2412	-8209.267	-8461.118	251.8506	0.886101	1.554832	6.294619
2418	-8195.655	-8447.681	252.0269	0.9143599	1.554832	6.18347
2424	-8200.805	-8452.239	251.4335	0.8602269	1.678492	6.48844
2430	-8204.412	-8456.897	252.4854	0.8699486	1.448941	6.000239
2436	-8212.141	-8463.405	251.2636	0.911341	1.540636	6.604664
2442	-8209.825	-8462.85	253.0246	0.9520882	1.486308	5.645113
2448	-8204.359	-8456.054	251.6953	0.8964735	1.588933	6.360194
2454	-8199.029	-8449.88	250.8518	0.8697337	1.588933	6.831031
2460	-8198.726	-8449.612	250.8861	0.8890655	1.635569	6.784648
2466	-8198.762	-8450.196	251.4335	0.8680896	1.400892	6.592533
2472	-8216.859	-8466.77	249.9111	0.8684697	1.523769	7.362751
2478	-8206.419	-8456.708	250.2891	0.793231	1.618244	7.164246
2484	-8203.684	-8453.878	250.1935	0.8469177	1.618244	7.186741
2490	-8210.237	-8461.252	251.0148	0.8326495	1.700168	6.72199
2496	-8203.29	-8454.648	251.3578	0.8246546	1.700168	6.540822
2502	-8206.306	-8457.197	250.891	0.8152511	1.630979	6.823525
2508	-8204.461	-8454.5	250.0389	0.7986629	1.5307	7.32892
2514	-8205.465	-8456.757	251.2917	0.7808396	1.836685	6.552598
2520	-8205.708	-8457.007	251.2993	0.7913252	1.492731	6.669109
2526	-8214.054	-8464.308	250.2541	0.8094539	1.492731	7.222497
2532	-8223.066	-8472.712	249.6458	0.8011379	1.492731	7.553162
2538	-8215.604	-8466.437	250.8334	0.8011379	1.44319	6.935207
2544	-8204.082	-8454.668	250.5862	0.8011379	1.777856	6.942812
2550	-8208.085	-8458.736	250.6512	0.8154207	1.593923	6.966544
2556	-8219.388	-8469.146	249.7574	0.7923894	1.80043	7.38525
2562	-8222.922	-8475.184	252.2613	0.8765269	2.121719	5.881492
2568	-8203.702	-8456.434	252.732	0.9624498	1.681682	5.724334
2574	-8205.534	-8457.622	252.0882	0.8447208	1.836691	6.085393
2580	-8216.341	-8466.946	250.6052	0.8730423	1.587642	6.96267
2586	-8204.412	-8455.872	251.4594	0.8955856	1.555459	6.501459
2592	-8206.93	-8456.75	249.8201	0.774812	1.508448	7.467735
2598	-8212.429	-8462.33	249.9003	0.7780909	1.397539	7.467735
2604	-8203.842	-8454.914	251.0722	0.8293145	1.376635	6.81886
2610	-8211.714	-8461.766	250.0521	0.822926	1.780777	7.217414
2616	-8219.56	-8470.812	251.2521	0.8099186	1.520261	6.673662
2622	-8215.674	-8465.938	250.2647	0.7523557	1.687969	7.173796
2628	-8218.148	-8469.859	251.7118	0.8827851	1.780197	6.28894
2634	-8201.256	-8452.939	251.6832	0.8827851	1.574917	6.379589
2640	-8209.187	-8461.416	252.2292	0.9382933	1.535651	6.067777
2646	-8220.292	-8471.862	251.5699	0.842715	1.710111	6.412573
2652	-8198.457	-8448.663	250.2068	0.8162067	1.535547	7.227482
2658	-8198.569	-8448.824	250.2547	0.7938885	1.500392	7.227482
2664	-8199.211	-8449.052	249.841	0.7113685	1.704391	7.417354
2670	-8195.999	-8445.713	249.7144	0.7260163	1.621625	7.507421
2676	-8204.752	-8455.593	250.8411	0.7423122	1.612585	6.896638
2682	-8212.691	-8463.68	250.989	0.7309968	1.432271	6.893609
2688	-8205.349	-8456.688	251.3394	0.7413846	1.645027	6.615999
2694	-8200.7	-8451.679	250.9784	0.8233419	1.668667	6.758099
2700	-8196.797	-8448.513	251.7161	0.8184154	1.359637	6.483919
2706	-8194.264	-8445.318	251.0534	0.8700389	1.519214	6.748937
2712	-8208.295	-8460.643	252.3478	0.9602438	1.415612	6.03982
2718	-8218.208	-8468.872	250.6638	0.8788692	1.920297	6.811118
2724	-8207.122	-8458.03	250.908	0.9272806	1.673994	6.738068
2730	-8210.317	-8461.43	251.1127	0.8926074	1.692877	6.639318
2736	-8209.918	-8461.37	251.452	0.8820884	1.63271	6.483433
2742	-8205.616	-8456.239	250.6238	0.8230432	1.512278	7.00867
2748	-8203.497	-8454.48	250.9831	1.00088	1.590838	6.688622
2754	-8185.063	-8437.351	252.2877	0.9528921	1.548489	6.022893
2760	-8190.356	-8442.251	251.8952	0.8974391	1.560565	6.262022
2766	-8200.965	-8452.533	251.5682	0.9018726	1.959043	6.296475
2772	-8191.545	-8444.132	252.5868	0.9697415	1.656023	5.809362
2778	-8192.854	-8443.837	250.9825	0.9312874	1.635973	6.709615
2784	-8206.382	-8458.568	252.1864	0.9265301	1.286215	6.202195
2790	-8204.454	-8455.353	250.8994	0.7728636	1.560274	6.868559
2796	-8213.251	-8463.21	249.959	0.8499545	1.562984	7.331874
2802	-8212.512	-8464.336	251.8237	0.9092678	1.343493	6.383261
2808	-8210.812	-8463.204	252.3915	0.9019645	1.333782	6.082786
2814	-8196.498	-8448.34	251.8417	0.9109581	1.517013	6.300786
2820	-8198.693	-8451.023	252.3299	0.879719	1.703569	5.981434
2826	-8198.751	-8450.595	251.8433	0.9170329	1.426357	6.333304
2832	-8202.016	-8453.701	251.6849	0.9329611	1.520042	6.372752
2838	-8203.874	-8455.903	252.0288	0.8897174	1.398233	6.259158
2844	-8212.22	-8463.719	251.4983	0.8915356	1.535456	6.490325
2850	-8207.502	-8459.292	251.7896	0.8377495	1.520185	6.367568
2856	-8202.463	-8454.752	252.2887	0.8688858	1.3062	6.168948
2862	-8195.384	-8446.996	251.6117	0.8688858	1.548182	6.436185
2868	-8209.11	-8459.36	250.2504	0.7328286	1.619681	7.216964
2874	-8201.337	-8452.496	251.1591	0.8458163	1.496229	6.713999
2880	-8206.427	-8456.639	250.2114	0.7984389	1.496229	7.24997
2886	-8194.693	-8445.472	250.7789	0.786492	1.604607	6.90932
2892	-8191.743	-8442.39	250.6476	0.8461405	1.560171	6.964815
2898	-8190.782	-8441.165	250.3831	0.8026296	1.550229	7.134398
2904	-8198.945	-8451.55	252.605	0.8833676	1.588084	5.87229
2910	-8201.853	-8452.995	251.142	0.894577	1.423014	6.726562
2916	-8197.479	-8449.68	252.2009	0.9269138	1.471089	6.115141
2922	-8205.882	-8456.247	250.3659	0.85105	1.741266	7.047322
2928	-8209.811	-8459.349	249.5376	0.8713817	1.44919	7.590867
2934	-8210.679	-8461.926	251.247	0.8895838	1.585748	6.60803
2940	-8216.572	-8469.283	252.7107	1.020034	1.699686	5.697886
2946	-8213.552	-8465.934	252.3817	0.9901334	1.482019	5.977709
2952	-8219.738	-8470.571	250.8328	0.9141881	1.660391	6.790689
2958	-8214.874	-8464.562	249.6888	0.8666153	1.629363	7.442913
2964	-8211.917	-8462.371	250.4545	0.7745973	1.489007	7.134998
2970	-8200.295	-8450.697	250.4015	0.7352764	1.61817	7.134998
2976	-8205.82	-8456.454	250.6348	0.7352764	1.530502	7.042876
2982	-8203.018	-8453.638	250.6204	0.7841156	1.483415	7.042876
2988	-8210.947	-8460.448	249.5013	0.7301406	1.425573	7.695478
2994	-8202.548	-8453.536	250.9875	0.7998407	1.539262	6.814603
3000	-8199.377	-8450.3	250.9225	0.8253771	1.594746	6.814603
3006	-8209.421	-8459.678	250.2565	0.8578149	1.483539	7.198866
3012	-8201.575	-8452.943	251.3679	0.8338849	1.483539	6.612647
3018	-8207.073	-8458.176	251.1028	0.9085002	1.758621	6.612647
3024	-8222.462	-8471.885	249.4227	0.82759	1.503964	7.654012
3030	-8219.348	-8469.604	250.2563	0.7605932	1.494153	7.24699
3036	-8211.18	-8461.05	249.8698	0.8068411	1.337433	7.494086
3042	-8216.595	-8466.879	250.2841	0.7953293	1.452718	7.229967
3048	-8214.569	-8464.142	249.573	0.8378784	1.534729	7.556072
3054	-8221.275	-8471.335	250.0598	0.7822912	1.503387	7.337167
3060	-8218.995	-8470.307	251.3116	0.9109423	1.503387	6.59355
3066	-8214.613	-8464.555	249.9421	0.8169847	1.755206	7.288511
3072	-8220.191	-8469.706	249.5149	0.6932432	1.822101	7.560959
3078	-8205.781	-8455.465	249.6843	0.7564158	1.618721	7.50833
3084	-8206.094	-8455.706	249.6119	0.8287817	1.618721	7.50833
3090	-8213.954	-8465.526	251.5718	0.8391565	1.404271	6.531912
3096	-8215.874	-8466.3	250.4265	0.8670871	1.477892	7.104766
3102	-8210.108	-8461.739	251.6305	0.8653721	1.594571	6.410106
3108	-8213.886	-8465.623	251.7372	0.8653721	1.447733	6.410106
3114	-8206.988	-8456.412	249.4246	0.8579153	1.586302	7.605144
3120	-8200.96	-8452.85	251.8893	0.9286608	1.507903	6.268919
3126	-8201.67	-8453.318	251.6477	0.8921787	1.507903	6.419848
3132	-8201.043	-8452.312	251.2693	0.9001624	1.53539	6.609656
3138	-8188.602	-8441.318	252.7164	0.9250631	1.575968	5.79325
3144	-8201.109	-8453.744	252.6345	0.8902487	1.748058	5.79325
3150	-8205.445	-8457.246	251.801	0.8889336	2.106397	6.130518
3156	-8197.781	-8448.073	250.2925	0.8889336	1.82451	7.037648
3162	-8203.51	-8454.024	250.5136	0.9126919	1.62241	6.977634
3168	-8203.639	-8455.527	251.888	0.8924875	1.458562	6.309113
3174	-8203.368	-8455.648	252.2805	0.9035701	1.737619	5.983108
3180	-8200.168	-8452.618	252.4506	0.8913938	1.670432	5.921304
3186	-8197.128	-8447.539	250.4114	0.8463433	1.805423	7.003109
3192	-8196.491	-8448.096	251.605	0.8463433	1.505233	6.468887
3198	-8200.989	-8452.259	251.2697	0.8463433	1.479553	6.660628
3204	-8210.343	-8461.065	250.7215	0.8120597	1.529549	6.955196
3210	-8205.152	-8456.438	251.2856	0.8381251	1.428845	6.67707
3216	-8200.132	-8450.175	250.0437	0.8470382	1.541614	7.296211
3222	-8199.433	-8449.491	250.058	0.7496561	1.708463	7.278954
3228	-8202.807	-8452.923	250.1164	0.7329404	1.532222	7.322017
3234	-8194.191	-8445.513	251.3215	0.8613296	1.532222	6.60364
3240	-8199.035	-8450.537	251.5019	0.9024637	1.64486	6.440837
3246	-8203.742	-8455.742	252.0004	0.8984594	1.60461	6.187402
3252	-8209.257	-8460.257	251.0001	0.8534032	1.603838	6.754184
3258	-8208.074	-8459.295	251.2207	0.8410057	1.503629	6.680374
3264	-8206.361	-8457.88	251.5187	0.765761	1.601563	6.522019
3270	-8197.559	-8449.112	251.5525	0.765761	1.553665	6.522019
3276	-8200.402	-8451.906	251.5045	0.765761	1.622046	6.522019
3282	-8200.923	-8452.357	251.4337	0.765761	1.727051	6.522019
3288	-8207.697	-8458.095	250.3985	0.7491537	1.676948	7.107578
3294	-8203.538	-8455.256	251.718	0.9057346	1.600545	6.338444
3300	-8213.423	-8465.255	251.8321	0.8533826	1.556989	6.321594
3306	-8208.58	-8460.614	252.0335	0.962917	1.509282	6.171353
3312	-8194.031	-8445.566	251.5352	0.9123475	1.581694	6.441202
3318	-8193.356	-8444.55	251.1943	0.831166	1.558661	6.67849
3324	-8191.97	-8442.59	250.6207	0.7870299	1.558661	7.011691
3330	-8198.483	-8448.939	250.4567	0.8914426	1.478003	7.075327
3336	-8202.93	-8453.454	250.5238	0.8577186	1.478003	7.057372
3342	-8189.683	-8440.116	250.4332	0.7895565	1.704121	7.057372
3348	-8195.446	-8445.246	249.8001	0.799171	1.419599	7.501033
3354	-8208.837	-8458.831	249.9932	0.7535403	1.422519	7.420793
3360	-8196.843	-8447.589	250.7465	0.8126015	1.489732	6.957124
3366	-8202.649	-8453.362	250.7127	0.814333	1.533557	6.957124
3372	-8211.138	-8462.572	251.4338	0.9483752	1.508554	6.505081
3378	-8210.203	-8463.172	252.9687	1.014429	1.62699	5.586411
3384	-8197.652	-8449.211	251.5592	0.8603004	1.5128	6.483172
3390	-8194.275	-8445.241	250.9656	0.8147568	1.355346	6.893272
3396	-8193.882	-8444.378	250.496	0.8194487	1.730093	6.998259
3402	-8196.658	-8447.63	250.9718	0.7898107	1.523099	6.834783
3408	-8214.608	-8465.541	250.933	0.8402287	1.507143	6.834783
3414	-8202.352	-8453.781	251.4289	0.946453	1.632676	6.46112
3420	-8199.172	-8450.359	251.187	0.8970946	1.690196	6.597692
3426	-8199.563	-8450.744	251.1813	0.8480322	1.743027	6.608414
3432	-8204.171	-8454.622	250.4508	0.8614296	1.491363	7.089361
3438	-8197.024	-8447.493	250.4693	0.7730696	1.767956	7.024313
3444	-8205.906	-8456.115	250.2099	0.7730696	1.627183	7.214292
3450	-8208.198	-8458.552	250.3544	0.8229533	1.363587	7.214292
3456	-8209.455	-8459.679	250.2242	0.7836864	1.532174	7.236931
3462	-8211.418	-8460.837	249.4188	0.7443077	1.600419	7.663742
3468	-8211.916	-8462.389	250.4722	0.7916049	1.461889	7.12718
3474	-8225.62	-8478.22	252.6	0.9568526	1.575792	5.839622
3480	-8202.221	-8453.711	251.4901	0.8172296	1.546169	6.53085
3486	-8200.95	-8452.749	251.7987	0.8393245	1.482851	6.37664
3492	-8211.976	-8463.123	251.147	0.9168072	1.751874	6.586635
3498	-8217.055	-8468.152	251.0975	0.8670773	1.597295	6.696639
3504	-8216.284	-8467.789	251.5047	0.8429651	1.499688	6.527297
3510	-8203.897	-8455.458	251.5614	0.8968085	1.394708	6.510309
3516	-8211.225	-8462.897	251.6719	0.8789707	1.450207	6.437104
3522	-8213.594	-8464.96	251.3661	0.9039661	1.615311	6.52463
3528	-8207.463	-8459.867	252.4047	0.9378412	1.305486	6.068576
3534	-8193.726	-8444.513	250.7874	0.851443	1.444805	6.932246
3540	-8198.138	-8450.513	252.3751	0.9460828	1.505548	5.995885
3546	-8203.1	-8454.383	251.2833	0.8827503	1.505548	6.62323
3552	-8209.008	-8459.792	250.784	0.8200972	1.652828	6.870571
3558	-8206.263	-8457.226	250.9631	0.7709411	1.470321	6.870571
3564	-8199.157	-8449.597	250.4403	0.8019871	1.647575	7.067351
3570	-8205.958	-8455.329	249.3709	0.762176	1.51444	7.712593
3576	-8215.401	-8464.318	248.9165	0.7479349	1.636031	7.917027
3582	-8208.294	-8458.084	249.7902	0.7803829	1.455614	7.501778
3588	-8202.901	-8452.442	249.5417	0.8246487	1.747726	7.501778
3594	-8203.893	-8453.191	249.2988	0.8246487	1.647456	7.667581
3600	-8200.261	-8450.95	250.6896	0.8246487	1.525908	6.967026
3606	-8195.504	-8444.907	249.4032	0.8419536	1.539173	7.643098
3612	-8193.136	-8444.634	251.498	0.9029336	1.691035	6.425768
3618	-8202.021	-8453.019	250.9978	0.8557268	1.733203	6.706935
3624	-8209.629	-8459.424	249.7946	0.8119263	1.478945	7.47316
3630	-8194.47	-8445.023	250.5532	0.7957609	1.725784	6.981696
3636	-8212.521	-8463.767	251.2457	0.9349988	1.590182	6.582488
3642	-8210.506	-8462.464	251.958	0.8136986	1.772576	6.195332
3648	-8200.302	-8450.76	250.4578	0.8546952	1.675604	7.019374
3654	-8206.793	-8458.072	251.2793	0.8062028	1.67837	6.601183
3660	-8206.555	-8456.982	250.4267	0.7864822	1.638176	7.086476
3666	-8186.775	-8437.131	250.3555	0.830415	1.678376	7.086476
3672	-8191.789	-8443.393	251.6039	0.9485834	1.666724	6.352441
3678	-8186.816	-8438.858	252.0422	0.9668599	1.558236	6.145244
3684	-8193.212	-8445.727	252.5154	0.9349049	1.677186	5.859606
3690	-8190.993	-8442.006	251.0137	0.8700615	1.530874	6.765794
3696	-8202.218	-8452.539	250.3208	0.8478945	1.435657	7.188919
3702	-8206.377	-8457.296	250.9181	0.869914	1.66752	6.765931
3708	-8201.999	-8453.954	251.9548	0.9422282	1.741368	6.138182
3714	-8206.002	-8456.907	250.9046	0.9324811	1.741368	6.712925
3720	-8214.565	-8465.836	251.2706	0.8167516	1.865788	6.534722
3726	-8216.893	-8467.785	250.8919	0.8779343	1.695	6.765758
3732	-8214.154	-8464.772	250.6185	0.8450906	1.705491	6.927197
3738	-8214.246	-8465.637	251.3908	0.8872401	1.467488	6.577869
3744	-8207.736	-8458.851	251.1156	0.8597015	1.520137	6.72055
3750	-8208.248	-8459.485	251.2369	0.8884776	1.704194	6.570273
3756	-8210.438	-8462.007	251.5682	0.8389352	1.739569	6.404972
3762	-8197.271	-8448.911	251.64	0.8484689	1.354332	6.511135
3768	-8201.103	-8452.431	251.3277	0.9147009	1.65718	6.524067
3774	-8198.203	-8450.827	252.6243	0.9614123	1.561996	5.829185
3780	-8194.662	-8447.47	252.808	0.9229785	1.659408	5.712577
3786	-8198.434	-8449.845	251.4111	0.8947892	1.502856	6.548656
3792	-8194.552	-8446.037	251.4845	0.8518803	1.489021	6.537655
3798	-8198.633	-8449.974	251.3412	0.8716749	1.575326	6.570762
3804	-8193.374	-8444.684	251.3095	0.9114444	1.593077	6.559604
3810	-8195.217	-8447.53	252.3126	0.8356324	1.484402	6.098652
3816	-8184.174	-8436.131	251.9565	0.9287724	1.687511	6.164008
3822	-8191.447	-8443.937	252.4902	0.9422007	1.69529	5.862785
3828	-8191.427	-8443.932	252.5056	0.9422007	1.672332	5.862785
3834	-8188.05	-8440.205	252.1541	0.885368	1.516778	6.144951
3840	-8193.177	-8445.193	252.0166	0.8522216	1.546899	6.225905
3846	-8210.167	-8461.086	250.9196	0.9473815	1.546899	6.768632
3852	-8189.988	-8441.428	251.4399	0.9337546	1.578945	6.482276
3858	-8192.411	-8444.081	251.6695	0.9631741	1.612966	6.328918
3864	-8199.979	-8451.725	251.746	0.9256284	1.616504	6.30642
3870	-8205.158	-8456.891	251.733	0.8800986	1.70265	6.30642
3876	-8204.598	-8455.91	251.312	0.8614834	1.735926	6.532894
3882	-8199.701	-8451.039	251.338	0.8301155	1.471647	6.635653
3888	-8198.613	-8450.317	251.7039	0.871942	1.74744	6.310681
3894	-8195.439	-8447.396	251.9569	0.8471135	1.74744	6.186637
3900	-8200.618	-8450.902	250.2835	0.8189803	1.844681	7.07333
3906	-8210.109	-8461.783	251.674	0.8171125	1.622337	6.402181
3912	-8208.422	-8459.084	250.6622	0.9070502	1.637737	6.894882
3918	-8198.959	-8449.949	250.9897	0.8900231	1.376286	6.830772
3924	-8197.013	-8447.716	250.7024	0.8692518	1.51304	6.941137
3930	-8191.008	-8442.16	251.1524	0.8750119	1.501794	6.699645
3936	-8196.383	-8447.794	251.4107	0.9424889	1.624621	6.47609
3942	-8192.274	-8444.433	252.1596	0.8826421	1.553334	6.129103
3948	-8195.964	-8448.253	252.2882	0.8826421	1.744892	5.987747
3954	-8191.209	-8442.96	251.7504	0.8762078	1.414193	6.410911
3960	-8199.263	-8450.67	251.4071	0.8399468	1.436849	6.607095
3966	-8197.724	-8448.663	250.9386	0.8393513	1.471688	6.846347
3972	-8202.833	-8455.205	252.3727	0.8705432	1.446741	6.062259
3978	-8196.404	-8448.845	252.4413	0.9184949	1.611256	5.933716
3984	-8189.374	-8442.245	252.8717	0.9485836	1.648896	5.667535
3990	-8198.524	-8450.787	252.2625	0.8631945	1.648896	6.047271
3996	-8196.3	-8447.384	251.0838	0.7540114	1.628702	6.753379
4002	-8186.019	-8436.959	250.9398	0.8720007	1.294538	6.902826
4008	-8191.426	-8443.171	251.7453	0.8976595	1.305439	6.448743
4014	-8199.251	-8451.319	252.0681	0.8613446	1.696905	6.136523
4020	-8192.741	-8444.995	252.2538	0.8958474	1.475831	6.10135
4026	-8205.876	-8455.687	249.811	0.8231243	1.542716	7.433424
4032	-8207.667	-8458.019	250.352	0.7577744	1.664259	7.13253
4038	-8211.429	-8461.539	250.1093	0.8067762	1.640349	7.245377
4044	-8206.756	-8456.766	250.0099	0.8258764	1.580193	7.310951
4050	-8205.433	-8455.289	249.856	0.7641466	1.553492	7.436749
4056	-8202.169	-8452.743	250.574	0.7920424	1.391462	7.101092
4062	-8199.389	-8449.427	250.0373	0.7912913	1.403511	7.384742
4068	-8200.933	-8452.276	251.3427	0.8261229	1.532815	6.610986
4074	-8204.836	-8456.809	251.973	0.9197436	1.581575	6.199548
4080	-8199.619	-8451.356	251.737	0.9237733	1.616541	6.312319
4086	-8200.778	-8453.244	252.4662	0.8868545	1.789166	5.872623
4092	-8190.819	-8441.497	250.6781	0.8321384	1.620864	6.932945
4098	-8189.785	-8441.255	251.4697	0.8177943	1.632852	6.508635
4104	-8207.589	-8458.579	250.9896	0.8248035	1.834942	6.692797
4110	-8196.693	-8447.716	251.0229	0.7962484	1.523689	6.803504
4116	-8200.55	-8450.413	249.8629	0.7438719	1.520998	7.456491
4122	-8196.4	-8446.814	250.4142	0.7638449	1.589293	7.123648
4128	-8199.791	-8450.203	250.4125	0.7443496	1.619684	7.123648
4134	-8212.628	-8462.794	250.1657	0.7735613	1.259772	7.387448
4140	-8202.42	-8453.139	250.7196	0.7820218	1.553459	6.963145
4146	-8201.594	-8453.301	251.7078	0.8832719	1.553459	6.374208
4152	-8216.735	-8467.588	250.8533	0.8499607	1.663526	6.813136
4158	-8210.244	-8462.381	252.1372	0.8099595	1.416515	6.235913
4164	-8219.53	-8470.431	250.9015	0.8048768	1.607509	6.832213
4170	-8213.529	-8466.208	252.6794	0.9364677	1.425253	5.867792
4176	-8207.01	-8459.447	252.4373	0.8756559	1.556605	5.980247
4182	-8206.704	-8458.142	251.4373	0.8263033	1.556605	6.550476
4188	-8207.964	-8461.164	253.2	0.9049077	1.353983	5.630359
4194	-8214.596	-8467.009	252.4126	0.8896509	1.409043	6.045739
4200	-8199.586	-8450.434	250.848	0.8055971	1.482577	6.909028
4206	-8199.954	-8450.783	250.8291	0.8153568	1.495041	6.909028
4212	-8208.122	-8458.946	250.8239	0.8205182	1.495041	6.909028
4218	-8212.414	-8460.499	248.0847	0.7018372	1.428112	8.464589
4224	-8203.545	-8454.33	250.7844	0.8040431	1.428112	6.966178
4230	-8209.278	-8459.992	250.7142	0.8103658	1.513835	6.966178
4236	-8209.601	-8459.919	250.3176	0.8030752	1.799651	7.078833
4242	-8206.164	-8458.373	252.2098	0.9931275	1.663891	5.999595
4248	-8210.101	-8462.339	252.2386	0.961858	1.743899	5.971908
4254	-8203.892	-8454.736	250.8443	0.7739819	1.48107	6.928694
4260	-8207.623	-8458.596	250.9729	0.7803416	1.713159	6.768198
4266	-8208.864	-8459.603	250.7396	0.8436338	1.616505	6.895266
4272	-8200.676	-8452.577	251.9005	0.8436338	1.672913	6.246079
4278	-8190.147	-8441.006	250.8592	0.8030979	1.428239	6.926376
4284	-8200.345	-8451.226	250.881	0.8917711	1.478934	6.846255
4290	-8207.393	-8459.577	252.1833	0.919083	1.595817	6.07995
4296	-8204.631	-8456.939	252.3084	0.841276	1.529428	6.07995
4302	-8192.112	-8443.433	251.3209	0.8680921	1.566418	6.587101
4308	-8186.807	-8438.551	251.7442	0.8571652	1.566418	6.363633
4314	-8187.761	-8438.885	251.1245	0.8516064	1.595641	6.69107
4320	-8208.921	-8459.782	250.8608	0.8718203	1.396722	6.901501
4326	-8200.122	-8450.887	250.7654	0.854536	1.547945	6.901501
4332	-8194.764	-8445.897	251.1326	0.8267022	1.400839	6.777544
4338	-8186.084	-8437.459	251.3756	0.8267022	1.538649	6.590642
4344	-8188.1	-8438.856	250.7556	0.8748231	1.715328	6.833722
4350	-8190.026	-8441.511	251.4842	0.8782414	1.462438	6.534218
4356	-8193.593	-8444.981	251.3877	0.8782414	1.735502	6.482957
4362	-8188.188	-8440.049	251.8615	1.026392	1.674766	6.167209
4368	-8186.241	-8439.71	253.4693	0.954475	1.520791	5.385361
4374	-8195.121	-8446.776	251.655	0.954475	1.757109	6.288975
4380	-8200.347	-8451.807	251.4602	0.9869876	1.795347	6.363732
4386	-8199.569	-8451.171	251.6017	0.9346882	1.437027	6.450361
4392	-8186.923	-8437.577	250.6544	0.8708717	1.772284	6.870391
4398	-8208.111	-8460.525	252.4141	1.001784	1.587052	5.912304
4404	-8214.15	-8465.392	251.2419	0.816144	1.413061	6.719102
4410	-8212.607	-8463.312	250.705	0.8034826	1.502646	6.979231
4416	-8212.685	-8464.691	252.0054	0.9264309	1.56222	6.185708
4422	-8209.694	-8460.02	250.3261	0.7620734	1.284558	7.296509
4428	-8198.452	-8448.419	249.9673	0.7419914	1.568276	7.383343
4434	-8204.711	-8454.744	250.0333	0.7155729	1.513208	7.383343
4440	-8198.723	-8450.13	251.4071	0.808389	1.513208	6.593469
4446	-8201.099	-8451.839	250.7404	0.6729005	1.561215	7.007715
4452	-8203.354	-8453.226	249.8728	0.7827312	1.368663	7.492066
4458	-8200.484	-8450.115	249.6314	0.7032634	1.604795	7.570284
4464	-8209.127	-8458.968	249.8409	0.6786868	1.355938	7.570284
4470	-8206.216	-8456.619	250.4027	0.8258105	1.663936	7.068813
4476	-8211.948	-8462.274	250.3254	0.8007896	1.690026	7.114363
4482	-8205.167	-8456.107	250.9396	0.8497183	1.535992	6.814806
4488	-8195.577	-8445.638	250.0602	0.7610514	1.594319	7.313386
4494	-8198.542	-8450.256	251.7146	0.8374276	1.663648	6.353814
4500	-8201.206	-8451.162	249.9558	0.8525852	1.694131	7.283656
4506	-8202.643	-8452.733	250.0902	0.8525852	1.755919	7.189635
4512	-8205.331	-8457.372	252.0413	0.890569	1.791026	6.101727
4518	-8200.893	-8453.235	252.3418	0.8910859	1.538692	6.030927
4524	-8196.731	-8447.565	250.8345	0.8537518	1.740684	6.793542
4530	-8204.243	-8456.104	251.861	0.8818702	1.525556	6.302729
4536	-8196.43	-8448.268	251.8384	0.9307146	1.549786	6.279
4542	-8200.874	-8453.151	252.2765	0.9307146	1.683424	5.990102
4548	-8204.223	-8456.065	251.8416	0.9307146	1.683374	6.226926
4554	-8197.295	-8449.191	251.8967	0.8946795	1.655198	6.226926
4560	-8205.315	-8457.139	251.8242	0.925984	1.759602	6.211634
4566	-8197.457	-8449.137	251.6794	0.8488038	1.859485	6.297815
4572	-8205.579	-8457.281	251.7012	0.8324964	1.504851	6.42442
4578	-8197.624	-8447.615	249.9908	0.7865843	1.769734	7.273671
4584	-8205.054	-8455.047	249.9936	0.7865843	1.7204	7.289427
4590	-8207.218	-8456.931	249.7127	0.7865843	1.676805	7.455703
4596	-8194.856	-8446.165	251.3088	0.8364737	1.638903	6.583379
4602	-8208.868	-8460.992	252.1246	0.8364737	1.725748	6.108926
4608	-8207.602	-8459.281	251.6796	0.8244268	1.608596	6.400368
4614	-8205.858	-8457.104	251.2458	0.845212	1.588206	6.631773
4620	-8213.467	-8464.743	251.2763	0.8943837	1.440824	6.646764
4626	-8210.52	-8462.223	251.7036	0.8271949	1.605881	6.386889
4632	-8206.532	-8457.67	251.138	0.7860564	1.473296	6.766853
4638	-8203.309	-8453.675	250.3658	0.8488963	1.406666	7.176133
4644	-8213.421	-8464.641	251.2199	0.8810396	1.461236	6.676186
4650	-8214.596	-8464.935	250.3395	0.8680111	1.446136	7.16381
4656	-8205.263	-8456.692	251.4285	0.8863297	1.695956	6.470671
4662	-8209.866	-8462.254	252.3882	0.9108474	1.695956	5.935384
4668	-8214.731	-8466.062	251.3313	0.8382587	1.460168	6.639518
4674	-8212.195	-8462.013	249.8181	0.8867421	1.522412	7.403351
4680	-8205.345	-8456.291	250.9463	0.8504733	1.556354	6.802902
4686	-8211.026	-8459.966	248.9402	0.6783575	1.556354	7.971259
4692	-8210.218	-8459.361	249.1435	0.7174525	1.556354	7.841866
4698	-8226.111	-8475.599	249.4877	0.7577774	1.458837	7.674457
4704	-8221.414	-8471.038	249.6239	0.8095115	1.443764	7.579983
4710	-8213.77	-8465.809	252.0389	0.8684357	1.467902	6.236389
4716	-8213.377	-8465.234	251.8571	0.8590204	1.507445	6.324388
4722	-8209.274	-8462.422	253.1481	0.9716555	1.564125	5.535568
4728	-8209.302	-8460.946	251.6441	0.903591	1.551698	6.398421
4734	-8213.251	-8463.503	250.2518	0.813011	1.51797	7.211882
4740	-8215.283	-8467.83	252.5469	0.8931709	1.504024	5.931642
4746	-8205.038	-8456.386	251.3481	0.9164612	1.818249	6.454838
4752	-8203.332	-8453.805	250.4722	0.7827873	1.62888	7.067445
4758	-8207.347	-8458.315	250.9683	0.7171372	1.287616	6.973997
4764	-8199.991	-8450.806	250.8153	0.8148661	1.661159	6.85345
4770	-8209.853	-8461.377	251.5237	0.9183015	1.532694	6.463162
4776	-8211.786	-8460.532	248.7453	0.7555997	1.715995	7.975529
4782	-8208.015	-8458.152	250.1379	0.8601784	1.595833	7.217913
4788	-8206.839	-8457.688	250.8483	0.8737059	1.426863	6.894765
4794	-8211.654	-8463.041	251.3876	0.833821	1.519332	6.587824
4800	-8205.238	-8456.45	251.2116	0.928596	1.596167	6.602133
4806	-8205.33	-8455.968	250.6383	0.8200514	1.439558	7.031562
4812	-8208.022	-8459.395	251.3728	0.8077586	1.671836	6.552177
4818	-8202.281	-8452.194	249.913	0.783721	1.489501	7.42061
4824	-8204.732	-8455.481	250.7492	0.8845384	1.565307	6.887376
4830	-8204.131	-8455.67	251.5385	0.8797072	1.51743	6.482028
4836	-8206.846	-8457.052	250.2064	0.8755198	1.589064	7.175377
4842	-8211.479	-8463.028	251.5493	0.8978175	1.783374	6.36789
4848	-8211.085	-8463.636	252.5513	0.9672838	1.764309	5.790838
4854	-8209.46	-8461.599	252.139	0.8878958	1.526548	6.147938
4860	-8206.995	-8458.852	251.8577	0.8878958	1.493593	6.313948
4866	-8204.571	-8456.356	251.785	0.825659	1.493593	6.38717
4872	-8206.041	-8456.85	250.8086	0.8698513	1.658615	6.828349
4878	-8200.808	-8450.806	249.998	0.7553067	1.617536	7.341183
4884	-8208.596	-8458.788	250.1915	0.8303006	1.264241	7.341183
4890	-8206.475	-8456.605	250.1296	0.7682225	1.419036	7.341183
4896	-8204.677	-8455.485	250.8078	0.8046467	1.57184	6.896392
4902	-8207.925	-8458.874	250.9488	0.7984585	1.375479	6.902587
4908	-8204.892	-8455.784	250.8916	0.8121502	1.431727	6.902587
4914	-8205.569	-8458.397	252.828	0.9792258	1.483275	5.739226
4920	-8218.797	-8470.731	251.9345	0.991366	1.503767	6.211934
4926	-8223.069	-8476.662	253.5925	1.094384	1.7708	5.145488
4932	-8210.145	-8461.784	251.6387	1.024842	1.790531	6.247898
4938	-8215.897	-8469.512	253.6156	1.104536	1.712593	5.148146
4944	-8211.122	-8464.226	253.1044	0.997169	1.918884	5.417621
4950	-8206.476	-8457.984	251.5081	0.997169	1.769635	6.341149
4956	-8198.236	-8449.948	251.7123	0.9036753	1.604527	6.341149
4962	-8206.106	-8456.544	250.4378	0.7937571	1.604527	7.089095
4968	-8215.397	-8465.982	250.5853	0.7627104	1.444075	7.089095
4974	-8210.927	-8463.209	252.2821	0.8081339	1.346669	6.187843
4980	-8211.992	-8463.619	251.6266	0.8203025	1.667901	6.409276
4986	-8219.496	-8469.137	249.6401	0.7763183	1.302753	7.648413
4992	-8210.384	-8460.656	250.2724	0.8145479	1.499071	7.207425
4998	-8199.204	-8450.896	251.6923	0.830524	1.440854	6.45616
5004	-8201.425	-8452.269	250.8436	0.8612682	1.552511	6.853937
5010	-8193.936	-8445.569	251.6334	0.8645016	1.552511	6.425139
5016	-8194.036	-8446.013	251.9764	0.9066355	1.545609	6.21869
5022	-8194.696	-8447.033	252.3373	0.8949195	1.361563	6.104123
5028	-8201.563	-8453.213	251.6503	0.8327411	1.560262	6.430189
5034	-8200.095	-8450.918	250.8222	0.8589957	1.560262	6.863717
5040	-8205.881	-8456.993	251.1115	0.8668637	1.735168	6.638724
5046	-8210.838	-8463.157	252.3195	0.9119421	1.651078	5.988789
5052	-8217.065	-8470.067	253.0021	0.9696309	1.439347	5.667101
5058	-8227.449	-8480.668	253.2189	0.9498399	1.401903	5.574682
5064	-8213.07	-8465.446	252.3756	0.9498399	1.660153	5.934115
5070	-8213.889	-8466.44	252.5516	0.9854553	1.43839	5.905376
5076	-8203.391	-8455.162	251.7708	0.8881726	1.448104	6.379378
5082	-8191.959	-8443.352	251.393	0.8392427	1.634367	6.538005
5088	-8199.964	-8450.421	250.457	0.8482116	1.388645	7.134994
5094	-8198.027	-8449.324	251.2968	0.7777095	1.363527	6.731043
5100	-8196.84	-8447.685	250.8451	0.8090383	1.375968	6.952523
5106	-8188.847	-8440.841	251.994	0.885301	1.391331	6.283353
5112	-8187.228	-8439.526	252.2984	0.9286699	1.349661	6.112049
5118	-8190.608	-8443.382	252.7743	0.895073	1.617492	5.762089
5124	-8188.827	-8441.235	252.4081	0.8983794	1.520426	5.998031
5130	-8193.976	-8445.605	251.6296	0.9306998	1.520426	6.40386
5136	-8193.409	-8444.962	251.5525	0.9200562	1.583695	6.426883
5142	-8195.518	-8446.361	250.8437	0.8704815	1.696302	6.795367
5148	-8192.362	-8442.536	250.1738	0.8456684	1.765067	7.145221
5154	-8204.418	-8454.869	250.4511	0.8277348	1.420408	7.135969
5160	-8207.418	-8457.939	250.5206	0.7982132	1.484603	7.088477
5166	-8197.734	-8448.551	250.8176	0.7690922	1.659361	6.877547
5172	-8196.195	-8447.121	250.9262	0.8572427	1.565418	6.806594
5178	-8196.58	-8447.803	251.2228	0.8566275	1.462956	6.687119
5184	-8194.186	-8445.003	250.8165	0.8442035	1.645509	6.842717
5190	-8200.192	-8451.189	250.9971	0.812393	1.721942	6.734702
5196	-8195.52	-8446.212	250.6922	0.812393	1.599348	6.944057
5202	-8186.134	-8437.112	250.9775	0.7596137	1.660832	6.795844
5208	-8191.291	-8441.957	250.6656	0.8430797	1.48162	6.987469
5214	-8198.089	-8449.349	251.26	0.8442856	1.810458	6.544375
5220	-8211.88	-8464.202	252.3225	0.9176021	1.7654	5.942671
5226	-8209.029	-8460.825	251.796	0.9176021	1.477409	6.337823
5232	-8214.1	-8463.557	249.4569	0.8402899	1.632413	7.580141
5238	-8200.204	-8450.869	250.6642	0.805727	1.518964	6.993578
5244	-8209.107	-8459.926	250.8185	0.8754977	1.234021	6.993578
5250	-8210.018	-8461.602	251.5838	0.8857194	1.234021	6.574951
5256	-8200.022	-8451.466	251.4435	0.8566247	1.642512	6.498183
5262	-8212.731	-8464.605	251.8733	0.9650947	1.379482	6.310612
5268	-8201.588	-8452.182	250.5942	0.8274312	1.400232	7.067517
5274	-8215.107	-8465.348	250.2414	0.8967975	1.710122	7.10071
5280	-8194.86	-8446.085	251.2249	0.8569902	1.383815	6.718465
5286	-8194.107	-8444.116	250.0093	0.7955834	1.497589	7.359446
5292	-8208.654	-8459.156	250.5015	0.8276228	1.709689	6.998124
5298	-8207.043	-8457.825	250.7814	0.8170119	1.542275	6.91529
5304	-8194.447	-8445.34	250.8928	0.8170119	1.823348	6.753203
5310	-8195.724	-8446.523	250.7992	0.8461296	1.587069	6.872827
5316	-8195.428	-8447.312	251.8846	0.8342354	1.69211	6.252801
5322	-8203.015	-8455.306	252.291	0.881408	1.394222	6.122738
5328	-8206.873	-8459.142	252.2694	0.8840947	1.546493	6.07115
5334	-8209.345	-8460.797	251.4527	0.8535726	1.498215	6.550274
5340	-8204.277	-8454.662	250.3848	0.8124574	1.56206	7.123658
5346	-8206.019	-8456.329	250.3094	0.8252637	1.56206	7.1573
5352	-8213.367	-8465.015	251.6477	0.8785126	1.56206	6.40608
5358	-8203.403	-8453.836	250.4334	0.8409148	1.69872	7.031537
5364	-8202.323	-8452.901	250.5778	0.8388443	1.488832	7.034187
5370	-8202.216	-8452	249.7845	0.7912311	1.607589	7.440132
5376	-8206.792	-8458.301	251.5093	0.7721318	1.600318	6.52414
5382	-8212.301	-8463.292	250.9913	0.7721318	1.9522	6.681527
5388	-8208.348	-8460.48	252.1323	0.8475933	1.587178	6.149954
5394	-8207.161	-8458.131	250.9696	0.9110047	1.723184	6.695862
5400	-8196.131	-8447.262	251.1315	0.8038194	1.641723	6.695862
5406	-8199.95	-8450.499	250.5491	0.9221396	1.433198	7.027247
5412	-8206.752	-8457.748	250.9953	0.8665019	1.578433	6.759315
5418	-8201.598	-8451.715	250.1164	0.8076227	1.552893	7.273952
5424	-8199.4	-8449.529	250.1293	0.7661115	1.588165	7.275941
5430	-8208.882	-8459.056	250.1739	0.7979295	1.482122	7.275941
5436	-8208.531	-8457.735	249.2043	0.7984382	1.59572	7.751273
5442	-8202.811	-8453.213	250.4011	0.8273104	1.59572	7.094143
5448	-8203.858	-8455.462	251.604	0.8329359	1.587306	6.444829
5454	-8206.7	-8457.267	250.5668	0.8657649	1.506295	7.018709
5460	-8213.296	-8462.032	248.736	0.8207292	1.506295	8.02351
5466	-8195.138	-8446.024	250.8863	0.8911049	1.606387	6.794305
5472	-8194.389	-8447.127	252.7376	0.9226785	1.613421	5.768608
5478	-8204.822	-8457.298	252.4758	0.838605	1.512235	5.996935
5484	-8203.065	-8453.854	250.7887	0.838605	1.748709	6.823585
5490	-8204.387	-8455.798	251.4109	0.8981886	1.610682	6.505211
5496	-8198.619	-8449.957	251.3385	0.953485	1.55823	6.534484
5502	-8197.61	-8447.782	250.172	0.8131611	1.765189	7.16362
5508	-8195.985	-8446.297	250.3124	0.8298339	1.535148	7.16362
5514	-8199.567	-8450.654	251.0875	0.7830335	1.707624	6.706877
5520	-8189.903	-8440.622	250.7189	0.8462246	1.731068	6.86334
5526	-8191.75	-8443.406	251.6557	0.8412276	1.432541	6.473603
5532	-8201.113	-8452.028	250.9157	0.9042826	1.395527	6.854937
5538	-8207.05	-8458.076	251.026	0.8859434	1.663794	6.700383
5544	-8199.176	-8449.467	250.2908	0.8214442	1.767736	7.094375
5550	-8195.751	-8446.253	250.5022	0.7688045	1.535154	7.094375
5556	-8191.641	-8441.304	249.6632	0.8013465	1.679236	7.473465
5562	-8194.744	-8444.959	250.2149	0.8013465	1.642298	7.190872
5568	-8192.694	-8443.073	250.3791	0.8013465	1.649423	7.099956
5574	-8193.861	-8445.793	251.9314	0.8347641	1.690897	6.227511
5580	-8194.042	-8444.76	250.7182	0.757025	1.676227	6.931481
5586	-8190.396	-8441.729	251.3329	0.8732624	1.610929	6.560858
5592	-8190.7	-8439.691	248.9918	0.7658114	1.60811	7.877571
5598	-8190.62	-8441.304	250.6837	0.7977533	1.519096	6.987361
5604	-8190.844	-8442.294	251.4497	0.8993736	1.625179	6.478148
5610	-8191.028	-8442.5	251.4724	0.9273041	1.700352	6.423085
5616	-8197.332	-8448.625	251.2938	0.8698074	1.733221	6.539222
5622	-8199.297	-8450.886	251.589	0.90721	1.767431	6.346833
5628	-8208.282	-8459.429	251.1472	0.9035086	1.486102	6.693295
5634	-8204.527	-8456.383	251.8557	0.8840467	1.612518	6.270937
5640	-8205.783	-8455.82	250.0372	0.8311318	1.612518	7.281332
5646	-8217.258	-8467.107	249.8484	0.8430824	1.467613	7.432144
5652	-8205.942	-8456.725	250.7834	0.8477676	1.481223	6.921672
5658	-8210.776	-8460.981	250.2053	0.8201468	1.481223	7.247524
5664	-8198.113	-8448.286	250.1726	0.8152245	1.70662	7.182846
5670	-8201.303	-8452.05	250.7472	0.895831	1.945488	6.748719
5676	-8191.657	-8443.098	251.4403	0.9723722	1.518055	6.48477
5682	-8193.13	-8445.776	252.6467	0.9773409	1.625199	5.783972
5688	-8199.875	-8451.809	251.9337	0.9425302	1.885704	6.099691
5694	-8202.681	-8455.158	252.4771	0.9407337	1.648482	5.888019
5700	-8202.384	-8453.302	250.9187	0.9666406	1.627992	6.727969
5706	-8197.508	-8449.698	252.19	0.9507843	1.721961	6.012331
5712	-8199.239	-8451.889	252.6503	0.9281209	1.653292	5.798382
5718	-8201.758	-8453.544	251.7861	0.9653859	1.546474	6.28988
5724	-8203.23	-8456.823	253.5929	0.9653859	1.71372	5.23729
5730	-8212.831	-8465.711	252.8792	0.9509712	1.523696	5.710401
5736	-8215.862	-8468.729	252.8671	0.9947318	1.480521	5.710401
5742	-8210.492	-8462.005	251.5124	0.863059	1.539704	6.496443
5748	-8214.693	-8465.618	250.925	0.8335272	1.747459	6.753197
5754	-8213.29	-8462.634	249.3442	0.7803814	1.598179	7.685202
5760	-8212.286	-8462.904	250.6177	0.8102249	1.445861	7.045386
5766	-8215.794	-8467.349	251.5554	0.8773315	1.448054	6.502019
5772	-8215.063	-8466.154	251.091	0.8307522	1.629001	6.70793
5778	-8208.635	-8459.748	251.113	0.8493812	1.570723	6.70793
5784	-8213.794	-8463.384	249.5899	0.8003094	1.527124	7.570124
5790	-8225.411	-8476.247	250.8358	0.8052225	1.627997	6.859796
5796	-8220.543	-8470.867	250.3235	0.8149967	1.566465	7.153551
5802	-8220.403	-8470.06	249.6574	0.8422589	1.46434	7.536245
5808	-8215.945	-8467.52	251.5755	0.8276916	1.749039	6.403777
5814	-8201.744	-8452.456	250.7117	0.8713044	1.508951	6.9366
5820	-8209.804	-8461.668	251.8639	0.92037	1.605123	6.249519
5826	-8211.289	-8464.226	252.9371	0.8976015	1.647076	5.660352
5832	-8199.492	-8451.029	251.5373	0.8547957	1.655297	6.443646
5838	-8195.718	-8446.422	250.7037	0.8128902	1.949001	6.815848
5844	-8197.211	-8447.267	250.0559	0.8198825	1.665338	7.257869
5850	-8196.156	-8446.569	250.4127	0.752757	1.428239	7.193696
5856	-8191.792	-8441.446	249.6534	0.7876419	1.428239	7.582212
5862	-8194.741	-8444.827	250.0862	0.8462753	1.472079	7.301104
5868	-8200.469	-8450.854	250.3859	0.7695447	1.438556	7.194891
5874	-8208.467	-8458.453	249.9867	0.7903458	1.528356	7.36231
5880	-8209.437	-8459.332	249.8957	0.8539825	1.566523	7.36231
5886	-8214.46	-8466.575	252.115	0.8592846	1.316772	6.263961
5892	-8217.122	-8469.634	252.5118	0.9622031	1.941174	5.754887
5898	-8211.15	-8463.659	252.5094	1.027287	1.908668	5.7313
5904	-8215.925	-8466.28	250.3545	0.8261495	1.467996	7.169438
5910	-8212.376	-8462.833	250.4574	0.8282611	1.332369	7.169438
5916	-8224.784	-8475.64	250.8558	0.7996303	1.625777	6.852843
5922	-8210.35	-8461.661	251.3116	0.8812781	1.523265	6.601753
5928	-8202.625	-8453.762	251.1365	0.910001	1.666725	6.626529
5934	-8210.156	-8460.521	250.3645	0.8221371	1.389816	7.198257
5940	-8215.555	-8465.924	250.3694	0.8172271	1.389816	7.198257
5946	-8212.907	-8463.837	250.9293	0.7680654	1.556023	6.856663
5952	-8216.144	-8467.352	251.2073	0.7918663	1.678876	6.647703
5958	-8205.591	-8455.54	249.9491	0.7802902	1.59719	7.361619
5964	-8210.917	-8460.037	249.1203	0.7802902	1.308188	7.921701
5970	-8209.524	-8458.646	249.1227	0.7536787	1.338082	7.921701
5976	-8206.227	-8456.705	250.4787	0.7891447	1.460244	7.125689
5982	-8198.302	-8450.015	251.7136	0.8338125	1.460244	6.434908
5988	-8201.448	-8452.089	250.6408	0.8660594	1.45862	6.997686
5994	-8206.229	-8457.202	250.9721	0.9028651	1.530832	6.770595
6000	-8202.909	-8455.204	252.2949	0.8829188	1.529968	6.064381
6006	-8205.16	-8456.995	251.8353	0.842533	1.73661	6.259087
6012	-8204.723	-8455.765	251.0421	0.800349	1.543748	6.783103
6018	-8204.798	-8455.128	250.3299	0.8411758	1.543748	7.144751
6024	-8206.664	-8457.845	251.1815	0.8232051	1.52307	6.703566
6030	-8216.511	-8467.128	250.6167	0.8917918	1.696322	6.906296
6036	-8213.598	-8464.705	251.1069	0.8193331	1.624364	6.707186
6042	-8205.789	-8456.733	250.9441	0.8340357	1.516429	6.828488
6048	-8211.784	-8463.475	251.6914	0.9042561	1.666954	6.328914
6054	-8214.119	-8465.204	251.0856	0.8071677	1.65507	6.713926
6060	-8199.507	-8448.483	248.9766	0.7491672	1.45147	7.955034
6066	-8191.643	-8441.06	249.4171	0.7343754	1.58259	7.676648
6072	-8191.203	-8442.29	251.0867	0.9012667	1.581	6.690216
6078	-8190.711	-8443.436	252.7246	0.9373627	1.511308	5.807422
6084	-8192.011	-8443.202	251.1906	0.8655075	1.511308	6.680369
6090	-8205.594	-8456.783	251.1886	0.8011749	1.64369	6.665709
6096	-8193.437	-8445.27	251.833	0.8289476	1.476585	6.366167
6102	-8194.63	-8446.078	251.4479	0.8322616	1.595368	6.526707
6108	-8196.289	-8448.053	251.7645	0.8031916	1.591085	6.372487
6114	-8194.449	-8445.961	251.5115	0.8274531	1.45808	6.548719
6120	-8193.82	-8445.27	251.4505	0.8359594	1.506461	6.557716
6126	-8211.253	-8463.386	252.1339	0.900331	1.592084	6.118486
6132	-8207.874	-8459.713	251.8392	0.8879326	1.726593	6.235895
6138	-8216.355	-8468.261	251.9063	0.9578005	1.726593	6.1614
6144	-8219.196	-8470.468	251.2727	0.8961367	1.485415	6.629727
6150	-8210.832	-8462.124	251.2927	0.946821	1.709557	6.506553
6156	-8200.682	-8452.297	251.6149	0.9297813	1.662256	6.358308
6162	-8202.878	-8455.614	252.7364	1.008154	1.662256	5.704068
6168	-8206.775	-8459.77	252.9952	0.9627399	1.578999	5.618662
6174	-8211.548	-8462.978	251.4301	0.8201569	1.557277	6.55746
6180	-8203.25	-8453.126	249.8757	0.7989243	1.651037	7.371055
6186	-8198.18	-8449.007	250.8266	0.8494265	1.777568	6.7872
6192	-8203.034	-8453.645	250.6113	0.8635025	1.87477	6.86272
6198	-8208.528	-8459.261	250.7333	0.793403	1.620837	6.92413
6204	-8203.049	-8454.166	251.1172	0.8246695	1.44963	6.766788
6210	-8210.498	-8462.338	251.8397	0.8747696	1.59042	6.29306
6216	-8215.847	-8466.804	250.9561	0.8332764	1.836761	6.70567
6222	-8205.781	-8457.3	251.5196	0.8483841	1.5217	6.507539
6228	-8204.994	-8456.464	251.47	0.8856591	1.527751	6.511849
6234	-8202.008	-8453.343	251.3352	0.8595238	1.680974	6.541134
6240	-8211.619	-8462.988	251.3687	0.8595238	1.943149	6.432879
6246	-8197.358	-8449.71	252.3513	0.8275927	1.390147	6.120945
6252	-8199.554	-8450.962	251.4082	0.9065324	1.765934	6.445791
6258	-8200.654	-8450.873	250.2194	0.7714122	1.375929	7.309244
6264	-8200.05	-8449.331	249.2814	0.8367418	1.528965	7.714961
6270	-8205.569	-8456.038	250.469	0.7856956	1.69733	7.042618
6276	-8197.539	-8447.155	249.6161	0.8059242	1.69733	7.489711
6282	-8196.533	-8447.466	250.9328	0.8486432	1.615781	6.788616
6288	-8196.355	-8448	251.6452	0.8764515	1.690019	6.360675
6294	-8204.454	-8455.985	251.5304	0.8807827	1.45612	6.510409
6300	-8193.921	-8445.339	251.418	0.8066588	1.417575	6.62717
6306	-8197.031	-8448.62	251.5887	0.8839272	1.509312	6.455742
6312	-8197.542	-8448.094	250.5525	0.8346151	1.509312	7.041974
6318	-8194.08	-8444.625	250.5451	0.8116044	1.60191	7.022762
6324	-8197.248	-8448.217	250.9692	0.8468364	1.524086	6.805005
6330	-8207.213	-8457.745	250.5318	0.8318892	1.735991	6.970184
6336	-8210.375	-8462.288	251.9133	0.8437088	1.719435	6.222183
6342	-8204.044	-8455.131	251.0872	0.921103	1.664428	6.648045
6348	-8215.108	-8466.589	251.4804	0.8221282	1.786228	6.445331
6354	-8214.252	-8466.867	252.6155	0.9546974	1.736445	5.772519
6360	-8210.988	-8463.887	252.8983	0.9173883	1.351364	5.789991
6366	-8214.362	-8465.381	251.0187	0.8864628	1.576788	6.736527
6372	-8201.986	-8453.799	251.8134	0.8348534	1.787419	6.257273
6378	-8204.577	-8457.193	252.6163	0.8862612	1.611052	5.855803
6384	-8208.472	-8459.717	251.2456	0.9183965	1.422731	6.657862
6390	-8207.694	-8457.668	249.9744	0.7746984	1.660244	7.327743
6396	-8214.601	-8464.682	250.0815	0.779477	1.501645	7.327743
6402	-8222.741	-8472.884	250.1433	0.7993881	1.266134	7.382778
6408	-8206.143	-8456.562	250.4191	0.877542	1.435321	7.1203
6414	-8198.227	-8449.561	251.3338	0.9039231	1.487183	6.591747
6420	-8201.334	-8452.197	250.8637	0.8297595	1.533842	6.86733
6426	-8200.734	-8451.811	251.0776	0.832215	1.433332	6.79077
6432	-8199.471	-8451.555	252.0842	0.953982	1.483127	6.159111
6438	-8189.325	-8441.722	252.3965	0.9208868	1.496725	6.001499
6444	-8194.049	-8445.302	251.253	0.9208868	1.749622	6.52782
6450	-8198.205	-8450.137	251.9323	0.8557211	1.457342	6.305522
6456	-8198.073	-8449.364	251.2912	0.8884505	1.457342	6.63522
6462	-8207.128	-8459.331	252.2032	0.9244679	1.294136	6.190606
6468	-8195.934	-8447.371	251.4374	0.9093303	1.662017	6.465756
6474	-8204.014	-8455.815	251.8018	0.9070747	1.365176	6.387001
6480	-8195.794	-8447.196	251.4019	0.7968263	1.546154	6.589613
6486	-8199.372	-8449.001	249.6289	0.7569139	1.483039	7.589716
6492	-8203.087	-8453.376	250.2886	0.7611652	1.399397	7.26775
6498	-8208.379	-8459.331	250.9516	0.8258562	1.399397	6.876246
6504	-8208.802	-8460.021	251.2185	0.8662231	1.621801	6.622488
6510	-8209.747	-8459.921	250.1732	0.7993333	1.499112	7.268859
6516	-8213.401	-8463.994	250.5932	0.7524044	1.708566	6.989663
6522	-8215.938	-8466.554	250.6164	0.8054818	1.790772	6.91972
6528	-8207.091	-8457.801	250.7101	0.8395387	1.599605	6.91972
6534	-8205.578	-8456.738	251.16	0.8662925	1.646923	6.644754
6540	-8194.704	-8446.5	251.7954	0.8754697	1.699383	6.276252
6546	-8194.465	-8445.781	251.3166	0.8754697	1.597632	6.57353
6552	-8205.006	-8454.996	249.99	0.8045785	1.597632	7.326456
6558	-8204.977	-8455.344	250.3679	0.8270847	1.573899	7.120372
6564	-8201.038	-8451.791	250.7524	0.8013767	1.573899	6.927214
6570	-8193.818	-8445.103	251.2845	0.8321852	1.53843	6.637013
6576	-8203.044	-8453.723	250.6792	0.8405978	1.487278	6.979243
6582	-8202.432	-8452.5	250.068	0.760963	1.573456	7.317148
6588	-8197.98	-8448.348	250.3673	0.8149603	1.329021	7.226443
6594	-8200.142	-8450.958	250.8162	0.8537906	1.337213	6.960553
6600	-8212.287	-8463.561	251.2738	0.7439874	1.354828	6.765441
6606	-8213.148	-8463.555	250.4065	0.799877	1.619907	7.096911
6612	-8215.944	-8466.595	250.6508	0.8028873	1.51731	7.003005
6618	-8231.837	-8483.293	251.4561	0.8636305	1.58138	6.510574
6624	-8220.643	-8471.736	251.0925	0.766389	1.52452	6.78173
6630	-8227.357	-8478.529	251.172	0.9052591	1.766334	6.574271
6636	-8216.137	-8467.614	251.4764	0.8433515	1.890191	6.400632
6642	-8203.416	-8455.328	251.9129	0.8684316	1.494217	6.294284
6648	-8207.437	-8457.774	250.337	0.8452108	1.74954	7.063121
6654	-8211.641	-8462.23	250.5887	0.758358	1.510329	7.063121
6660	-8206.854	-8458.496	251.642	0.8708343	1.641362	6.383302
6666	-8207.978	-8460.521	252.5431	0.9286422	1.478538	5.924594
6672	-8212.4	-8463.814	251.4139	0.8119077	1.358128	6.651618
6678	-8203.499	-8455.351	251.852	0.9045342	1.69727	6.230481
6684	-8203.49	-8455.546	252.0557	0.8688193	1.481657	6.221512
6690	-8199.906	-8451.852	251.9457	0.9260479	1.481657	6.250175
6696	-8198.839	-8449.478	250.6393	0.8238542	1.464597	7.018841
6702	-8197.33	-8448.719	251.3887	0.9263258	1.663087	6.482538
6708	-8199.542	-8451.717	252.1749	0.8437708	1.524717	6.15312
6714	-8190.574	-8441.805	251.2303	0.8563506	1.520843	6.660144
6720	-8205.009	-8456.65	251.641	0.8905209	1.773093	6.325674
6726	-8209.333	-8460.612	251.2786	0.8905209	1.624646	6.575752
6732	-8205.203	-8456.435	251.2327	0.9088367	1.664996	6.575752
6738	-8201.279	-8451.86	250.5806	0.817153	1.750283	6.946795
6744	-8193.551	-8445.691	252.1398	0.8985503	1.711755	6.071838
6750	-8198.695	-8450.797	252.1019	0.9328136	1.711755	6.073811
6756	-8192.073	-8443.934	251.8602	0.9075764	1.592209	6.263417
6762	-8194.786	-8445.493	250.7078	0.8294389	1.342493	7.02979
6768	-8194.408	-8445.393	250.9854	0.8502708	1.662396	6.742059
6774	-8218.001	-8470.19	252.189	0.9433391	1.706998	6.022306
6780	-8208.192	-8459.571	251.3788	0.8353243	1.638243	6.546378
6786	-8207.883	-8459.876	251.9929	0.9173716	1.601151	6.182492
6792	-8201.054	-8452.499	251.4441	0.8927517	1.674618	6.466465
6798	-8212.986	-8464.22	251.234	0.8436843	1.482724	6.680107
6804	-8205.802	-8457.465	251.6625	0.8476242	1.693624	6.36559
6810	-8216.42	-8467.819	251.3998	0.8477059	1.73732	6.492335
6816	-8210.863	-8460.616	249.7533	0.7960625	1.795342	7.387201
6822	-8209.098	-8460.271	251.1729	0.8675646	1.477051	6.702476
6828	-8217.298	-8468.935	251.6372	0.8400419	1.639588	6.403271
6834	-8211.789	-8461.83	250.0414	0.8003533	1.514348	7.333059
6840	-8205.619	-8456.251	250.6319	0.8266052	1.527103	6.996584
6846	-8223.061	-8474.243	251.1822	0.862924	1.595305	6.65385
6852	-8208.792	-8460.006	251.2136	0.9037319	1.442357	6.674975
6858	-8215.318	-8465.567	250.249	0.8216876	1.588136	7.181797
6864	-8218.218	-8468.649	250.4302	0.8621451	1.605833	7.05592
6870	-8210.459	-8462.506	252.0477	0.9553413	1.812658	6.05547
6876	-8199.507	-8452.417	252.9098	0.872485	1.509676	5.742242
6882	-8204.477	-8456.442	251.9651	0.8566914	1.592195	6.234063
6888	-8220.649	-8472.456	251.8071	0.8836221	1.927179	6.186954
6894	-8208.73	-8461.089	252.3591	0.8951486	1.483911	6.041115
6900	-8196.587	-8447.58	250.9926	0.8036024	1.418178	6.858313
6906	-8196.763	-8447.249	250.4853	0.7579033	1.49519	7.124966
6912	-8200.039	-8450.271	250.2319	0.8294434	1.758505	7.124966
6918	-8197.237	-8447.967	250.7303	0.8297696	1.677161	6.88543
6924	-8199.561	-8450.102	250.5411	0.8232701	1.579647	7.027021
6930	-8196.639	-8447.505	250.8661	0.8300073	1.579647	6.848284
6936	-8198.357	-8450.608	252.2511	0.8300073	1.569774	6.10153
6942	-8209.555	-8460.512	250.9568	0.7670565	1.306305	6.945048
6948	-8204.696	-8456.232	251.5355	0.8225689	1.432379	6.548891
6954	-8200.386	-8451.808	251.4215	0.8784458	1.739462	6.46314
6960	-8195.922	-8449.097	253.1743	1.079552	1.739462	5.395983
6966	-8202.036	-8455.099	253.0624	1.013223	1.739462	5.494078
6972	-8205.846	-8457.656	251.8107	1.015872	1.724609	6.182522
6978	-8195.312	-8447.388	252.0759	0.9097434	1.576958	6.150755
6984	-8204.561	-8455.882	251.3212	0.87002	1.647694	6.555241
6990	-8203.787	-8453.39	249.6025	0.851571	1.816238	7.431167
6996	-8194.632	-8446.449	251.8172	0.9149978	1.577	6.288513
7002	-8197.385	-8448.164	250.779	0.7749211	1.762632	6.858307
7008	-8192.774	-8443.595	250.8212	0.852506	1.783962	6.786252
7014	-8191.574	-8442.276	250.7023	0.823847	1.533983	6.957465
7020	-8195.111	-8447.26	252.1491	0.8492087	1.468622	6.186672
7026	-8203.648	-8454.695	251.0466	0.808213	1.549127	6.774373
7032	-8208.395	-8460.335	251.9398	0.8754727	1.549127	6.254171
7038	-8221.266	-8472.014	250.7476	0.8389515	1.549127	6.919058
7044	-8212.694	-8463.46	250.7662	0.8096796	1.579339	6.913243
7050	-8204.427	-8455.153	250.7265	0.7987872	1.652289	6.913243
7056	-8196.115	-8447.62	251.5049	0.8534924	1.601448	6.482025
7062	-8199.108	-8450.479	251.3717	0.8684975	1.436242	6.61109
7068	-8194.723	-8447.209	252.4857	0.9158716	1.436242	5.98025
7074	-8189.624	-8442.816	253.1919	0.9557214	1.435598	5.572094
7080	-8205.466	-8457.252	251.7862	0.9557214	1.604574	6.272729
7086	-8198.128	-8449.933	251.8046	0.8766115	1.715548	6.264781
7092	-8201.714	-8452.597	250.8827	0.8822451	1.562405	6.817761
7098	-8204.665	-8456.294	251.6294	0.9076509	1.600745	6.385415
7104	-8193.847	-8446.009	252.1624	0.9076509	1.677752	6.066949
7110	-8196.12	-8447.657	251.5374	0.8227785	1.479998	6.528357
7116	-8198.282	-8449.841	251.5589	0.8309771	1.598454	6.466096
7122	-8193.01	-8444.233	251.2224	0.7964042	1.393663	6.748379
7128	-8202.44	-8453.478	251.0376	0.7898647	1.409493	6.845042
7134	-8195.169	-8446.089	250.9199	0.7783626	1.642945	6.823385
7140	-8208.1	-8458.207	250.1077	0.875721	1.566109	7.23702
7146	-8204.095	-8455.708	251.6129	0.899277	1.566109	6.412111
7152	-8200.762	-8452.114	251.3522	0.8575821	1.393286	6.645338
7158	-8197.523	-8448.654	251.131	0.8206461	1.304059	6.823218
7164	-8191.911	-8443.656	251.7446	0.8841538	1.517404	6.367868
7170	-8200.852	-8451.539	250.6864	0.8437606	1.205702	7.094885
7176	-8194.601	-8447.093	252.4921	0.8896786	1.651407	5.90662
